#
# A fatal error has been detected by the Java Runtime Environment:
#
#  SIGSEGV (0xb) at pc=0x00007fff7d1c76f2, pid=38943, tid=9987
#
# JRE version: OpenJDK Runtime Environment Temurin-17.0.10+7 (17.0.10+7) (build 17.0.10+7)
# Java VM: OpenJDK 64-Bit Server VM Temurin-17.0.10+7 (17.0.10+7, mixed mode, tiered, compressed oops, compressed class ptrs, parallel gc, bsd-amd64)
# Problematic frame:
# C  [libsystem_platform.dylib+0x16f2]  _platform_strlen+0x12
#
# No core dump will be written. Core dumps have been disabled. To enable core dumping, try "ulimit -c unlimited" before starting Java again
#
# If you would like to submit a bug report, please visit:
#   https://github.com/adoptium/adoptium-support/issues
# The crash happened outside the Java Virtual Machine in native code.
# See problematic frame for where to report the bug.
#

---------------  S U M M A R Y ------------

Command Line: --add-modules=ALL-SYSTEM --add-opens=java.base/java.util=ALL-UNNAMED --add-opens=java.base/java.lang=ALL-UNNAMED --add-opens=java.base/sun.nio.fs=ALL-UNNAMED -Declipse.application=org.eclipse.jdt.ls.core.id1 -Dosgi.bundles.defaultStartLevel=4 -Declipse.product=org.eclipse.jdt.ls.core.product -Djava.import.generatesMetadataFilesAtProjectRoot=false -DDetectVMInstallationsJob.disabled=true -Dfile.encoding=utf8 -XX:+UseParallelGC -XX:GCTimeRatio=4 -XX:AdaptiveSizePolicyWeight=90 -Dsun.zip.disableMemoryMapping=true -Xmx1G -Xms100m -Xlog:disable -javaagent:/Users/lynxbagel/.vscode/extensions/redhat.java-1.27.0-darwin-x64/lombok/lombok-1.18.31.jar -XX:+HeapDumpOnOutOfMemoryError -XX:HeapDumpPath=/Users/lynxbagel/Library/Application Support/Code/User/workspaceStorage/cba970f3cd11d1122543192a7190957f/redhat.java -Daether.dependencyCollector.impl=bf /Users/lynxbagel/.vscode/extensions/redhat.java-1.27.0-darwin-x64/server/plugins/org.eclipse.equinox.launcher_1.6.700.v20231214-2017.jar -configuration /Users/lynxbagel/Library/Application Support/Code/User/globalStorage/redhat.java/1.27.0/config_mac -data /Users/lynxbagel/Library/Application Support/Code/User/workspaceStorage/cba970f3cd11d1122543192a7190957f/redhat.java/jdt_ws --stdio

Host: "MacBookAir7,2" x86_64 1800 MHz, 4 cores, 8G, Darwin 18.7.0, macOS 10.14.6 (18G9323)
Time: Wed Feb  7 23:28:25 2024 EST elapsed time: 3.213380 seconds (0d 0h 0m 3s)

---------------  T H R E A D  ---------------

Current thread (0x00007ff08a006600):  JavaThread "main" [_thread_in_native, id=9987, stack(0x0000700007bb1000,0x0000700007cb1000)]

Stack: [0x0000700007bb1000,0x0000700007cb1000],  sp=0x0000700007caf470,  free space=1017k
Native frames: (J=compiled Java code, j=interpreted, Vv=VM code, C=native code)
C  [libsystem_platform.dylib+0x16f2]  _platform_strlen+0x12
C  [libobjc.A.dylib+0x2389]  _ZNK8objc_opt17objc_stringhash_t8getIndexEPKc+0x19
C  [libobjc.A.dylib+0x1f576]  _ZL15search_builtinsPKc+0x20
C  [libobjc.A.dylib+0x1f5c6]  _ZL18__sel_registerNamePKcbb+0x26
C  [libobjc.A.dylib+0xfe2a]  _ZL15fixupMethodListP13method_list_tbb+0x64
C  [libobjc.A.dylib+0x4ec5]  _ZL18prepareMethodListsP10objc_classPP13method_list_tibb+0x88
C  [libobjc.A.dylib+0x18fdf]  _ZL24realizeClassWithoutSwiftP10objc_class+0x6a2
C  [libobjc.A.dylib+0x1df49]  _ZL33realizeClassMaybeSwiftMaybeRelockP10objc_classR8mutex_ttILb0EEb+0x132
C  [libobjc.A.dylib+0x7641]  lookUpImpOrForward+0x95
C  [libobjc.A.dylib+0x7114]  _objc_msgSend_uncached+0x44
C  [eclipse_11900.so+0x7288]  dispatchMessages+0x58
C  [eclipse_11900.so+0x853b]  Java_org_eclipse_equinox_launcher_JNIBridge__1update_1splash+0xb
j  org.eclipse.equinox.launcher.JNIBridge._update_splash()V+0
j  org.eclipse.equinox.launcher.JNIBridge.updateSplash()Z+1
j  org.eclipse.equinox.launcher.JNIBridge.updateSplash()Z+19
j  org.eclipse.equinox.launcher.Main$SplashHandler.updateSplash()V+27
v  ~StubRoutines::call_stub
V  [libjvm.dylib+0x4f483a]  _ZN9JavaCalls11call_helperEP9JavaValueRK12methodHandleP17JavaCallArgumentsP10JavaThread+0x31a
V  [libjvm.dylib+0x8d2327]  _ZL6invokeP13InstanceKlassRK12methodHandle6Handleb14objArrayHandle9BasicTypeS5_bP10JavaThread+0xa27
V  [libjvm.dylib+0x8d18b2]  _ZN10Reflection13invoke_methodEP7oopDesc6Handle14objArrayHandleP10JavaThread+0x152
V  [libjvm.dylib+0x59fb83]  JVM_InvokeMethod+0x2f3
j  jdk.internal.reflect.NativeMethodAccessorImpl.invoke0(Ljava/lang/reflect/Method;Ljava/lang/Object;[Ljava/lang/Object;)Ljava/lang/Object;+0 java.base@17.0.10
j  jdk.internal.reflect.NativeMethodAccessorImpl.invoke(Ljava/lang/Object;[Ljava/lang/Object;)Ljava/lang/Object;+133 java.base@17.0.10
J 1029 c1 jdk.internal.reflect.DelegatingMethodAccessorImpl.invoke(Ljava/lang/Object;[Ljava/lang/Object;)Ljava/lang/Object; java.base@17.0.10 (10 bytes) @ 0x000000011b8cc44c [0x000000011b8cc340+0x000000000000010c]
J 1028 c1 java.lang.reflect.Method.invoke(Ljava/lang/Object;[Ljava/lang/Object;)Ljava/lang/Object; java.base@17.0.10 (65 bytes) @ 0x000000011b8cbebc [0x000000011b8cbb80+0x000000000000033c]
j  org.eclipse.core.runtime.internal.adaptor.DefaultStartupMonitor.update()V+16
j  org.eclipse.core.runtime.adaptor.EclipseStarter.updateSplash(Ljava/util/concurrent/Semaphore;Lorg/eclipse/core/runtime/adaptor/EclipseStarter$StartupEventListener;)V+40
j  org.eclipse.core.runtime.adaptor.EclipseStarter.refreshPackages([Lorg/osgi/framework/Bundle;)Z+74
j  org.eclipse.core.runtime.adaptor.EclipseStarter.loadBasicBundles()[Lorg/osgi/framework/Bundle;+168
j  org.eclipse.core.runtime.adaptor.EclipseStarter.startup([Ljava/lang/String;Ljava/lang/Runnable;)Lorg/osgi/framework/BundleContext;+153
j  org.eclipse.core.runtime.adaptor.EclipseStarter.run([Ljava/lang/String;Ljava/lang/Runnable;)Ljava/lang/Object;+21
v  ~StubRoutines::call_stub
V  [libjvm.dylib+0x4f483a]  _ZN9JavaCalls11call_helperEP9JavaValueRK12methodHandleP17JavaCallArgumentsP10JavaThread+0x31a
V  [libjvm.dylib+0x8d2327]  _ZL6invokeP13InstanceKlassRK12methodHandle6Handleb14objArrayHandle9BasicTypeS5_bP10JavaThread+0xa27
V  [libjvm.dylib+0x8d18b2]  _ZN10Reflection13invoke_methodEP7oopDesc6Handle14objArrayHandleP10JavaThread+0x152
V  [libjvm.dylib+0x59fb83]  JVM_InvokeMethod+0x2f3
j  jdk.internal.reflect.NativeMethodAccessorImpl.invoke0(Ljava/lang/reflect/Method;Ljava/lang/Object;[Ljava/lang/Object;)Ljava/lang/Object;+0 java.base@17.0.10
j  jdk.internal.reflect.NativeMethodAccessorImpl.invoke(Ljava/lang/Object;[Ljava/lang/Object;)Ljava/lang/Object;+133 java.base@17.0.10
j  jdk.internal.reflect.DelegatingMethodAccessorImpl.invoke(Ljava/lang/Object;[Ljava/lang/Object;)Ljava/lang/Object;+6 java.base@17.0.10
j  java.lang.reflect.Method.invoke(Ljava/lang/Object;[Ljava/lang/Object;)Ljava/lang/Object;+59 java.base@17.0.10
j  org.eclipse.equinox.launcher.Main.invokeFramework([Ljava/lang/String;[Ljava/net/URL;)V+202
j  org.eclipse.equinox.launcher.Main.basicRun([Ljava/lang/String;)V+159
j  org.eclipse.equinox.launcher.Main.run([Ljava/lang/String;)I+4
j  org.eclipse.equinox.launcher.Main.main([Ljava/lang/String;)V+10
v  ~StubRoutines::call_stub
V  [libjvm.dylib+0x4f483a]  _ZN9JavaCalls11call_helperEP9JavaValueRK12methodHandleP17JavaCallArgumentsP10JavaThread+0x31a
V  [libjvm.dylib+0x5583fb]  _ZL17jni_invoke_staticP7JNIEnv_P9JavaValueP8_jobject11JNICallTypeP10_jmethodIDP18JNI_ArgumentPusherP10JavaThread+0x16b
V  [libjvm.dylib+0x55b716]  jni_CallStaticVoidMethod+0x186
C  [libjli.dylib+0xc89d]  JavaMain+0x5cd
C  [libjli.dylib+0xf649]  ThreadJavaMain+0x9
C  [libsystem_pthread.dylib+0x32eb]  _pthread_body+0x7e
C  [libsystem_pthread.dylib+0x6249]  _pthread_start+0x42
C  [libsystem_pthread.dylib+0x240d]  thread_start+0xd

Java frames: (J=compiled Java code, j=interpreted, Vv=VM code)
j  org.eclipse.equinox.launcher.JNIBridge._update_splash()V+0
j  org.eclipse.equinox.launcher.JNIBridge.updateSplash()Z+1
j  org.eclipse.equinox.launcher.JNIBridge.updateSplash()Z+19
j  org.eclipse.equinox.launcher.Main$SplashHandler.updateSplash()V+27
v  ~StubRoutines::call_stub
j  jdk.internal.reflect.NativeMethodAccessorImpl.invoke0(Ljava/lang/reflect/Method;Ljava/lang/Object;[Ljava/lang/Object;)Ljava/lang/Object;+0 java.base@17.0.10
j  jdk.internal.reflect.NativeMethodAccessorImpl.invoke(Ljava/lang/Object;[Ljava/lang/Object;)Ljava/lang/Object;+133 java.base@17.0.10
J 1029 c1 jdk.internal.reflect.DelegatingMethodAccessorImpl.invoke(Ljava/lang/Object;[Ljava/lang/Object;)Ljava/lang/Object; java.base@17.0.10 (10 bytes) @ 0x000000011b8cc44c [0x000000011b8cc340+0x000000000000010c]
J 1028 c1 java.lang.reflect.Method.invoke(Ljava/lang/Object;[Ljava/lang/Object;)Ljava/lang/Object; java.base@17.0.10 (65 bytes) @ 0x000000011b8cbebc [0x000000011b8cbb80+0x000000000000033c]
j  org.eclipse.core.runtime.internal.adaptor.DefaultStartupMonitor.update()V+16
j  org.eclipse.core.runtime.adaptor.EclipseStarter.updateSplash(Ljava/util/concurrent/Semaphore;Lorg/eclipse/core/runtime/adaptor/EclipseStarter$StartupEventListener;)V+40
j  org.eclipse.core.runtime.adaptor.EclipseStarter.refreshPackages([Lorg/osgi/framework/Bundle;)Z+74
j  org.eclipse.core.runtime.adaptor.EclipseStarter.loadBasicBundles()[Lorg/osgi/framework/Bundle;+168
j  org.eclipse.core.runtime.adaptor.EclipseStarter.startup([Ljava/lang/String;Ljava/lang/Runnable;)Lorg/osgi/framework/BundleContext;+153
j  org.eclipse.core.runtime.adaptor.EclipseStarter.run([Ljava/lang/String;Ljava/lang/Runnable;)Ljava/lang/Object;+21
v  ~StubRoutines::call_stub
j  jdk.internal.reflect.NativeMethodAccessorImpl.invoke0(Ljava/lang/reflect/Method;Ljava/lang/Object;[Ljava/lang/Object;)Ljava/lang/Object;+0 java.base@17.0.10
j  jdk.internal.reflect.NativeMethodAccessorImpl.invoke(Ljava/lang/Object;[Ljava/lang/Object;)Ljava/lang/Object;+133 java.base@17.0.10
j  jdk.internal.reflect.DelegatingMethodAccessorImpl.invoke(Ljava/lang/Object;[Ljava/lang/Object;)Ljava/lang/Object;+6 java.base@17.0.10
j  java.lang.reflect.Method.invoke(Ljava/lang/Object;[Ljava/lang/Object;)Ljava/lang/Object;+59 java.base@17.0.10
j  org.eclipse.equinox.launcher.Main.invokeFramework([Ljava/lang/String;[Ljava/net/URL;)V+202
j  org.eclipse.equinox.launcher.Main.basicRun([Ljava/lang/String;)V+159
j  org.eclipse.equinox.launcher.Main.run([Ljava/lang/String;)I+4
j  org.eclipse.equinox.launcher.Main.main([Ljava/lang/String;)V+10
v  ~StubRoutines::call_stub

siginfo: si_signo: 11 (SIGSEGV), si_code: 1 (SEGV_MAPERR), si_addr: 0x0000119e00005920

Registers:
RAX=0x0000119e00005920, RBX=0x00007fff7b82a7d0, RCX=0x0000119e00005920, RDX=0x0000119e00005920
RSP=0x0000700007caf470, RBP=0x0000700007caf470, RSI=0x0000119e00005920, RDI=0x0000119e00005920
R8 =0x0000000000000001, R9 =0x00000000f8ffffff, R10=0x00007ff089d00000, R11=0x0000000000000005
R12=0x0000119e00005920, R13=0x000000008000000c, R14=0x0000119e00005920, R15=0x00007fff7b82a7d0
RIP=0x00007fff7d1c76f2, EFLAGS=0x0000000000010202, ERR=0x0000000000000004
  TRAPNO=0x000000000000000e


Register to memory mapping:

RAX=0x0000119e00005920 is an unknown value
RBX=0x00007fff7b82a7d0: _objc_opt_data+0x3af8 in /usr/lib/libobjc.A.dylib at 0x00007fff7b7fb000
RCX=0x0000119e00005920 is an unknown value
RDX=0x0000119e00005920 is an unknown value
RSP=0x0000700007caf470 is pointing into the stack for thread: 0x00007ff08a006600
RBP=0x0000700007caf470 is pointing into the stack for thread: 0x00007ff08a006600
RSI=0x0000119e00005920 is an unknown value
RDI=0x0000119e00005920 is an unknown value
R8 =0x0000000000000001 is an unknown value
R9 =0x00000000f8ffffff is an unknown value
R10=0x00007ff089d00000 points into unknown readable memory: 0x0000000080888000 | 00 80 88 80 00 00 00 00
R11=0x0000000000000005 is an unknown value
R12=0x0000119e00005920 is an unknown value
R13=0x000000008000000c is an unknown value
R14=0x0000119e00005920 is an unknown value
R15=0x00007fff7b82a7d0: _objc_opt_data+0x3af8 in /usr/lib/libobjc.A.dylib at 0x00007fff7b7fb000


Top of Stack: (sp=0x0000700007caf470)
0x0000700007caf470:   0000700007caf4a0 00007fff7b7fd389
0x0000700007caf480:   00007fff7b82a7d0 0000119e00005920
0x0000700007caf490:   0000000000000000 0000000000000001
0x0000700007caf4a0:   0000700007caf4c0 00007fff7b81a576
0x0000700007caf4b0:   0000000000000001 0000000000000001
0x0000700007caf4c0:   0000700007caf510 00007fff7b81a5c6
0x0000700007caf4d0:   00007fffabb305b0 00007fffb373a000
0x0000700007caf4e0:   77509ba7a274000b 00007ffffffffff8
0x0000700007caf4f0:   0000000000000001 0000000080000024
0x0000700007caf500:   0000000114fe0c68 0000000000000000
0x0000700007caf510:   0000700007caf570 00007fff7b80ae2a
0x0000700007caf520:   0000000000000305 00007fffb33ea0f0
0x0000700007caf530:   00007fffabc515a8 00007fffabb305b0
0x0000700007caf540:   0000700000000001 0000000114fe0c68
0x0000700007caf550:   0000000000000000 00007ff089d98100
0x0000700007caf560:   0000700007caf500 0000000000000008
0x0000700007caf570:   0000700007caf5c0 00007fff7b7ffec5
0x0000700007caf580:   0000700007caf5d0 00000001abc515a8
0x0000700007caf590:   0000000114fe6680 00007ff089d98110
0x0000700007caf5a0:   0000000020000001 00007ffffffffff8
0x0000700007caf5b0:   0000700007caf5d0 0000000114fe62e8
0x0000700007caf5c0:   0000700007caf640 00007fff7b813fdf
0x0000700007caf5d0:   0000000114fe0c68 0000000000000000
0x0000700007caf5e0:   0000000000000000 0000000114fe6680
0x0000700007caf5f0:   0000000000000000 00007ff089d98110
0x0000700007caf600:   0000000114fe6680 0000000114fe62e8
0x0000700007caf610:   00007fffabc515a8 0000000114fe6680
0x0000700007caf620:   0000000000000000 0000000000000001
0x0000700007caf630:   0000000000000001 00007fff4f1a0f57
0x0000700007caf640:   0000700007caf670 00007fff7b818f49
0x0000700007caf650:   0000000114fe62e8 0000000114fe6680
0x0000700007caf660:   0000000114fe6658 00007fff4f1a0f57 

Instructions: (pc=0x00007fff7d1c76f2)
0x00007fff7d1c75f2:   0d 81 7d 57 36 80 3a 00 48 8d 52 01 75 a7 eb 0b
0x00007fff7d1c7602:   48 c7 05 6b 7d 57 36 00 00 00 00 48 89 c3 48 83
0x00007fff7d1c7612:   c3 fc 48 89 c7 e8 c4 00 00 00 48 8d 70 04 48 89
0x00007fff7d1c7622:   df e8 a2 5f 00 00 48 83 3d 48 7d 57 36 00 75 11
0x00007fff7d1c7632:   48 b8 00 10 e0 ff ff 7f 00 00 48 89 05 35 7d 57
0x00007fff7d1c7642:   36 48 83 c4 08 5b 5d c3 55 48 89 e5 41 57 41 56
0x00007fff7d1c7652:   41 54 53 49 89 f7 48 89 fb 48 89 f7 e8 7d 00 00
0x00007fff7d1c7662:   00 48 85 db 74 43 48 8b 3b 48 85 ff 74 3b 49 89
0x00007fff7d1c7672:   c4 45 31 f6 e8 65 00 00 00 4c 39 e0 72 1c 48 8b
0x00007fff7d1c7682:   3b 4c 89 fe 4c 89 e2 e8 b2 00 00 00 85 c0 75 0a
0x00007fff7d1c7692:   48 8b 03 42 80 3c 20 3d 74 1e 48 8b 7b 08 48 83
0x00007fff7d1c76a2:   c3 08 48 85 ff 75 cd eb 03 45 31 f6 4c 89 f0 5b
0x00007fff7d1c76b2:   41 5c 41 5e 41 5f 5d c3 4e 8d 74 20 01 eb ed 90
0x00007fff7d1c76c2:   90 90 90 90 90 90 90 90 90 90 90 90 90 90 90 90
0x00007fff7d1c76d2:   90 90 90 90 90 90 90 90 90 90 90 90 90 90 55 48
0x00007fff7d1c76e2:   89 e5 48 89 f9 48 89 fa 48 83 e7 f0 66 0f ef c0
0x00007fff7d1c76f2:   66 0f 74 07 66 0f d7 f0 48 83 e1 0f 48 83 c8 ff
0x00007fff7d1c7702:   48 d3 e0 21 c6 74 17 0f bc c6 48 29 d7 48 01 f8
0x00007fff7d1c7712:   5d c3 66 2e 0f 1f 84 00 00 00 00 00 66 90 48 83
0x00007fff7d1c7722:   c7 10 66 0f ef c0 66 0f 74 07 66 0f d7 f0 85 f6
0x00007fff7d1c7732:   74 ec eb d3 90 90 90 90 90 90 90 90 90 90 55 48
0x00007fff7d1c7742:   89 e5 48 31 c0 48 31 c9 48 83 fa 20 0f 82 1f 01
0x00007fff7d1c7752:   00 00 48 f7 c7 0f 00 00 00 74 1d 48 0f b6 07 4c
0x00007fff7d1c7762:   0f b6 06 4c 29 c0 0f 85 0a 01 00 00 48 ff c7 48
0x00007fff7d1c7772:   ff c6 48 83 ea 01 eb da 48 f7 c6 0f 00 00 00 0f
0x00007fff7d1c7782:   84 89 00 00 00 49 89 f1 49 f7 d9 49 81 e1 f0 0f
0x00007fff7d1c7792:   00 00 74 40 66 2e 0f 1f 84 00 00 00 00 00 49 89
0x00007fff7d1c77a2:   d2 4d 29 ca 76 68 66 0f 6f 04 0f f3 0f 6f 0c 0e
0x00007fff7d1c77b2:   66 0f 74 c1 66 0f d7 c0 3d ff ff 00 00 75 7a 48
0x00007fff7d1c77c2:   83 c1 10 4c 39 c9 75 de 4c 89 d2 4c 01 cf 4c 01
0x00007fff7d1c77d2:   ce 48 31 c9 48 0f b6 07 4c 0f b6 06 4c 29 c0 0f
0x00007fff7d1c77e2:   85 91 00 00 00 48 ff c7 48 ff c6 48 83 ea 01 0f 


Stack slot to memory mapping:
stack at sp + 0 slots: 0x0000700007caf4a0 is pointing into the stack for thread: 0x00007ff08a006600
stack at sp + 1 slots: 0x00007fff7b7fd389: _ZNK8objc_opt17objc_stringhash_t8getIndexEPKc+0x19 in /usr/lib/libobjc.A.dylib at 0x00007fff7b7fb000
stack at sp + 2 slots: 0x00007fff7b82a7d0: _objc_opt_data+0x3af8 in /usr/lib/libobjc.A.dylib at 0x00007fff7b7fb000
stack at sp + 3 slots: 0x0000119e00005920 is an unknown value
stack at sp + 4 slots: 0x0 is NULL
stack at sp + 5 slots: 0x0000000000000001 is an unknown value
stack at sp + 6 slots: 0x0000700007caf4c0 is pointing into the stack for thread: 0x00007ff08a006600
stack at sp + 7 slots: 0x00007fff7b81a576: _ZL15search_builtinsPKc+0x20 in /usr/lib/libobjc.A.dylib at 0x00007fff7b7fb000


Compiled method (c1)    3253 1029       3       jdk.internal.reflect.DelegatingMethodAccessorImpl::invoke (10 bytes)
 total in heap  [0x000000011b8cc190,0x000000011b8cc5b0] = 1056
 relocation     [0x000000011b8cc2f0,0x000000011b8cc330] = 64
 main code      [0x000000011b8cc340,0x000000011b8cc4e0] = 416
 stub code      [0x000000011b8cc4e0,0x000000011b8cc520] = 64
 metadata       [0x000000011b8cc520,0x000000011b8cc528] = 8
 scopes data    [0x000000011b8cc528,0x000000011b8cc548] = 32
 scopes pcs     [0x000000011b8cc548,0x000000011b8cc598] = 80
 dependencies   [0x000000011b8cc598,0x000000011b8cc5a0] = 8
 nul chk table  [0x000000011b8cc5a0,0x000000011b8cc5b0] = 16

[Constant Pool (empty)]

[MachCode]
[Entry Point]
  # {method} {0x00000001152b41c0} 'invoke' '(Ljava/lang/Object;[Ljava/lang/Object;)Ljava/lang/Object;' in 'jdk/internal/reflect/DelegatingMethodAccessorImpl'
  # this:     rsi:rsi   = 'jdk/internal/reflect/DelegatingMethodAccessorImpl'
  # parm0:    rdx:rdx   = 'java/lang/Object'
  # parm1:    rcx:rcx   = '[Ljava/lang/Object;'
  #           [sp+0x40]  (sp of caller)
  0x000000011b8cc340: 448b 5608 | 49bb 0000 | 0000 0800 | 0000 4d03 | d34c 3bd0 

  0x000000011b8cc354: ;   {runtime_call ic_miss_stub}
  0x000000011b8cc354: 0f85 2687 | 3d07 660f | 1f44 0000 
[Verified Entry Point]
  0x000000011b8cc360: 8984 2400 | c0fe ff55 | 4883 ec30 

  0x000000011b8cc36c: ;   {metadata(method data for {method} {0x00000001152b41c0} 'invoke' '(Ljava/lang/Object;[Ljava/lang/Object;)Ljava/lang/Object;' in 'jdk/internal/reflect/DelegatingMethodAccessorImpl')}
  0x000000011b8cc36c: 48bf c8b3 | b215 0100 | 0000 8b9f | ac00 0000 | 83c3 0289 | 9fac 0000 | 0081 e3fe | 0700 0083 
  0x000000011b8cc38c: fb00 0f84 | cb00 0000 | 8b76 0c48 | c1e6 0348 | 3b06 488b 

  0x000000011b8cc3a0: ;   {metadata(method data for {method} {0x00000001152b41c0} 'invoke' '(Ljava/lang/Object;[Ljava/lang/Object;)Ljava/lang/Object;' in 'jdk/internal/reflect/DelegatingMethodAccessorImpl')}
  0x000000011b8cc3a0: fe48 bbc8 | b3b2 1501 | 0000 008b | 7f08 49ba | 0000 0000 | 0800 0000 | 4903 fa48 | 3bbb 0001 
  0x000000011b8cc3c0: 0000 750d | 4883 8308 | 0100 0001 | e966 0000 | 0048 3bbb | 1001 0000 | 750d 4883 | 8318 0100 
  0x000000011b8cc3e0: 0001 e950 | 0000 0048 | 81bb 0001 | 0000 0000 | 0000 7517 | 4889 bb00 | 0100 0048 | c783 0801 
  0x000000011b8cc400: 0000 0100 | 0000 e92c | 0000 0048 | 81bb 1001 | 0000 0000 | 0000 7517 | 4889 bb10 | 0100 0048 
  0x000000011b8cc420: c783 1801 | 0000 0100 | 0000 e908 | 0000 0048 | 8383 f000 | 0000 0166 | 0f1f 4400 | 0048 b850 
  0x000000011b8cc440: 1cfb 89f0 

  0x000000011b8cc444: ;   {virtual_call}
  0x000000011b8cc444: 7f00 00e8 

  0x000000011b8cc448: ; ImmutableOopMap {}
                      ;*invokevirtual invoke {reexecute=0 rethrow=0 return_oop=0}
                      ; - jdk.internal.reflect.DelegatingMethodAccessorImpl::invoke@6
  0x000000011b8cc448: 6052 3d07 | 4883 c430 

  0x000000011b8cc450: ;   {poll_return}
  0x000000011b8cc450: 5d49 3ba7 | 4803 0000 | 0f87 2700 

  0x000000011b8cc45c: ;   {metadata({method} {0x00000001152b41c0} 'invoke' '(Ljava/lang/Object;[Ljava/lang/Object;)Ljava/lang/Object;' in 'jdk/internal/reflect/DelegatingMethodAccessorImpl')}
  0x000000011b8cc45c: 0000 c349 | bac0 412b | 1501 0000 | 004c 8954 | 2408 48c7 | 0424 ffff 

  0x000000011b8cc474: ;   {runtime_call counter_overflow Runtime1 stub}
  0x000000011b8cc474: ffff e885 

  0x000000011b8cc478: ; ImmutableOopMap {rsi=Oop rdx=Oop rcx=Oop }
                      ;*synchronization entry
                      ; - jdk.internal.reflect.DelegatingMethodAccessorImpl::invoke@-1
  0x000000011b8cc478: 1048 07e9 | 14ff ffff 

  0x000000011b8cc480: ;   {runtime_call throw_null_pointer_exception Runtime1 stub}
  0x000000011b8cc480: e81b e03e 

  0x000000011b8cc484: ; ImmutableOopMap {rdx=Oop rcx=Oop rsi=Oop }
                      ;*invokevirtual invoke {reexecute=0 rethrow=0 return_oop=0}
                      ; - jdk.internal.reflect.DelegatingMethodAccessorImpl::invoke@6
                      ;   {internal_word}
  0x000000011b8cc484: 0749 ba51 | c48c 1b01 | 0000 004d | 8997 6003 

  0x000000011b8cc494: ;   {runtime_call SafepointBlob}
  0x000000011b8cc494: 0000 e965 | ef3d 0790 | 9049 8b87 | d803 0000 | 49c7 87d8 | 0300 0000 | 0000 0049 | c787 e003 
  0x000000011b8cc4b4: 0000 0000 | 0000 4883 

  0x000000011b8cc4bc: ;   {runtime_call unwind_exception Runtime1 stub}
  0x000000011b8cc4bc: c430 5de9 | bcee 3e07 | f4f4 f4f4 | f4f4 f4f4 | f4f4 f4f4 | f4f4 f4f4 | f4f4 f4f4 | f4f4 f4f4 
  0x000000011b8cc4dc: f4f4 f4f4 
[Stub Code]
  0x000000011b8cc4e0: ;   {no_reloc}
  0x000000011b8cc4e0: 0f1f 4400 

  0x000000011b8cc4e4: ;   {static_stub}
  0x000000011b8cc4e4: 0048 bb00 | 0000 0000 

  0x000000011b8cc4ec: ;   {runtime_call}
  0x000000011b8cc4ec: 0000 00e9 | fbff ffff 
[Exception Handler]
  0x000000011b8cc4f4: ;   {runtime_call handle_exception_from_callee Runtime1 stub}
  0x000000011b8cc4f4: e887 c13e 

  0x000000011b8cc4f8: ;   {external_word}
  0x000000011b8cc4f8: 0748 bfd3 | 662a 0e01 | 0000 0048 

  0x000000011b8cc504: ;   {runtime_call _ZN14MacroAssembler7debug64EPcxPx}
  0x000000011b8cc504: 83e4 f0e8 | b45c 5ff2 

  0x000000011b8cc50c: ;   {section_word}
  0x000000011b8cc50c: f449 ba0d | c58c 1b01 | 0000 0041 

  0x000000011b8cc518: ;   {runtime_call DeoptimizationBlob}
  0x000000011b8cc518: 52e9 82e1 | 3d07 f4f4 
[/MachCode]


Compiled method (c1)    3262 1028       3       java.lang.reflect.Method::invoke (65 bytes)
 total in heap  [0x000000011b8cb990,0x000000011b8cc120] = 1936
 relocation     [0x000000011b8cbaf0,0x000000011b8cbb70] = 128
 main code      [0x000000011b8cbb80,0x000000011b8cbf60] = 992
 stub code      [0x000000011b8cbf60,0x000000011b8cbfd0] = 112
 metadata       [0x000000011b8cbfd0,0x000000011b8cbfe8] = 24
 scopes data    [0x000000011b8cbfe8,0x000000011b8cc060] = 120
 scopes pcs     [0x000000011b8cc060,0x000000011b8cc100] = 160
 dependencies   [0x000000011b8cc100,0x000000011b8cc108] = 8
 nul chk table  [0x000000011b8cc108,0x000000011b8cc120] = 24

[Constant Pool (empty)]

[MachCode]
[Entry Point]
  # {method} {0x0000000115059808} 'invoke' '(Ljava/lang/Object;[Ljava/lang/Object;)Ljava/lang/Object;' in 'java/lang/reflect/Method'
  # this:     rsi:rsi   = 'java/lang/reflect/Method'
  # parm0:    rdx:rdx   = 'java/lang/Object'
  # parm1:    rcx:rcx   = '[Ljava/lang/Object;'
  #           [sp+0x80]  (sp of caller)
  0x000000011b8cbb80: 448b 5608 | 49bb 0000 | 0000 0800 | 0000 4d03 | d34c 3bd0 

  0x000000011b8cbb94: ;   {runtime_call ic_miss_stub}
  0x000000011b8cbb94: 0f85 e68e | 3d07 660f | 1f44 0000 
[Verified Entry Point]
  0x000000011b8cbba0: 8984 2400 | c0fe ff55 | 4883 ec70 | 4889 7424 | 4848 8954 

  0x000000011b8cbbb4: ;   {metadata(method data for {method} {0x0000000115059808} 'invoke' '(Ljava/lang/Object;[Ljava/lang/Object;)Ljava/lang/Object;' in 'java/lang/reflect/Method')}
  0x000000011b8cbbb4: 2450 48bf | 10b1 b215 | 0100 0000 | 8b9f ac00 | 0000 83c3 | 0289 9fac | 0000 0081 | e3fe 0700 
  0x000000011b8cbbd4: 0083 fb00 | 0f84 f102 | 0000 0fbe | 7e0c 83ff 

  0x000000011b8cbbe4: ;   {metadata(method data for {method} {0x0000000115059808} 'invoke' '(Ljava/lang/Object;[Ljava/lang/Object;)Ljava/lang/Object;' in 'java/lang/reflect/Method')}
  0x000000011b8cbbe4: 0048 bf10 | b1b2 1501 | 0000 0048 | bbf0 0000 | 0000 0000 | 000f 850a | 0000 0048 | bb00 0100 
  0x000000011b8cbc04: 0000 0000 | 0048 8b04 | 1f48 8d40 | 0148 8904 | 1f48 894c | 2458 0f85 | 8101 0000 

  0x000000011b8cbc20: ;   {metadata(method data for {method} {0x0000000115059808} 'invoke' '(Ljava/lang/Object;[Ljava/lang/Object;)Ljava/lang/Object;' in 'java/lang/reflect/Method')}
  0x000000011b8cbc20: 48bf 10b1 | b215 0100 | 0000 4883 | 8710 0100 | 0001 0f1f 

  0x000000011b8cbc34: ;   {static_call}
  0x000000011b8cbc34: 4400 00e8 

  0x000000011b8cbc38: ; ImmutableOopMap {[88]=Oop [80]=Oop [72]=Oop }
                      ;*invokestatic getCallerClass {reexecute=0 rethrow=0 return_oop=0}
                      ; - java.lang.reflect.Method::invoke@7
  0x000000011b8cbc38: 8413 9407 | 488b 7424 | 488b 4e24 | 48c1 e103 | 448b 4e20 

  0x000000011b8cbc4c: ;   {metadata(method data for {method} {0x0000000115059808} 'invoke' '(Ljava/lang/Object;[Ljava/lang/Object;)Ljava/lang/Object;' in 'java/lang/reflect/Method')}
  0x000000011b8cbc4c: 48ba 10b1 | b215 0100 | 0000 4883 | 8220 0100 

  0x000000011b8cbc5c: ;   {metadata(method data for {method} {0x0000000115209c38} 'isStatic' '(I)Z' in 'java/lang/reflect/Modifier')}
  0x000000011b8cbc5c: 0001 48ba | 38b9 9415 | 0100 0000 | 448b 82ac | 0000 0041 | 83c0 0244 | 8982 ac00 | 0000 4181 
  0x000000011b8cbc7c: e0fe ff1f | 0041 83f8 | 000f 8465 | 0200 0049 | 8bd1 83e2 | 0883 fa00 

  0x000000011b8cbc94: ;   {metadata(method data for {method} {0x0000000115209c38} 'isStatic' '(I)Z' in 'java/lang/reflect/Modifier')}
  0x000000011b8cbc94: 48ba 38b9 | 9415 0100 | 0000 49b8 | f000 0000 | 0000 0000 | 0f84 0a00 | 0000 49b8 | 0001 0000 
  0x000000011b8cbcb4: 0000 0000 | 4a8b 3c02 | 488d 7f01 | 4a89 3c02 | 0f84 1a00 

  0x000000011b8cbcc8: ;   {metadata(method data for {method} {0x0000000115209c38} 'isStatic' '(I)Z' in 'java/lang/reflect/Modifier')}
  0x000000011b8cbcc8: 0000 48ba | 38b9 9415 | 0100 0000 | ff82 1001 | 0000 ba01 | 0000 00e9 | 0500 0000 | ba00 0000 
  0x000000011b8cbce8: 0083 e201 

  0x000000011b8cbcec: ;   {metadata(method data for {method} {0x0000000115059808} 'invoke' '(Ljava/lang/Object;[Ljava/lang/Object;)Ljava/lang/Object;' in 'java/lang/reflect/Method')}
  0x000000011b8cbcec: 83fa 0048 | ba10 b1b2 | 1501 0000 | 0049 b830 | 0100 0000 | 0000 000f | 840a 0000 | 0049 b840 
  0x000000011b8cbd0c: 0100 0000 | 0000 004a | 8b3c 0248 | 8d7f 014a | 893c 020f | 841f 0000 

  0x000000011b8cbd24: ;   {metadata(method data for {method} {0x0000000115059808} 'invoke' '(Ljava/lang/Object;[Ljava/lang/Object;)Ljava/lang/Object;' in 'java/lang/reflect/Method')}
  0x000000011b8cbd24: 0048 ba10 | b1b2 1501 | 0000 00ff | 8250 0100 

  0x000000011b8cbd34: ;   {oop(NULL)}
  0x000000011b8cbd34: 0049 b800 | 0000 0000 | 0000 00e9 | 3500 0000 | 488b 5424 | 5048 3b02 

  0x000000011b8cbd4c: ;   {metadata(method data for {method} {0x0000000115059808} 'invoke' '(Ljava/lang/Object;[Ljava/lang/Object;)Ljava/lang/Object;' in 'java/lang/reflect/Method')}
  0x000000011b8cbd4c: 4c8b c248 | bf10 b1b2 | 1501 0000 | 0048 8387 | 6801 0000 | 0144 8b42 | 0849 ba00 | 0000 0008 
  0x000000011b8cbd6c: 0000 004d | 03c2 4d8b | 4070 4d8b | 0048 8bfe 

  0x000000011b8cbd7c: ;   {metadata(method data for {method} {0x0000000115059808} 'invoke' '(Ljava/lang/Object;[Ljava/lang/Object;)Ljava/lang/Object;' in 'java/lang/reflect/Method')}
  0x000000011b8cbd7c: 48bb 10b1 | b215 0100 | 0000 4883 | 83a0 0100 | 0001 488b | d048 8bde 

  0x000000011b8cbd94: ;   {optimized virtual_call}
  0x000000011b8cbd94: 488b f3e8 

  0x000000011b8cbd98: ; ImmutableOopMap {[88]=Oop [80]=Oop [72]=Oop }
                      ;*invokevirtual checkAccess {reexecute=0 rethrow=0 return_oop=0}
                      ; - java.lang.reflect.Method::invoke@39
  0x000000011b8cbd98: e4d6 ffff | 488b 7424 | 488b 7e4c | 48c1 e703 | 4883 ff00 

  0x000000011b8cbdac: ;   {metadata(method data for {method} {0x0000000115059808} 'invoke' '(Ljava/lang/Object;[Ljava/lang/Object;)Ljava/lang/Object;' in 'java/lang/reflect/Method')}
  0x000000011b8cbdac: 48bb 10b1 | b215 0100 | 0000 48b8 | d801 0000 | 0000 0000 | 0f85 0a00 | 0000 48b8 | e801 0000 
  0x000000011b8cbdcc: 0000 0000 | 488b 1403 | 488d 5201 | 4889 1403 | 0f85 1d00 | 0000 488b 

  0x000000011b8cbde4: ;   {metadata(method data for {method} {0x0000000115059808} 'invoke' '(Ljava/lang/Object;[Ljava/lang/Object;)Ljava/lang/Object;' in 'java/lang/reflect/Method')}
  0x000000011b8cbde4: fe48 bb10 | b1b2 1501 | 0000 0048 | 8383 f801 

  0x000000011b8cbdf4: ;   {optimized virtual_call}
  0x000000011b8cbdf4: 0000 01e8 

  0x000000011b8cbdf8: ; ImmutableOopMap {[88]=Oop [80]=Oop }
                      ;*invokevirtual acquireMethodAccessor {reexecute=0 rethrow=0 return_oop=0}
                      ; - java.lang.reflect.Method::invoke@52
  0x000000011b8cbdf8: 8901 0000 | 488b f848 | 8b4c 2458 | 488b 5424 | 5048 3b07 

  0x000000011b8cbe0c: ;   {metadata(method data for {method} {0x0000000115059808} 'invoke' '(Ljava/lang/Object;[Ljava/lang/Object;)Ljava/lang/Object;' in 'java/lang/reflect/Method')}
  0x000000011b8cbe0c: 488b f748 | bb10 b1b2 | 1501 0000 | 008b 7608 | 49ba 0000 | 0000 0800 | 0000 4903 | f248 3bb3 
  0x000000011b8cbe2c: 4002 0000 | 750d 4883 | 8348 0200 | 0001 e966 | 0000 0048 | 3bb3 5002 | 0000 750d | 4883 8358 
  0x000000011b8cbe4c: 0200 0001 | e950 0000 | 0048 81bb | 4002 0000 | 0000 0000 | 7517 4889 | b340 0200 | 0048 c783 
  0x000000011b8cbe6c: 4802 0000 | 0100 0000 | e92c 0000 | 0048 81bb | 5002 0000 | 0000 0000 | 7517 4889 | b350 0200 
  0x000000011b8cbe8c: 0048 c783 | 5802 0000 | 0100 0000 | e908 0000 | 0048 8383 | 3002 0000 | 0148 8bf7 | 0f1f 4400 
  0x000000011b8cbeac: 0048 b8a0 | 6402 0008 

  0x000000011b8cbeb4: ;   {virtual_call}
  0x000000011b8cbeb4: 0000 00e8 

  0x000000011b8cbeb8: ; ImmutableOopMap {}
                      ;*invokeinterface invoke {reexecute=0 rethrow=0 return_oop=0}
                      ; - java.lang.reflect.Method::invoke@59
  0x000000011b8cbeb8: 8404 0000 | 4883 c470 

  0x000000011b8cbec0: ;   {poll_return}
  0x000000011b8cbec0: 5d49 3ba7 | 4803 0000 | 0f87 4d00 

  0x000000011b8cbecc: ;   {metadata({method} {0x0000000115059808} 'invoke' '(Ljava/lang/Object;[Ljava/lang/Object;)Ljava/lang/Object;' in 'java/lang/reflect/Method')}
  0x000000011b8cbecc: 0000 c349 | ba08 9805 | 1501 0000 | 004c 8954 | 2408 48c7 | 0424 ffff 

  0x000000011b8cbee4: ;   {runtime_call counter_overflow Runtime1 stub}
  0x000000011b8cbee4: ffff e815 

  0x000000011b8cbee8: ; ImmutableOopMap {rsi=Oop [72]=Oop rdx=Oop [80]=Oop rcx=Oop }
                      ;*synchronization entry
                      ; - java.lang.reflect.Method::invoke@-1
  0x000000011b8cbee8: 1648 07e9 | eefc ffff 

  0x000000011b8cbef0: ;   {metadata({method} {0x0000000115209c38} 'isStatic' '(I)Z' in 'java/lang/reflect/Modifier')}
  0x000000011b8cbef0: 49ba 389c | 2015 0100 | 0000 4c89 | 5424 0848 | c704 24ff 

  0x000000011b8cbf04: ;   {runtime_call counter_overflow Runtime1 stub}
  0x000000011b8cbf04: ffff ffe8 

  0x000000011b8cbf08: ; ImmutableOopMap {[88]=Oop [80]=Oop rax=Oop rsi=Oop [72]=Oop rcx=Oop }
                      ;*synchronization entry
                      ; - java.lang.reflect.Modifier::isStatic@-1
                      ; - java.lang.reflect.Method::invoke@21
  0x000000011b8cbf08: f415 4807 | e97a fdff 

  0x000000011b8cbf10: ;   {runtime_call throw_null_pointer_exception Runtime1 stub}
  0x000000011b8cbf10: ffe8 8ae5 

  0x000000011b8cbf14: ; ImmutableOopMap {[88]=Oop rax=Oop rsi=Oop [72]=Oop rcx=Oop rdx=Oop [80]=Oop }
                      ;*invokevirtual getClass {reexecute=0 rethrow=0 return_oop=0}
                      ; - java.lang.reflect.Method::invoke@32
                      ;   {runtime_call throw_null_pointer_exception Runtime1 stub}
  0x000000011b8cbf14: 3e07 e885 

  0x000000011b8cbf18: ; ImmutableOopMap {rdi=Oop rcx=Oop rdx=Oop [80]=Oop }
                      ;*invokeinterface invoke {reexecute=0 rethrow=0 return_oop=0}
                      ; - java.lang.reflect.Method::invoke@59
                      ;   {internal_word}
  0x000000011b8cbf18: e53e 0749 | bac1 be8c | 1b01 0000 | 004d 8997 | 6003 0000 

  0x000000011b8cbf2c: ;   {runtime_call SafepointBlob}
  0x000000011b8cbf2c: e9cf f43d | 0790 9049 | 8b87 d803 | 0000 49c7 | 87d8 0300 | 0000 0000 | 0049 c787 | e003 0000 
  0x000000011b8cbf4c: 0000 0000 | 4883 c470 

  0x000000011b8cbf54: ;   {runtime_call unwind_exception Runtime1 stub}
  0x000000011b8cbf54: 5de9 26f4 | 3e07 f4f4 | f4f4 f4f4 
[Stub Code]
  0x000000011b8cbf60: ;   {no_reloc}
  0x000000011b8cbf60: 0f1f 4400 

  0x000000011b8cbf64: ;   {static_stub}
  0x000000011b8cbf64: 0048 bb00 | 0000 0000 

  0x000000011b8cbf6c: ;   {runtime_call}
  0x000000011b8cbf6c: 0000 00e9 | fbff ffff 

  0x000000011b8cbf74: ;   {static_stub}
  0x000000011b8cbf74: 9048 bb00 | 0000 0000 

  0x000000011b8cbf7c: ;   {runtime_call}
  0x000000011b8cbf7c: 0000 00e9 | fbff ffff 

  0x000000011b8cbf84: ;   {static_stub}
  0x000000011b8cbf84: 9048 bb38 | 9b05 1501 

  0x000000011b8cbf8c: ;   {runtime_call I2C/C2I adapters}
  0x000000011b8cbf8c: 0000 00e9 | c5d7 3d07 

  0x000000011b8cbf94: ;   {static_stub}
  0x000000011b8cbf94: 9048 bb00 | 0000 0000 

  0x000000011b8cbf9c: ;   {runtime_call}
  0x000000011b8cbf9c: 0000 00e9 | fbff ffff 
[Exception Handler]
  0x000000011b8cbfa4: ;   {runtime_call handle_exception_from_callee Runtime1 stub}
  0x000000011b8cbfa4: e8d7 c63e 

  0x000000011b8cbfa8: ;   {external_word}
  0x000000011b8cbfa8: 0748 bfd3 | 662a 0e01 | 0000 0048 

  0x000000011b8cbfb4: ;   {runtime_call _ZN14MacroAssembler7debug64EPcxPx}
  0x000000011b8cbfb4: 83e4 f0e8 | 0462 5ff2 

  0x000000011b8cbfbc: ;   {section_word}
  0x000000011b8cbfbc: f449 babd | bf8c 1b01 | 0000 0041 

  0x000000011b8cbfc8: ;   {runtime_call DeoptimizationBlob}
  0x000000011b8cbfc8: 52e9 d2e6 | 3d07 f4f4 
[/MachCode]


---------------  P R O C E S S  ---------------

Threads class SMR info:
_java_thread_list=0x00007ff089ecd590, length=20, elements={
0x00007ff08a006600, 0x00007ff08a817200, 0x00007ff08b005c00, 0x00007ff08a00c600,
0x00007ff08a005600, 0x00007ff08a005c00, 0x00007ff08a014e00, 0x00007ff08b807c00,
0x00007ff08b807000, 0x00007ff08a800000, 0x00007ff08b807600, 0x00007ff08a018600,
0x00007ff08b803400, 0x00007ff08b030200, 0x00007ff08b030800, 0x00007ff08b0bca00,
0x00007ff08b0bdc00, 0x00007ff08b0bd000, 0x00007ff08a01ba00, 0x00007ff08a09a600
}

Java Threads: ( => current thread )
=>0x00007ff08a006600 JavaThread "main" [_thread_in_native, id=9987, stack(0x0000700007bb1000,0x0000700007cb1000)]
  0x00007ff08a817200 JavaThread "Reference Handler" daemon [_thread_blocked, id=17667, stack(0x0000700007eba000,0x0000700007fba000)]
  0x00007ff08b005c00 JavaThread "Finalizer" daemon [_thread_blocked, id=14595, stack(0x0000700007fbd000,0x00007000080bd000)]
  0x00007ff08a00c600 JavaThread "Signal Dispatcher" daemon [_thread_blocked, id=16387, stack(0x00007000080c0000,0x00007000081c0000)]
  0x00007ff08a005600 JavaThread "Service Thread" daemon [_thread_blocked, id=16131, stack(0x00007000081c3000,0x00007000082c3000)]
  0x00007ff08a005c00 JavaThread "Monitor Deflation Thread" daemon [_thread_blocked, id=43267, stack(0x00007000082c6000,0x00007000083c6000)]
  0x00007ff08a014e00 JavaThread "C2 CompilerThread0" daemon [_thread_in_native, id=43011, stack(0x00007000083c9000,0x00007000084c9000)]
  0x00007ff08b807c00 JavaThread "C1 CompilerThread0" daemon [_thread_blocked, id=42499, stack(0x00007000084cc000,0x00007000085cc000)]
  0x00007ff08b807000 JavaThread "Sweeper thread" daemon [_thread_blocked, id=42243, stack(0x00007000085cf000,0x00007000086cf000)]
  0x00007ff08a800000 JavaThread "Common-Cleaner" daemon [_thread_blocked, id=22531, stack(0x00007000086d2000,0x00007000087d2000)]
  0x00007ff08b807600 JavaThread "Notification Thread" daemon [_thread_blocked, id=22787, stack(0x00007000087d5000,0x00007000088d5000)]
  0x00007ff08a018600 JavaThread "process reaper" daemon [_thread_blocked, id=41219, stack(0x00007000089db000,0x00007000089ff000)]
  0x00007ff08b803400 JavaThread "Equinox resolver thread - Equinox Container: f26b1e01-e11a-4ccd-aaaf-efda8a6fe484" daemon [_thread_in_vm, id=40451, stack(0x0000700008d0b000,0x0000700008e0b000)]
  0x00007ff08b030200 JavaThread "Equinox resolver thread - Equinox Container: f26b1e01-e11a-4ccd-aaaf-efda8a6fe484" daemon [_thread_blocked, id=40195, stack(0x0000700008e0e000,0x0000700008f0e000)]
  0x00007ff08b030800 JavaThread "Equinox resolver thread - Equinox Container: f26b1e01-e11a-4ccd-aaaf-efda8a6fe484" daemon [_thread_blocked, id=39939, stack(0x0000700008f11000,0x0000700009011000)]
  0x00007ff08b0bca00 JavaThread "Equinox resolver thread - Equinox Container: f26b1e01-e11a-4ccd-aaaf-efda8a6fe484" daemon [_thread_blocked, id=25603, stack(0x0000700009014000,0x0000700009114000)]
  0x00007ff08b0bdc00 JavaThread "Active Thread: Equinox Container: f26b1e01-e11a-4ccd-aaaf-efda8a6fe484" [_thread_blocked, id=26115, stack(0x0000700009117000,0x0000700009217000)]
  0x00007ff08b0bd000 JavaThread "Framework Event Dispatcher: Equinox Container: f26b1e01-e11a-4ccd-aaaf-efda8a6fe484" daemon [_thread_blocked, id=39683, stack(0x000070000921a000,0x000070000931a000)]
  0x00007ff08a01ba00 JavaThread "Start Level: Equinox Container: f26b1e01-e11a-4ccd-aaaf-efda8a6fe484" daemon [_thread_blocked, id=39171, stack(0x000070000931d000,0x000070000941d000)]
  0x00007ff08a09a600 JavaThread "Refresh Thread: Equinox Container: f26b1e01-e11a-4ccd-aaaf-efda8a6fe484" daemon [_thread_in_vm, id=38659, stack(0x0000700009420000,0x0000700009520000)] _threads_hazard_ptr=0x00007ff089ecd590

Other Threads:
  0x00007ff089e2d200 VMThread "VM Thread" [stack: 0x0000700007db7000,0x0000700007eb7000] [id=17923]
  0x00007ff089d362d0 WatcherThread [stack: 0x00007000088d8000,0x00007000089d8000] [id=41475]
  0x00007ff089c0ed10 GCTaskThread "GC Thread#0" [stack: 0x0000700007cb4000,0x0000700007db4000] [id=19715]
  0x00007ff089e8d830 GCTaskThread "GC Thread#1" [stack: 0x0000700008a02000,0x0000700008b02000] [id=23811]
  0x00007ff089f99d50 GCTaskThread "GC Thread#2" [stack: 0x0000700008b05000,0x0000700008c05000] [id=40963]
  0x00007ff089c76930 GCTaskThread "GC Thread#3" [stack: 0x0000700008c08000,0x0000700008d08000] [id=24579]

Threads with active compile tasks:
C2 CompilerThread0     3309 1733       4       java.lang.CharacterDataLatin1::isWhitespace (23 bytes)
C1 CompilerThread0     3309 1869       2       java.util.concurrent.ConcurrentLinkedQueue::poll (84 bytes)

VM state: not at safepoint (normal execution)

VM Mutex/Monitor currently owned by a thread: None

Heap address: 0x00000007c0000000, size: 1024 MB, Compressed Oops mode: Zero based, Oop shift amount: 3

CDS archive(s) not mapped
Compressed class space mapped at: 0x0000000800000000-0x0000000840000000, reserved size: 1073741824
Narrow klass base: 0x0000000800000000, Narrow klass shift: 0, Narrow klass range: 0x40000000

GC Precious Log:
 CPUs: 4 total, 4 available
 Memory: 8192M
 Large Page Support: Disabled
 NUMA Support: Disabled
 Compressed Oops: Enabled (Zero based)
 Alignments: Space 512K, Generation 512K, Heap 2M
 Heap Min Capacity: 100M
 Heap Initial Capacity: 100M
 Heap Max Capacity: 1G
 Pre-touch: Disabled
 Parallel Workers: 4

Heap:
 PSYoungGen      total 29696K, used 24983K [0x00000007eab00000, 0x00000007ecc00000, 0x0000000800000000)
  eden space 25600K, 81% used [0x00000007eab00000,0x00000007ebf65f78,0x00000007ec400000)
  from space 4096K, 99% used [0x00000007ec800000,0x00000007ecbffe50,0x00000007ecc00000)
  to   space 4096K, 0% used [0x00000007ec400000,0x00000007ec400000,0x00000007ec800000)
 ParOldGen       total 68608K, used 750K [0x00000007c0000000, 0x00000007c4300000, 0x00000007eab00000)
  object space 68608K, 1% used [0x00000007c0000000,0x00000007c00bbb50,0x00000007c4300000)
 Metaspace       used 14630K, committed 14848K, reserved 1114112K
  class space    used 1477K, committed 1600K, reserved 1048576K

Card table byte_map: [0x0000000111fb6000,0x00000001121b7000] _byte_map_base: 0x000000010e1b6000

Marking Bits: (ParMarkBitMap*) 0x000000010e47c270
 Begin Bits: [0x000000011230d000, 0x000000011330d000)
 End Bits:   [0x000000011330d000, 0x000000011430d000)

Polling page: 0x000000010e8d5000

Metaspace:

Usage:
  Non-class:     12.84 MB used.
      Class:      1.44 MB used.
       Both:     14.29 MB used.

Virtual space:
  Non-class space:       64.00 MB reserved,      12.94 MB ( 20%) committed,  1 nodes.
      Class space:        1.00 GB reserved,       1.56 MB ( <1%) committed,  1 nodes.
             Both:        1.06 GB reserved,      14.50 MB (  1%) committed. 

Chunk freelists:
   Non-Class:  2.83 MB
       Class:  14.42 MB
        Both:  17.25 MB

MaxMetaspaceSize: unlimited
CompressedClassSpaceSize: 1.00 GB
Initial GC threshold: 21.00 MB
Current GC threshold: 21.00 MB
CDS: off
MetaspaceReclaimPolicy: balanced
 - commit_granule_bytes: 65536.
 - commit_granule_words: 8192.
 - virtual_space_node_default_size: 8388608.
 - enlarge_chunks_in_place: 1.
 - new_chunks_are_fully_committed: 0.
 - uncommit_free_chunks: 1.
 - use_allocation_guard: 0.
 - handle_deallocations: 1.


Internal statistics:

num_allocs_failed_limit: 0.
num_arena_births: 70.
num_arena_deaths: 0.
num_vsnodes_births: 2.
num_vsnodes_deaths: 0.
num_space_committed: 232.
num_space_uncommitted: 0.
num_chunks_returned_to_freelist: 0.
num_chunks_taken_from_freelist: 252.
num_chunk_merges: 0.
num_chunk_splits: 177.
num_chunks_enlarged: 143.
num_inconsistent_stats: 0.

CodeHeap 'non-profiled nmethods': size=120032Kb used=629Kb max_used=629Kb free=119402Kb
 bounds [0x00000001231e5000, 0x0000000123455000, 0x000000012a71d000]
CodeHeap 'profiled nmethods': size=120028Kb used=3735Kb max_used=3735Kb free=116293Kb
 bounds [0x000000011b71d000, 0x000000011bacd000, 0x0000000122c54000]
CodeHeap 'non-nmethods': size=5700Kb used=1161Kb max_used=1165Kb free=4538Kb
 bounds [0x0000000122c54000, 0x0000000122ec4000, 0x00000001231e5000]
 total_blobs=2318 nmethods=1872 adapters=359
 compilation: enabled
              stopped_count=0, restarted_count=0
 full_count=0

Compilation events (20 events):
Event: 3.175 Thread 0x00007ff08a014e00 1470       4       java.lang.StringUTF16::compress (20 bytes)
Event: 3.177 Thread 0x00007ff08a014e00 nmethod 1470 0x000000012327a710 code [0x000000012327a8a0, 0x000000012327aad8]
Event: 3.177 Thread 0x00007ff08a014e00 1638       4       java.util.HashMap$EntryIterator::next (5 bytes)
Event: 3.177 Thread 0x00007ff08b807c00 1689       3       org.eclipse.osgi.internal.framework.FilterImpl$Parser::parse_item (366 bytes)
Event: 3.178 Thread 0x00007ff08b807c00 nmethod 1689 0x000000011ba55410 code [0x000000011ba55780, 0x000000011ba56b80]
Event: 3.183 Thread 0x00007ff08a014e00 nmethod 1638 0x000000012327ab90 code [0x000000012327ad20, 0x000000012327af78]
Event: 3.183 Thread 0x00007ff08a014e00 1688       4       java.util.HashMap::<init> (98 bytes)
Event: 3.185 Thread 0x00007ff08a014e00 nmethod 1688 0x000000012327b110 code [0x000000012327b2a0, 0x000000012327b3f8]
Event: 3.186 Thread 0x00007ff08a014e00 1691       4       java.util.StringTokenizer::skipDelimiters (116 bytes)
Event: 3.191 Thread 0x00007ff08a014e00 nmethod 1691 0x000000012327b510 code [0x000000012327b6c0, 0x000000012327b9b8]
Event: 3.191 Thread 0x00007ff08a014e00 1690       4       java.lang.String::checkBoundsBeginEnd (63 bytes)
Event: 3.192 Thread 0x00007ff08b807c00 1692       3       org.eclipse.osgi.internal.framework.EquinoxBundle::getBundleId (11 bytes)
Event: 3.192 Thread 0x00007ff08b807c00 nmethod 1692 0x000000011ba57410 code [0x000000011ba575c0, 0x000000011ba57710]
Event: 3.197 Thread 0x00007ff08b807c00 1693       3       java.util.ArrayList::<init> (63 bytes)
Event: 3.197 Thread 0x00007ff08b807c00 nmethod 1693 0x000000011ba57810 code [0x000000011ba57a00, 0x000000011ba57ed0]
Event: 3.197 Thread 0x00007ff08b807c00 1695       3       org.eclipse.osgi.container.Module::compareTo (9 bytes)
Event: 3.198 Thread 0x00007ff08b807c00 nmethod 1695 0x000000011ba58090 code [0x000000011ba58240, 0x000000011ba58460]
Event: 3.198 Thread 0x00007ff08b807c00 1696       3       org.eclipse.osgi.container.Module::compareTo (54 bytes)
Event: 3.198 Thread 0x00007ff08b807c00 nmethod 1696 0x000000011ba58510 code [0x000000011ba586e0, 0x000000011ba589f0]
Event: 3.198 Thread 0x00007ff08b807c00 1694       1       org.eclipse.osgi.container.Module::getRevisions (5 bytes)

GC Heap History (4 events):
Event: 1.648 GC heap before
{Heap before GC invocations=1 (full 0):
 PSYoungGen      total 29696K, used 25600K [0x00000007eab00000, 0x00000007ecc00000, 0x0000000800000000)
  eden space 25600K, 100% used [0x00000007eab00000,0x00000007ec400000,0x00000007ec400000)
  from space 4096K, 0% used [0x00000007ec800000,0x00000007ec800000,0x00000007ecc00000)
  to   space 4096K, 0% used [0x00000007ec400000,0x00000007ec400000,0x00000007ec800000)
 ParOldGen       total 68608K, used 0K [0x00000007c0000000, 0x00000007c4300000, 0x00000007eab00000)
  object space 68608K, 0% used [0x00000007c0000000,0x00000007c0000000,0x00000007c4300000)
 Metaspace       used 11058K, committed 11136K, reserved 1114112K
  class space    used 1118K, committed 1152K, reserved 1048576K
}
Event: 1.656 GC heap after
{Heap after GC invocations=1 (full 0):
 PSYoungGen      total 29696K, used 3092K [0x00000007eab00000, 0x00000007ecc00000, 0x0000000800000000)
  eden space 25600K, 0% used [0x00000007eab00000,0x00000007eab00000,0x00000007ec400000)
  from space 4096K, 75% used [0x00000007ec400000,0x00000007ec705130,0x00000007ec800000)
  to   space 4096K, 0% used [0x00000007ec800000,0x00000007ec800000,0x00000007ecc00000)
 ParOldGen       total 68608K, used 16K [0x00000007c0000000, 0x00000007c4300000, 0x00000007eab00000)
  object space 68608K, 0% used [0x00000007c0000000,0x00000007c0004000,0x00000007c4300000)
 Metaspace       used 11058K, committed 11136K, reserved 1114112K
  class space    used 1118K, committed 1152K, reserved 1048576K
}
Event: 2.920 GC heap before
{Heap before GC invocations=2 (full 0):
 PSYoungGen      total 29696K, used 28674K [0x00000007eab00000, 0x00000007ecc00000, 0x0000000800000000)
  eden space 25600K, 99% used [0x00000007eab00000,0x00000007ec3fb9c0,0x00000007ec400000)
  from space 4096K, 75% used [0x00000007ec400000,0x00000007ec705130,0x00000007ec800000)
  to   space 4096K, 0% used [0x00000007ec800000,0x00000007ec800000,0x00000007ecc00000)
 ParOldGen       total 68608K, used 16K [0x00000007c0000000, 0x00000007c4300000, 0x00000007eab00000)
  object space 68608K, 0% used [0x00000007c0000000,0x00000007c0004000,0x00000007c4300000)
 Metaspace       used 14251K, committed 14464K, reserved 1114112K
  class space    used 1444K, committed 1536K, reserved 1048576K
}
Event: 2.927 GC heap after
{Heap after GC invocations=2 (full 0):
 PSYoungGen      total 29696K, used 4095K [0x00000007eab00000, 0x00000007ecc00000, 0x0000000800000000)
  eden space 25600K, 0% used [0x00000007eab00000,0x00000007eab00000,0x00000007ec400000)
  from space 4096K, 99% used [0x00000007ec800000,0x00000007ecbffe50,0x00000007ecc00000)
  to   space 4096K, 0% used [0x00000007ec400000,0x00000007ec400000,0x00000007ec800000)
 ParOldGen       total 68608K, used 750K [0x00000007c0000000, 0x00000007c4300000, 0x00000007eab00000)
  object space 68608K, 1% used [0x00000007c0000000,0x00000007c00bbb50,0x00000007c4300000)
 Metaspace       used 14251K, committed 14464K, reserved 1114112K
  class space    used 1444K, committed 1536K, reserved 1048576K
}

Dll operation events (9 events):
Event: 0.012 Loaded shared library /Users/lynxbagel/.vscode/extensions/redhat.java-1.27.0-darwin-x64/jre/17.0.10-macosx-x86_64/lib/libjava.dylib
Event: 0.297 Loaded shared library /Users/lynxbagel/.vscode/extensions/redhat.java-1.27.0-darwin-x64/jre/17.0.10-macosx-x86_64/lib/libzip.dylib
Event: 0.300 Loaded shared library /Users/lynxbagel/.vscode/extensions/redhat.java-1.27.0-darwin-x64/jre/17.0.10-macosx-x86_64/lib/libinstrument.dylib
Event: 0.360 Loaded shared library /Users/lynxbagel/.vscode/extensions/redhat.java-1.27.0-darwin-x64/jre/17.0.10-macosx-x86_64/lib/libnio.dylib
Event: 0.380 Loaded shared library /Users/lynxbagel/.vscode/extensions/redhat.java-1.27.0-darwin-x64/jre/17.0.10-macosx-x86_64/lib/libzip.dylib
Event: 0.417 Loaded shared library /Users/lynxbagel/.vscode/extensions/redhat.java-1.27.0-darwin-x64/jre/17.0.10-macosx-x86_64/lib/libjimage.dylib
Event: 0.527 Loaded shared library /Users/lynxbagel/.vscode/extensions/redhat.java-1.27.0-darwin-x64/jre/17.0.10-macosx-x86_64/lib/libverify.dylib
Event: 1.764 Loaded shared library /Users/lynxbagel/.vscode/extensions/redhat.java-1.27.0-darwin-x64/jre/17.0.10-macosx-x86_64/lib/libnet.dylib
Event: 3.198 Loaded shared library /Users/lynxbagel/Library/Application Support/Code/User/globalStorage/redhat.java/1.27.0/config_mac/org.eclipse.equinox.launcher/org.eclipse.equinox.launcher.cocoa.macosx.x86_64_1.2.900.v20240129-1338/eclipse_11900.so

Deoptimization events (20 events):
Event: 3.131 Thread 0x00007ff08a006600 DEOPT PACKING pc=0x000000011ba35f55 sp=0x0000700007caf6c0
Event: 3.131 Thread 0x00007ff08a006600 DEOPT UNPACKING pc=0x0000000122caab2f sp=0x0000700007caeb68 mode 0
Event: 3.131 Thread 0x00007ff08a006600 DEOPT PACKING pc=0x000000011ba35f55 sp=0x0000700007caf6c0
Event: 3.131 Thread 0x00007ff08a006600 DEOPT UNPACKING pc=0x0000000122caab2f sp=0x0000700007caeb68 mode 0
Event: 3.131 Thread 0x00007ff08a006600 DEOPT PACKING pc=0x000000011ba35f55 sp=0x0000700007caf6c0
Event: 3.131 Thread 0x00007ff08a006600 DEOPT UNPACKING pc=0x0000000122caab2f sp=0x0000700007caeb68 mode 0
Event: 3.132 Thread 0x00007ff08a006600 DEOPT PACKING pc=0x000000011ba35f55 sp=0x0000700007caf6c0
Event: 3.132 Thread 0x00007ff08a006600 DEOPT UNPACKING pc=0x0000000122caab2f sp=0x0000700007caeb68 mode 0
Event: 3.132 Thread 0x00007ff08a006600 DEOPT PACKING pc=0x000000011ba35f55 sp=0x0000700007caf6c0
Event: 3.132 Thread 0x00007ff08a006600 DEOPT UNPACKING pc=0x0000000122caab2f sp=0x0000700007caeb68 mode 0
Event: 3.132 Thread 0x00007ff08a006600 DEOPT PACKING pc=0x000000011ba35f55 sp=0x0000700007caf9c0
Event: 3.132 Thread 0x00007ff08a006600 DEOPT UNPACKING pc=0x0000000122caab2f sp=0x0000700007caee68 mode 0
Event: 3.139 Thread 0x00007ff08a006600 DEOPT PACKING pc=0x000000011ba35f55 sp=0x0000700007caf6c0
Event: 3.139 Thread 0x00007ff08a006600 DEOPT UNPACKING pc=0x0000000122caab2f sp=0x0000700007caeb68 mode 0
Event: 3.145 Thread 0x00007ff08a006600 DEOPT PACKING pc=0x000000011ba35f55 sp=0x0000700007caf9c0
Event: 3.145 Thread 0x00007ff08a006600 DEOPT UNPACKING pc=0x0000000122caab2f sp=0x0000700007caee68 mode 0
Event: 3.153 Thread 0x00007ff08a006600 DEOPT PACKING pc=0x000000011ba35f55 sp=0x0000700007caf9c0
Event: 3.153 Thread 0x00007ff08a006600 DEOPT UNPACKING pc=0x0000000122caab2f sp=0x0000700007caee68 mode 0
Event: 3.160 Thread 0x00007ff08a006600 DEOPT PACKING pc=0x000000011ba35f55 sp=0x0000700007caf6c0
Event: 3.160 Thread 0x00007ff08a006600 DEOPT UNPACKING pc=0x0000000122caab2f sp=0x0000700007caeb68 mode 0

Classes unloaded (0 events):
No events

Classes redefined (0 events):
No events

Internal exceptions (20 events):
Event: 1.056 Thread 0x00007ff08a006600 Exception <a 'java/io/FileNotFoundException'{0x00000007eb88d390}> (0x00000007eb88d390) 
thrown [src/hotspot/share/prims/jni.cpp, line 516]
Event: 1.093 Thread 0x00007ff08a006600 Exception <a 'java/lang/NoSuchMethodError'{0x00000007eb8dde00}: 'java.lang.Object java.lang.invoke.DirectMethodHandle$Holder.invokeStaticInit(java.lang.Object)'> (0x00000007eb8dde00) 
thrown [src/hotspot/share/interpreter/linkResolver.cpp, line 759]
Event: 1.096 Thread 0x00007ff08a006600 Exception <a 'java/lang/NoSuchMethodError'{0x00000007eb8f3ef8}: 'java.lang.Object java.lang.invoke.DirectMethodHandle$Holder.invokeStaticInit(java.lang.Object, java.lang.Object, long, java.lang.Object)'> (0x00000007eb8f3ef8) 
thrown [src/hotspot/share/interpreter/linkResolver.cpp, line 759]
Event: 1.098 Thread 0x00007ff08a006600 Exception <a 'java/lang/NoSuchMethodError'{0x00000007eb8fa558}: 'java.lang.Object java.lang.invoke.DirectMethodHandle$Holder.newInvokeSpecial(java.lang.Object, java.lang.Object, long)'> (0x00000007eb8fa558) 
thrown [src/hotspot/share/interpreter/linkResolver.cpp, line 759]
Event: 1.099 Thread 0x00007ff08a006600 Exception <a 'java/lang/NoSuchMethodError'{0x00000007eb8fe848}: 'java.lang.Object java.lang.invoke.Invokers$Holder.linkToTargetMethod(java.lang.Object, long, java.lang.Object)'> (0x00000007eb8fe848) 
thrown [src/hotspot/share/interpreter/linkResolver.cpp, line 759]
Event: 1.106 Thread 0x00007ff08a006600 Exception <a 'java/lang/NoSuchMethodError'{0x00000007eb92b680}: 'java.lang.Object java.lang.invoke.DirectMethodHandle$Holder.newInvokeSpecial(java.lang.Object, java.lang.Object, java.lang.Object, int)'> (0x00000007eb92b680) 
thrown [src/hotspot/share/interpreter/linkResolver.cpp, line 759]
Event: 1.107 Thread 0x00007ff08a006600 Exception <a 'java/lang/NoSuchMethodError'{0x00000007eb933278}: 'java.lang.Object java.lang.invoke.Invokers$Holder.linkToTargetMethod(java.lang.Object, java.lang.Object, int, java.lang.Object)'> (0x00000007eb933278) 
thrown [src/hotspot/share/interpreter/linkResolver.cpp, line 759]
Event: 1.547 Thread 0x00007ff08a006600 Exception <a 'java/io/FileNotFoundException'{0x00000007ec20bb48}> (0x00000007ec20bb48) 
thrown [src/hotspot/share/prims/jni.cpp, line 516]
Event: 1.619 Thread 0x00007ff08a006600 Implicit null exception at 0x000000012322faef to 0x000000012322fce4
Event: 1.619 Thread 0x00007ff08a006600 Implicit null exception at 0x000000012322102f to 0x00000001232210a9
Event: 1.719 Thread 0x00007ff08a006600 Exception <a 'java/lang/NoSuchMethodError'{0x00000007eac1ca68}: 'int java.lang.invoke.DirectMethodHandle$Holder.invokeStaticInit(java.lang.Object, java.lang.Object, java.lang.Object, java.lang.Object)'> (0x00000007eac1ca68) 
thrown [src/hotspot/share/interpreter/linkResolver.cpp, line 759]
Event: 1.725 Thread 0x00007ff08a006600 Exception <a 'java/lang/NoSuchMethodError'{0x00000007eac26e90}: 'java.lang.Object java.lang.invoke.DirectMethodHandle$Holder.invokeInterface(java.lang.Object, java.lang.Object)'> (0x00000007eac26e90) 
thrown [src/hotspot/share/interpreter/linkResolver.cpp, line 759]
Event: 1.725 Thread 0x00007ff08a006600 Exception <a 'java/lang/IncompatibleClassChangeError'{0x00000007eac2a688}: Found class java.lang.Object, but interface was expected> (0x00000007eac2a688) 
thrown [src/hotspot/share/interpreter/linkResolver.cpp, line 826]
Event: 1.727 Thread 0x00007ff08a006600 Exception <a 'java/lang/NoSuchMethodError'{0x00000007eac2eb78}: 'void java.lang.invoke.DirectMethodHandle$Holder.invokeStatic(java.lang.Object, java.lang.Object)'> (0x00000007eac2eb78) 
thrown [src/hotspot/share/interpreter/linkResolver.cpp, line 759]
Event: 1.728 Thread 0x00007ff08a006600 Exception <a 'java/lang/NoSuchMethodError'{0x00000007eac32378}: 'void java.lang.invoke.DirectMethodHandle$Holder.invokeStaticInit(java.lang.Object, java.lang.Object)'> (0x00000007eac32378) 
thrown [src/hotspot/share/interpreter/linkResolver.cpp, line 759]
Event: 1.736 Thread 0x00007ff08a006600 Exception <a 'java/lang/NoSuchMethodError'{0x00000007eac39868}: 'int java.lang.invoke.DirectMethodHandle$Holder.invokeStaticInit(java.lang.Object, java.lang.Object)'> (0x00000007eac39868) 
thrown [src/hotspot/share/interpreter/linkResolver.cpp, line 759]
Event: 2.223 Thread 0x00007ff08a006600 Exception <a 'java/lang/NoSuchMethodError'{0x00000007eb750d38}: 'int java.lang.invoke.DirectMethodHandle$Holder.invokeSpecial(java.lang.Object, java.lang.Object, java.lang.Object)'> (0x00000007eb750d38) 
thrown [src/hotspot/share/interpreter/linkResolver.cpp, line 759]
Event: 2.428 Thread 0x00007ff08a006600 Exception <a 'java/lang/NoSuchMethodError'{0x00000007ebc1e6b8}: 'java.lang.Object java.lang.invoke.DirectMethodHandle$Holder.newInvokeSpecial(java.lang.Object, int, java.lang.Object)'> (0x00000007ebc1e6b8) 
thrown [src/hotspot/share/interpreter/linkResolver.cpp, line 759]
Event: 2.437 Thread 0x00007ff08a006600 Implicit null exception at 0x0000000123234def to 0x0000000123234fe4
Event: 3.195 Thread 0x00007ff08a006600 Exception <a 'java/lang/UnsatisfiedLinkError'{0x00000007ebaa6910}: 'void org.eclipse.equinox.launcher.JNIBridge._update_splash()'> (0x00000007ebaa6910) 
thrown [src/hotspot/share/prims/nativeLookup.cpp, line 543]

VM Operations (12 events):
Event: 0.262 Executing VM operation: HandshakeAllThreads
Event: 0.262 Executing VM operation: HandshakeAllThreads done
Event: 0.993 Executing VM operation: HandshakeAllThreads
Event: 0.993 Executing VM operation: HandshakeAllThreads done
Event: 1.037 Executing VM operation: HandshakeAllThreads
Event: 1.037 Executing VM operation: HandshakeAllThreads done
Event: 1.648 Executing VM operation: ParallelGCFailedAllocation
Event: 1.666 Executing VM operation: ParallelGCFailedAllocation done
Event: 2.371 Executing VM operation: HandshakeAllThreads
Event: 2.371 Executing VM operation: HandshakeAllThreads done
Event: 2.920 Executing VM operation: ParallelGCFailedAllocation
Event: 2.932 Executing VM operation: ParallelGCFailedAllocation done

Events (20 events):
Event: 2.504 loading class java/util/ConcurrentModificationException
Event: 2.504 loading class java/util/ConcurrentModificationException done
Event: 2.510 loading class java/net/ContentHandlerFactory
Event: 2.510 loading class java/net/ContentHandlerFactory done
Event: 2.514 loading class java/net/ContentHandler
Event: 2.515 loading class java/net/ContentHandler done
Event: 2.623 loading class javax/xml/parsers/ParserConfigurationException
Event: 2.623 loading class javax/xml/parsers/ParserConfigurationException done
Event: 2.635 loading class java/security/KeyStoreException
Event: 2.635 loading class java/security/KeyStoreException done
Event: 2.738 Thread 0x00007ff08b0bd000 Thread added: 0x00007ff08b0bd000
Event: 2.738 Protecting memory [0x000070000921a000,0x000070000921e000] with protection modes 0
Event: 2.747 loading class java/util/MissingResourceException
Event: 2.747 loading class java/util/MissingResourceException done
Event: 2.749 Thread 0x00007ff08a01ba00 Thread added: 0x00007ff08a01ba00
Event: 2.749 Protecting memory [0x000070000931d000,0x0000700009321000] with protection modes 0
Event: 3.193 Thread 0x00007ff08a09a600 Thread added: 0x00007ff08a09a600
Event: 3.193 Protecting memory [0x0000700009420000,0x0000700009424000] with protection modes 0
Event: 3.198 loading class java/util/ArrayList$ListItr
Event: 3.198 loading class java/util/ArrayList$ListItr done


Dynamic libraries:
0x000000010d6f2000 	/Users/lynxbagel/.vscode/extensions/redhat.java-1.27.0-darwin-x64/jre/17.0.10-macosx-x86_64/lib/libjli.dylib
0x00007fff50776000 	/System/Library/Frameworks/Cocoa.framework/Versions/A/Cocoa
0x00007fff5c546000 	/System/Library/Frameworks/Security.framework/Versions/A/Security
0x00007fff4f408000 	/System/Library/Frameworks/ApplicationServices.framework/Versions/A/ApplicationServices
0x00007fff79fc1000 	/usr/lib/libSystem.B.dylib
0x00007fff50feb000 	/System/Library/Frameworks/CoreFoundation.framework/Versions/A/CoreFoundation
0x00007fff53273000 	/System/Library/Frameworks/Foundation.framework/Versions/C/Foundation
0x00007fff7b7fb000 	/usr/lib/libobjc.A.dylib
0x00007fff4e601000 	/System/Library/Frameworks/AppKit.framework/Versions/C/AppKit
0x00007fff50b74000 	/System/Library/Frameworks/CoreData.framework/Versions/A/CoreData
0x00007fff73a86000 	/System/Library/PrivateFrameworks/RemoteViewServices.framework/Versions/A/RemoteViewServices
0x00007fff77cfd000 	/System/Library/PrivateFrameworks/UIFoundation.framework/Versions/A/UIFoundation
0x00007fff793e2000 	/System/Library/PrivateFrameworks/XCTTargetBootstrap.framework/Versions/A/XCTTargetBootstrap
0x00007fff50efa000 	/System/Library/Frameworks/CoreDisplay.framework/Versions/A/CoreDisplay
0x00007fff6e797000 	/System/Library/PrivateFrameworks/IconServices.framework/Versions/A/IconServices
0x00007fff55baa000 	/System/Library/Frameworks/Metal.framework/Versions/A/Metal
0x00007fff65cd5000 	/System/Library/PrivateFrameworks/DesktopServicesPriv.framework/Versions/A/DesktopServicesPriv
0x00007fff7ab5e000 	/usr/lib/libenergytrace.dylib
0x00007fff761e5000 	/System/Library/PrivateFrameworks/SkyLight.framework/Versions/A/SkyLight
0x00007fff51433000 	/System/Library/Frameworks/CoreGraphics.framework/Versions/A/CoreGraphics
0x00007fff4d3cd000 	/System/Library/Frameworks/Accelerate.framework/Versions/A/Accelerate
0x00007fff539bd000 	/System/Library/Frameworks/IOSurface.framework/Versions/A/IOSurface
0x00007fff65b41000 	/System/Library/PrivateFrameworks/DFRFoundation.framework/Versions/A/DFRFoundation
0x00007fff4f8eb000 	/System/Library/Frameworks/AudioToolbox.framework/Versions/A/AudioToolbox
0x00007fff4fb64000 	/System/Library/Frameworks/AudioUnit.framework/Versions/A/AudioUnit
0x00007fff65bd6000 	/System/Library/PrivateFrameworks/DataDetectorsCore.framework/Versions/A/DataDetectorsCore
0x00007fff50279000 	/System/Library/Frameworks/Carbon.framework/Versions/A/Frameworks/HIToolbox.framework/Versions/A/HIToolbox
0x00007fff7acb7000 	/usr/lib/libicucore.A.dylib
0x00007fff7c66b000 	/usr/lib/libz.1.dylib
0x00007fff5bab7000 	/System/Library/Frameworks/QuartzCore.framework/Versions/A/QuartzCore
0x00007fff5064e000 	/System/Library/Frameworks/Carbon.framework/Versions/A/Frameworks/SpeechRecognition.framework/Versions/A/SpeechRecognition
0x00007fff7a115000 	/usr/lib/libauto.dylib
0x00007fff7c55e000 	/usr/lib/libxml2.2.dylib
0x00007fff6571c000 	/System/Library/PrivateFrameworks/CoreUI.framework/Versions/A/CoreUI
0x00007fff50a5f000 	/System/Library/Frameworks/CoreAudio.framework/Versions/A/CoreAudio
0x00007fff530a7000 	/System/Library/Frameworks/DiskArbitration.framework/Versions/A/DiskArbitration
0x00007fff7af65000 	/usr/lib/liblangid.dylib
0x00007fff6fbc8000 	/System/Library/PrivateFrameworks/MultitouchSupport.framework/Versions/A/MultitouchSupport
0x00007fff5392c000 	/System/Library/Frameworks/IOKit.framework/Versions/A/IOKit
0x00007fff79b81000 	/usr/lib/libDiagnosticMessagesClient.dylib
0x00007fff52243000 	/System/Library/Frameworks/CoreServices.framework/Versions/A/CoreServices
0x00007fff71885000 	/System/Library/PrivateFrameworks/PerformanceAnalysis.framework/Versions/A/PerformanceAnalysis
0x00007fff5ac9e000 	/System/Library/Frameworks/OpenGL.framework/Versions/A/OpenGL
0x00007fff50784000 	/System/Library/Frameworks/ColorSync.framework/Versions/A/ColorSync
0x00007fff51ac5000 	/System/Library/Frameworks/CoreImage.framework/Versions/A/CoreImage
0x00007fff52c1b000 	/System/Library/Frameworks/CoreText.framework/Versions/A/CoreText
0x00007fff53a20000 	/System/Library/Frameworks/ImageIO.framework/Versions/A/ImageIO
0x00007fff61d6c000 	/System/Library/PrivateFrameworks/Backup.framework/Versions/A/Backup
0x00007fff7a068000 	/usr/lib/libarchive.2.dylib
0x00007fff4febd000 	/System/Library/Frameworks/CFNetwork.framework/Versions/A/CFNetwork
0x00007fff5cca3000 	/System/Library/Frameworks/SystemConfiguration.framework/Versions/A/SystemConfiguration
0x00007fff79ab2000 	/usr/lib/libCRFSuite.dylib
0x00007fff7a206000 	/usr/lib/libc++.1.dylib
0x00007fff7a25a000 	/usr/lib/libc++abi.dylib
0x00007fff7ce61000 	/usr/lib/system/libcache.dylib
0x00007fff7ce66000 	/usr/lib/system/libcommonCrypto.dylib
0x00007fff7ce71000 	/usr/lib/system/libcompiler_rt.dylib
0x00007fff7ce79000 	/usr/lib/system/libcopyfile.dylib
0x00007fff7ce83000 	/usr/lib/system/libcorecrypto.dylib
0x00007fff7cf8f000 	/usr/lib/system/libdispatch.dylib
0x00007fff7cfc9000 	/usr/lib/system/libdyld.dylib
0x00007fff7cff6000 	/usr/lib/system/libkeymgr.dylib
0x00007fff7d004000 	/usr/lib/system/liblaunch.dylib
0x00007fff7d005000 	/usr/lib/system/libmacho.dylib
0x00007fff7d00b000 	/usr/lib/system/libquarantine.dylib
0x00007fff7d00e000 	/usr/lib/system/libremovefile.dylib
0x00007fff7d010000 	/usr/lib/system/libsystem_asl.dylib
0x00007fff7d028000 	/usr/lib/system/libsystem_blocks.dylib
0x00007fff7d029000 	/usr/lib/system/libsystem_c.dylib
0x00007fff7d0b1000 	/usr/lib/system/libsystem_configuration.dylib
0x00007fff7d0b5000 	/usr/lib/system/libsystem_coreservices.dylib
0x00007fff7d0b9000 	/usr/lib/system/libsystem_darwin.dylib
0x00007fff7d0c0000 	/usr/lib/system/libsystem_dnssd.dylib
0x00007fff7d0c7000 	/usr/lib/system/libsystem_info.dylib
0x00007fff7d13c000 	/usr/lib/system/libsystem_m.dylib
0x00007fff7d188000 	/usr/lib/system/libsystem_malloc.dylib
0x00007fff7d1b3000 	/usr/lib/system/libsystem_networkextension.dylib
0x00007fff7d1be000 	/usr/lib/system/libsystem_notify.dylib
0x00007fff7d1db000 	/usr/lib/system/libsystem_sandbox.dylib
0x00007fff7d1df000 	/usr/lib/system/libsystem_secinit.dylib
0x00007fff7d113000 	/usr/lib/system/libsystem_kernel.dylib
0x00007fff7d1c6000 	/usr/lib/system/libsystem_platform.dylib
0x00007fff7d1d0000 	/usr/lib/system/libsystem_pthread.dylib
0x00007fff7d1e2000 	/usr/lib/system/libsystem_symptoms.dylib
0x00007fff7d1ea000 	/usr/lib/system/libsystem_trace.dylib
0x00007fff7d201000 	/usr/lib/system/libunwind.dylib
0x00007fff7d207000 	/usr/lib/system/libxpc.dylib
0x00007fff7a1e7000 	/usr/lib/libbsm.0.dylib
0x00007fff7cff7000 	/usr/lib/system/libkxld.dylib
0x00007fff6115c000 	/System/Library/PrivateFrameworks/AppleFSCompression.framework/Versions/A/AppleFSCompression
0x00007fff79e81000 	/usr/lib/libOpenScriptingUtil.dylib
0x00007fff7a50f000 	/usr/lib/libcoretls.dylib
0x00007fff7a526000 	/usr/lib/libcoretls_cfhelpers.dylib
0x00007fff7bf92000 	/usr/lib/libpam.2.dylib
0x00007fff7c152000 	/usr/lib/libsqlite3.dylib
0x00007fff7c54c000 	/usr/lib/libxar.1.dylib
0x00007fff7a1f8000 	/usr/lib/libbz2.1.0.dylib
0x00007fff7af67000 	/usr/lib/liblzma.5.dylib
0x00007fff7b418000 	/usr/lib/libnetwork.dylib
0x00007fff7a051000 	/usr/lib/libapple_nghttp2.dylib
0x00007fff7bf99000 	/usr/lib/libpcap.A.dylib
0x00007fff525e2000 	/System/Library/Frameworks/CoreServices.framework/Versions/A/Frameworks/FSEvents.framework/Versions/A/FSEvents
0x00007fff522c1000 	/System/Library/Frameworks/CoreServices.framework/Versions/A/Frameworks/CarbonCore.framework/Versions/A/CarbonCore
0x00007fff5279d000 	/System/Library/Frameworks/CoreServices.framework/Versions/A/Frameworks/Metadata.framework/Versions/A/Metadata
0x00007fff5283c000 	/System/Library/Frameworks/CoreServices.framework/Versions/A/Frameworks/OSServices.framework/Versions/A/OSServices
0x00007fff52887000 	/System/Library/Frameworks/CoreServices.framework/Versions/A/Frameworks/SearchKit.framework/Versions/A/SearchKit
0x00007fff52244000 	/System/Library/Frameworks/CoreServices.framework/Versions/A/Frameworks/AE.framework/Versions/A/AE
0x00007fff525eb000 	/System/Library/Frameworks/CoreServices.framework/Versions/A/Frameworks/LaunchServices.framework/Versions/A/LaunchServices
0x00007fff52599000 	/System/Library/Frameworks/CoreServices.framework/Versions/A/Frameworks/DictionaryServices.framework/Versions/A/DictionaryServices
0x00007fff528ef000 	/System/Library/Frameworks/CoreServices.framework/Versions/A/Frameworks/SharedFileList.framework/Versions/A/SharedFileList
0x00007fff56c79000 	/System/Library/Frameworks/NetFS.framework/Versions/A/NetFS
0x00007fff6fe2e000 	/System/Library/PrivateFrameworks/NetAuth.framework/Versions/A/NetAuth
0x00007fff797e6000 	/System/Library/PrivateFrameworks/login.framework/Versions/A/Frameworks/loginsupport.framework/Versions/A/loginsupport
0x00007fff77906000 	/System/Library/PrivateFrameworks/TCC.framework/Versions/A/TCC
0x00007fff64d79000 	/System/Library/PrivateFrameworks/CoreNLP.framework/Versions/A/CoreNLP
0x00007fff6f89e000 	/System/Library/PrivateFrameworks/MetadataUtilities.framework/Versions/A/MetadataUtilities
0x00007fff7b03c000 	/usr/lib/libmecabra.dylib
0x00007fff4f409000 	/System/Library/Frameworks/ApplicationServices.framework/Versions/A/Frameworks/ATS.framework/Versions/A/ATS
0x00007fff4f758000 	/System/Library/Frameworks/ApplicationServices.framework/Versions/A/Frameworks/ColorSyncLegacy.framework/Versions/A/ColorSyncLegacy
0x00007fff4f7f7000 	/System/Library/Frameworks/ApplicationServices.framework/Versions/A/Frameworks/HIServices.framework/Versions/A/HIServices
0x00007fff4f84a000 	/System/Library/Frameworks/ApplicationServices.framework/Versions/A/Frameworks/LangAnalysis.framework/Versions/A/LangAnalysis
0x00007fff4f85a000 	/System/Library/Frameworks/ApplicationServices.framework/Versions/A/Frameworks/PrintCore.framework/Versions/A/PrintCore
0x00007fff4f8a4000 	/System/Library/Frameworks/ApplicationServices.framework/Versions/A/Frameworks/QD.framework/Versions/A/QD
0x00007fff4f8de000 	/System/Library/Frameworks/ApplicationServices.framework/Versions/A/Frameworks/SpeechSynthesis.framework/Versions/A/SpeechSynthesis
0x00007fff7a282000 	/usr/lib/libcompression.dylib
0x00007fff55e7a000 	/System/Library/Frameworks/MetalPerformanceShaders.framework/Versions/A/MetalPerformanceShaders
0x00007fff4d3e5000 	/System/Library/Frameworks/Accelerate.framework/Versions/A/Frameworks/vImage.framework/Versions/A/vImage
0x00007fff4e45f000 	/System/Library/Frameworks/Accelerate.framework/Versions/A/Frameworks/vecLib.framework/Versions/A/vecLib
0x00007fff4e3ab000 	/System/Library/Frameworks/Accelerate.framework/Versions/A/Frameworks/vecLib.framework/Versions/A/libvMisc.dylib
0x00007fff4e1c3000 	/System/Library/Frameworks/Accelerate.framework/Versions/A/Frameworks/vecLib.framework/Versions/A/libvDSP.dylib
0x00007fff4da7f000 	/System/Library/Frameworks/Accelerate.framework/Versions/A/Frameworks/vecLib.framework/Versions/A/libBLAS.dylib
0x00007fff4dd6c000 	/System/Library/Frameworks/Accelerate.framework/Versions/A/Frameworks/vecLib.framework/Versions/A/libLAPACK.dylib
0x00007fff4e116000 	/System/Library/Frameworks/Accelerate.framework/Versions/A/Frameworks/vecLib.framework/Versions/A/libLinearAlgebra.dylib
0x00007fff4e1af000 	/System/Library/Frameworks/Accelerate.framework/Versions/A/Frameworks/vecLib.framework/Versions/A/libSparseBLAS.dylib
0x00007fff4e12c000 	/System/Library/Frameworks/Accelerate.framework/Versions/A/Frameworks/vecLib.framework/Versions/A/libQuadrature.dylib
0x00007fff4dcf9000 	/System/Library/Frameworks/Accelerate.framework/Versions/A/Frameworks/vecLib.framework/Versions/A/libBNNS.dylib
0x00007fff4e132000 	/System/Library/Frameworks/Accelerate.framework/Versions/A/Frameworks/vecLib.framework/Versions/A/libSparse.dylib
0x00007fff6c0c7000 	/System/Library/PrivateFrameworks/GPUWrangler.framework/Versions/A/GPUWrangler
0x00007fff6e3cc000 	/System/Library/PrivateFrameworks/IOAccelerator.framework/Versions/A/IOAccelerator
0x00007fff6e3d7000 	/System/Library/PrivateFrameworks/IOPresentment.framework/Versions/A/IOPresentment
0x00007fff65b51000 	/System/Library/PrivateFrameworks/DSExternalDisplay.framework/Versions/A/DSExternalDisplay
0x00007fff5a0f5000 	/System/Library/Frameworks/OpenGL.framework/Versions/A/Libraries/libCoreFSCache.dylib
0x00007fff55c6e000 	/System/Library/Frameworks/MetalPerformanceShaders.framework/Frameworks/MPSCore.framework/Versions/A/MPSCore
0x00007fff55c8e000 	/System/Library/Frameworks/MetalPerformanceShaders.framework/Frameworks/MPSImage.framework/Versions/A/MPSImage
0x00007fff55d33000 	/System/Library/Frameworks/MetalPerformanceShaders.framework/Frameworks/MPSNeuralNetwork.framework/Versions/A/MPSNeuralNetwork
0x00007fff55d0b000 	/System/Library/Frameworks/MetalPerformanceShaders.framework/Frameworks/MPSMatrix.framework/Versions/A/MPSMatrix
0x00007fff55e5f000 	/System/Library/Frameworks/MetalPerformanceShaders.framework/Frameworks/MPSRayIntersector.framework/Versions/A/MPSRayIntersector
0x00007fff6f8c7000 	/System/Library/PrivateFrameworks/MetalTools.framework/Versions/A/MetalTools
0x00007fff60a06000 	/System/Library/PrivateFrameworks/AggregateDictionary.framework/Versions/A/AggregateDictionary
0x00007fff79e61000 	/usr/lib/libMobileGestalt.dylib
0x00007fff52d80000 	/System/Library/Frameworks/CoreVideo.framework/Versions/A/CoreVideo
0x00007fff6ced8000 	/System/Library/PrivateFrameworks/GraphVisualizer.framework/Versions/A/GraphVisualizer
0x00007fff66d57000 	/System/Library/PrivateFrameworks/FaceCore.framework/Versions/A/FaceCore
0x00007fff59723000 	/System/Library/Frameworks/OpenCL.framework/Versions/A/OpenCL
0x00007fff79bb9000 	/usr/lib/libFosl_dynamic.dylib
0x00007fff7069a000 	/System/Library/PrivateFrameworks/OTSVG.framework/Versions/A/OTSVG
0x00007fff4f50d000 	/System/Library/Frameworks/ApplicationServices.framework/Versions/A/Frameworks/ATS.framework/Versions/A/Resources/libFontParser.dylib
0x00007fff4f625000 	/System/Library/Frameworks/ApplicationServices.framework/Versions/A/Frameworks/ATS.framework/Versions/A/Resources/libFontRegistry.dylib
0x00007fff53c90000 	/System/Library/Frameworks/ImageIO.framework/Versions/A/Resources/libJPEG.dylib
0x00007fff53fb5000 	/System/Library/Frameworks/ImageIO.framework/Versions/A/Resources/libTIFF.dylib
0x00007fff53f8b000 	/System/Library/Frameworks/ImageIO.framework/Versions/A/Resources/libPng.dylib
0x00007fff53bae000 	/System/Library/Frameworks/ImageIO.framework/Versions/A/Resources/libGIF.dylib
0x00007fff53bb3000 	/System/Library/Frameworks/ImageIO.framework/Versions/A/Resources/libJP2.dylib
0x00007fff53fb2000 	/System/Library/Frameworks/ImageIO.framework/Versions/A/Resources/libRadiance.dylib
0x00007fff612b3000 	/System/Library/PrivateFrameworks/AppleJPEG.framework/Versions/A/AppleJPEG
0x00007fff5a100000 	/System/Library/Frameworks/OpenGL.framework/Versions/A/Libraries/libGFXShared.dylib
0x00007fff5a2c3000 	/System/Library/Frameworks/OpenGL.framework/Versions/A/Libraries/libGLU.dylib
0x00007fff5a109000 	/System/Library/Frameworks/OpenGL.framework/Versions/A/Libraries/libGL.dylib
0x00007fff5a115000 	/System/Library/Frameworks/OpenGL.framework/Versions/A/Libraries/libGLImage.dylib
0x00007fff5a0f2000 	/System/Library/Frameworks/OpenGL.framework/Versions/A/Libraries/libCVMSPluginSupport.dylib
0x00007fff5a0fb000 	/System/Library/Frameworks/OpenGL.framework/Versions/A/Libraries/libCoreVMClient.dylib
0x00007fff7a9d3000 	/usr/lib/libcups.2.dylib
0x00007fff55175000 	/System/Library/Frameworks/Kerberos.framework/Versions/A/Kerberos
0x00007fff53690000 	/System/Library/Frameworks/GSS.framework/Versions/A/GSS
0x00007fff7c0e7000 	/usr/lib/libresolv.9.dylib
0x00007fff7abc6000 	/usr/lib/libiconv.2.dylib
0x00007fff6d04d000 	/System/Library/PrivateFrameworks/Heimdal.framework/Versions/A/Heimdal
0x00007fff7ab96000 	/usr/lib/libheimdal-asn1.dylib
0x00007fff59797000 	/System/Library/Frameworks/OpenDirectory.framework/Versions/A/OpenDirectory
0x00007fff63adc000 	/System/Library/PrivateFrameworks/CommonAuth.framework/Versions/A/CommonAuth
0x00007fff5977b000 	/System/Library/Frameworks/OpenDirectory.framework/Versions/A/Frameworks/CFOpenDirectory.framework/Versions/A/CFOpenDirectory
0x00007fff5c848000 	/System/Library/Frameworks/SecurityFoundation.framework/Versions/A/SecurityFoundation
0x00007fff5ff4c000 	/System/Library/PrivateFrameworks/APFS.framework/Versions/A/APFS
0x00007fff7c548000 	/usr/lib/libutil.dylib
0x00007fff7a270000 	/usr/lib/libcharset.1.dylib
0x00007fff61550000 	/System/Library/PrivateFrameworks/AppleSauce.framework/Versions/A/AppleSauce
0x00007fff616d1000 	/System/Library/PrivateFrameworks/AssertionServices.framework/Versions/A/AssertionServices
0x00007fff61e02000 	/System/Library/PrivateFrameworks/BaseBoard.framework/Versions/A/BaseBoard
0x00007fff7af97000 	/usr/lib/libmecab.1.0.0.dylib
0x00007fff7ab90000 	/usr/lib/libgermantok.dylib
0x00007fff7a03e000 	/usr/lib/libThaiTokenizer.dylib
0x00007fff79ae9000 	/usr/lib/libChineseTokenizer.dylib
0x00007fff6ea84000 	/System/Library/PrivateFrameworks/LanguageModeling.framework/Versions/A/LanguageModeling
0x00007fff647be000 	/System/Library/PrivateFrameworks/CoreEmoji.framework/Versions/A/CoreEmoji
0x00007fff6eb60000 	/System/Library/PrivateFrameworks/Lexicon.framework/Versions/A/Lexicon
0x00007fff6eba3000 	/System/Library/PrivateFrameworks/LinguisticData.framework/Versions/A/LinguisticData
0x00007fff7a271000 	/usr/lib/libcmph.dylib
0x00007fff5c906000 	/System/Library/Frameworks/ServiceManagement.framework/Versions/A/ServiceManagement
0x00007fff61d63000 	/System/Library/PrivateFrameworks/BackgroundTaskManagement.framework/Versions/A/BackgroundTaskManagement
0x00007fff7c642000 	/usr/lib/libxslt.1.dylib
0x00007fff5057b000 	/System/Library/Frameworks/Carbon.framework/Versions/A/Frameworks/Ink.framework/Versions/A/Ink
0x00007fff77b78000 	/System/Library/PrivateFrameworks/TextureIO.framework/Versions/A/TextureIO
0x00007fff7a092000 	/usr/lib/libate.dylib
0x00007fff65aa0000 	/System/Library/PrivateFrameworks/CrashReporterSupport.framework/Versions/A/CrashReporterSupport
0x00007fff752b2000 	/System/Library/PrivateFrameworks/Sharing.framework/Versions/A/Sharing
0x00007fff61ab5000 	/System/Library/PrivateFrameworks/AuthKit.framework/Versions/A/AuthKit
0x00007fff61008000 	/System/Library/PrivateFrameworks/Apple80211.framework/Versions/A/Apple80211
0x00007fff65848000 	/System/Library/PrivateFrameworks/CoreUtils.framework/Versions/A/CoreUtils
0x00007fff52dc1000 	/System/Library/Frameworks/CoreWLAN.framework/Versions/A/CoreWLAN
0x00007fff537bf000 	/System/Library/Frameworks/IOBluetooth.framework/Versions/A/IOBluetooth
0x00007fff73726000 	/System/Library/PrivateFrameworks/ProtocolBuffer.framework/Versions/A/ProtocolBuffer
0x00007fff6fb24000 	/System/Library/PrivateFrameworks/MobileKeyBag.framework/Versions/A/MobileKeyBag
0x00007fff6508c000 	/System/Library/PrivateFrameworks/CorePhoneNumbers.framework/Versions/A/CorePhoneNumbers
0x00007fff61267000 	/System/Library/PrivateFrameworks/AppleIDAuthSupport.framework/Versions/A/AppleIDAuthSupport
0x00007fff6ea57000 	/System/Library/PrivateFrameworks/KeychainCircle.framework/Versions/A/KeychainCircle
0x00007fff738dc000 	/System/Library/PrivateFrameworks/ROCKit.framework/Versions/A/ROCKit
0x00007fff65a3c000 	/System/Library/PrivateFrameworks/CoreWiFi.framework/Versions/A/CoreWiFi
0x00007fff50b49000 	/System/Library/Frameworks/CoreBluetooth.framework/Versions/A/CoreBluetooth
0x00007fff65c97000 	/System/Library/PrivateFrameworks/DebugSymbols.framework/Versions/A/DebugSymbols
0x00007fff65608000 	/System/Library/PrivateFrameworks/CoreSymbolication.framework/Versions/A/CoreSymbolication
0x00007fff77395000 	/System/Library/PrivateFrameworks/Symbolication.framework/Versions/A/Symbolication
0x00007fff76c38000 	/System/Library/PrivateFrameworks/SpeechRecognitionCore.framework/Versions/A/SpeechRecognitionCore
0x000000010d762000 	/Users/lynxbagel/.vscode/extensions/redhat.java-1.27.0-darwin-x64/jre/17.0.10-macosx-x86_64/lib/server/libjvm.dylib
0x000000010e8c5000 	/Users/lynxbagel/.vscode/extensions/redhat.java-1.27.0-darwin-x64/jre/17.0.10-macosx-x86_64/lib/libjimage.dylib
0x000000010e8d7000 	/Users/lynxbagel/.vscode/extensions/redhat.java-1.27.0-darwin-x64/jre/17.0.10-macosx-x86_64/lib/libinstrument.dylib
0x000000010e8eb000 	/Users/lynxbagel/.vscode/extensions/redhat.java-1.27.0-darwin-x64/jre/17.0.10-macosx-x86_64/lib/./libjava.dylib
0x000000010e9c3000 	/Users/lynxbagel/.vscode/extensions/redhat.java-1.27.0-darwin-x64/jre/17.0.10-macosx-x86_64/lib/./libzip.dylib
0x0000000119600000 	/Users/lynxbagel/.vscode/extensions/redhat.java-1.27.0-darwin-x64/jre/17.0.10-macosx-x86_64/lib/libnio.dylib
0x000000011961c000 	/Users/lynxbagel/.vscode/extensions/redhat.java-1.27.0-darwin-x64/jre/17.0.10-macosx-x86_64/lib/./libnet.dylib
0x00000001196c4000 	/Users/lynxbagel/.vscode/extensions/redhat.java-1.27.0-darwin-x64/jre/17.0.10-macosx-x86_64/lib/libverify.dylib
0x0000000114fd6000 	/Users/lynxbagel/Library/Application Support/Code/User/globalStorage/redhat.java/1.27.0/config_mac/org.eclipse.equinox.launcher/org.eclipse.equinox.launcher.cocoa.macosx.x86_64_1.2.900.v20240129-1338/eclipse_11900.so


VM Arguments:
jvm_args: --add-modules=ALL-SYSTEM --add-opens=java.base/java.util=ALL-UNNAMED --add-opens=java.base/java.lang=ALL-UNNAMED --add-opens=java.base/sun.nio.fs=ALL-UNNAMED -Declipse.application=org.eclipse.jdt.ls.core.id1 -Dosgi.bundles.defaultStartLevel=4 -Declipse.product=org.eclipse.jdt.ls.core.product -Djava.import.generatesMetadataFilesAtProjectRoot=false -DDetectVMInstallationsJob.disabled=true -Dfile.encoding=utf8 -XX:+UseParallelGC -XX:GCTimeRatio=4 -XX:AdaptiveSizePolicyWeight=90 -Dsun.zip.disableMemoryMapping=true -Xmx1G -Xms100m -Xlog:disable -javaagent:/Users/lynxbagel/.vscode/extensions/redhat.java-1.27.0-darwin-x64/lombok/lombok-1.18.31.jar -XX:+HeapDumpOnOutOfMemoryError -XX:HeapDumpPath=/Users/lynxbagel/Library/Application Support/Code/User/workspaceStorage/cba970f3cd11d1122543192a7190957f/redhat.java -Daether.dependencyCollector.impl=bf 
java_command: /Users/lynxbagel/.vscode/extensions/redhat.java-1.27.0-darwin-x64/server/plugins/org.eclipse.equinox.launcher_1.6.700.v20231214-2017.jar -configuration /Users/lynxbagel/Library/Application Support/Code/User/globalStorage/redhat.java/1.27.0/config_mac -data /Users/lynxbagel/Library/Application Support/Code/User/workspaceStorage/cba970f3cd11d1122543192a7190957f/redhat.java/jdt_ws --stdio
java_class_path (initial): /Users/lynxbagel/.vscode/extensions/redhat.java-1.27.0-darwin-x64/server/plugins/org.eclipse.equinox.launcher_1.6.700.v20231214-2017.jar
Launcher Type: SUN_STANDARD

[Global flags]
    uintx AdaptiveSizePolicyWeight                 = 90                                        {product} {command line}
     intx CICompilerCount                          = 3                                         {product} {ergonomic}
    uintx GCTimeRatio                              = 4                                         {product} {command line}
     bool HeapDumpOnOutOfMemoryError               = true                                   {manageable} {command line}
    ccstr HeapDumpPath                             = /Users/lynxbagel/Library/Application Support/Code/User/workspaceStorage/cba970f3cd11d1122543192a7190957f/redhat.java         {manageable} {command line}
   size_t InitialHeapSize                          = 104857600                                 {product} {command line}
   size_t MaxHeapSize                              = 1073741824                                {product} {command line}
   size_t MaxNewSize                               = 357564416                                 {product} {ergonomic}
   size_t MinHeapDeltaBytes                        = 524288                                    {product} {ergonomic}
   size_t MinHeapSize                              = 104857600                                 {product} {command line}
   size_t NewSize                                  = 34603008                                  {product} {ergonomic}
    uintx NonNMethodCodeHeapSize                   = 5832780                                {pd product} {ergonomic}
    uintx NonProfiledCodeHeapSize                  = 122912730                              {pd product} {ergonomic}
   size_t OldSize                                  = 70254592                                  {product} {ergonomic}
    uintx ProfiledCodeHeapSize                     = 122912730                              {pd product} {ergonomic}
    uintx ReservedCodeCacheSize                    = 251658240                              {pd product} {ergonomic}
     bool SegmentedCodeCache                       = true                                      {product} {ergonomic}
   size_t SoftMaxHeapSize                          = 1073741824                             {manageable} {ergonomic}
     bool UseCompressedClassPointers               = true                           {product lp64_product} {ergonomic}
     bool UseCompressedOops                        = true                           {product lp64_product} {ergonomic}
     bool UseNUMA                                  = false                                     {product} {ergonomic}
     bool UseNUMAInterleaving                      = false                                     {product} {ergonomic}
     bool UseParallelGC                            = true                                      {product} {command line}

Logging:
Log output configuration:
 #0: stdout all=off uptime,level,tags
 #1: stderr all=off uptime,level,tags

Environment Variables:
PATH=/Library/Frameworks/Python.framework/Versions/3.11/bin:/usr/local/bin:/usr/bin:/bin:/usr/sbin:/sbin
SHELL=/bin/bash
TMPDIR=/var/folders/nk/7kyf6njj005dl_xkvwf22fvr0000gn/T/

Active Locale:
LC_ALL=C
LC_COLLATE=C
LC_CTYPE=C
LC_MESSAGES=C
LC_MONETARY=C
LC_NUMERIC=C
LC_TIME=C

Signal Handlers:
   SIGSEGV: _ZL13crash_handleriP9__siginfoPv in libjvm.dylib, mask=11100110000111110111111111111111, flags=SA_RESTART|SA_SIGINFO, unblocked
    SIGBUS: _ZL13crash_handleriP9__siginfoPv in libjvm.dylib, mask=11100110000111110111111111111111, flags=SA_RESTART|SA_SIGINFO, unblocked
    SIGFPE: _ZL13crash_handleriP9__siginfoPv in libjvm.dylib, mask=11100110000111110111111111111111, flags=SA_RESTART|SA_SIGINFO, unblocked
   SIGPIPE: _ZL17javaSignalHandleriP9__siginfoPv in libjvm.dylib, mask=11100110000111110111111111111111, flags=SA_RESTART|SA_SIGINFO, blocked
   SIGXFSZ: _ZL17javaSignalHandleriP9__siginfoPv in libjvm.dylib, mask=11100110000111110111111111111111, flags=SA_RESTART|SA_SIGINFO, blocked
    SIGILL: _ZL13crash_handleriP9__siginfoPv in libjvm.dylib, mask=11100110000111110111111111111111, flags=SA_RESTART|SA_SIGINFO, unblocked
   SIGUSR2: _ZL10SR_handleriP9__siginfoP17__darwin_ucontext in libjvm.dylib, mask=00000000000000000000000000000000, flags=SA_RESTART|SA_SIGINFO, blocked
    SIGHUP: _ZL11UserHandleriPvS_ in libjvm.dylib, mask=11100110000111110111111111111111, flags=SA_RESTART|SA_SIGINFO, blocked
    SIGINT: _ZL11UserHandleriPvS_ in libjvm.dylib, mask=11100110000111110111111111111111, flags=SA_RESTART|SA_SIGINFO, blocked
   SIGTERM: _ZL11UserHandleriPvS_ in libjvm.dylib, mask=11100110000111110111111111111111, flags=SA_RESTART|SA_SIGINFO, blocked
   SIGQUIT: _ZL11UserHandleriPvS_ in libjvm.dylib, mask=11100110000111110111111111111111, flags=SA_RESTART|SA_SIGINFO, blocked
   SIGTRAP: _ZL13crash_handleriP9__siginfoPv in libjvm.dylib, mask=11100110000111110111111111111111, flags=SA_RESTART|SA_SIGINFO, unblocked


Periodic native trim disabled


---------------  S Y S T E M  ---------------

OS:
uname: Darwin 18.7.0 Darwin Kernel Version 18.7.0: Tue Jun 22 19:37:08 PDT 2021; root:xnu-4903.278.70~1/RELEASE_X86_64 x86_64
OS uptime: 422 days 4:14 hours
rlimit (soft/hard): STACK 8192k/65532k , CORE 0k/infinity , NPROC 709/1064 , NOFILE 10240/infinity , AS infinity/infinity , CPU infinity/infinity , DATA infinity/infinity , FSIZE infinity/infinity , MEMLOCK infinity/infinity , RSS infinity/infinity
load average: 24.55 18.25 11.56

CPU: total 4 (initial active 4) (2 cores per cpu, 2 threads per core) family 6 model 61 stepping 4 microcode 0x2f, cx8, cmov, fxsr, ht, mmx, 3dnowpref, sse, sse2, sse3, ssse3, sse4.1, sse4.2, popcnt, lzcnt, tsc, tscinvbit, avx, avx2, aes, erms, clmul, bmi1, bmi2, rtm, adx, fma, vzeroupper, clflush
machdep.cpu.brand_string:Intel(R) Core(TM) i5-5350U CPU @ 1.80GHz
hw.cpufrequency:1800000000
hw.cpufrequency_min:1800000000
hw.cpufrequency_max:1800000000
hw.cachelinesize:64
hw.l1icachesize:32768
hw.l1dcachesize:32768
hw.l2cachesize:262144
hw.l3cachesize:3145728

Memory: 4k page, physical 8388608k(77272k free), swap 3145728k(1605632k free)

vm_info: OpenJDK 64-Bit Server VM (17.0.10+7) for bsd-amd64 JRE (17.0.10+7), built on Jan 16 2024 00:00:00 by "admin" with clang Apple LLVM 15.0.0 (clang-1500.0.40.1)

END.
