#
# A fatal error has been detected by the Java Runtime Environment:
#
#  SIGSEGV (0xb) at pc=0x00007fff7d1c76f2, pid=38924, tid=7171
#
# JRE version: OpenJDK Runtime Environment Temurin-17.0.10+7 (17.0.10+7) (build 17.0.10+7)
# Java VM: OpenJDK 64-Bit Server VM Temurin-17.0.10+7 (17.0.10+7, mixed mode, tiered, compressed oops, compressed class ptrs, parallel gc, bsd-amd64)
# Problematic frame:
# C  [libsystem_platform.dylib+0x16f2]  _platform_strlen+0x12
#
# No core dump will be written. Core dumps have been disabled. To enable core dumping, try "ulimit -c unlimited" before starting Java again
#
# If you would like to submit a bug report, please visit:
#   https://github.com/adoptium/adoptium-support/issues
# The crash happened outside the Java Virtual Machine in native code.
# See problematic frame for where to report the bug.
#

---------------  S U M M A R Y ------------

Command Line: --add-modules=ALL-SYSTEM --add-opens=java.base/java.util=ALL-UNNAMED --add-opens=java.base/java.lang=ALL-UNNAMED --add-opens=java.base/sun.nio.fs=ALL-UNNAMED -Declipse.application=org.eclipse.jdt.ls.core.id1 -Dosgi.bundles.defaultStartLevel=4 -Declipse.product=org.eclipse.jdt.ls.core.product -Djava.import.generatesMetadataFilesAtProjectRoot=false -DDetectVMInstallationsJob.disabled=true -Dfile.encoding=utf8 -XX:+UseParallelGC -XX:GCTimeRatio=4 -XX:AdaptiveSizePolicyWeight=90 -Dsun.zip.disableMemoryMapping=true -Xmx1G -Xms100m -Xlog:disable -javaagent:/Users/lynxbagel/.vscode/extensions/redhat.java-1.27.0-darwin-x64/lombok/lombok-1.18.31.jar -XX:+HeapDumpOnOutOfMemoryError -XX:HeapDumpPath=/Users/lynxbagel/Library/Application Support/Code/User/workspaceStorage/cba970f3cd11d1122543192a7190957f/redhat.java -Daether.dependencyCollector.impl=bf /Users/lynxbagel/.vscode/extensions/redhat.java-1.27.0-darwin-x64/server/plugins/org.eclipse.equinox.launcher_1.6.700.v20231214-2017.jar -configuration /Users/lynxbagel/Library/Application Support/Code/User/globalStorage/redhat.java/1.27.0/config_mac -data /Users/lynxbagel/Library/Application Support/Code/User/workspaceStorage/cba970f3cd11d1122543192a7190957f/redhat.java/jdt_ws --stdio

Host: "MacBookAir7,2" x86_64 1800 MHz, 4 cores, 8G, Darwin 18.7.0, macOS 10.14.6 (18G9323)
Time: Wed Feb  7 23:28:17 2024 EST elapsed time: 3.909932 seconds (0d 0h 0m 3s)

---------------  T H R E A D  ---------------

Current thread (0x00007fa769003200):  JavaThread "main" [_thread_in_native, id=7171, stack(0x0000700008aaa000,0x0000700008baa000)]

Stack: [0x0000700008aaa000,0x0000700008baa000],  sp=0x0000700008ba8470,  free space=1017k
Native frames: (J=compiled Java code, j=interpreted, Vv=VM code, C=native code)
C  [libsystem_platform.dylib+0x16f2]  _platform_strlen+0x12
C  [libobjc.A.dylib+0x2389]  objc_opt::objc_stringhash_t::getIndex(char const*) const+0x19
C  [libobjc.A.dylib+0x1f576]  search_builtins(char const*)+0x20
C  [libobjc.A.dylib+0x1f5c6]  __sel_registerName(char const*, bool, bool)+0x26
C  [libobjc.A.dylib+0xfe2a]  fixupMethodList(method_list_t*, bool, bool)+0x64
C  [libobjc.A.dylib+0x4ec5]  prepareMethodLists(objc_class*, method_list_t**, int, bool, bool)+0x88
C  [libobjc.A.dylib+0x18fdf]  realizeClassWithoutSwift(objc_class*)+0x6a2
C  [libobjc.A.dylib+0x1df49]  realizeClassMaybeSwiftMaybeRelock(objc_class*, mutex_tt<false>&, bool)+0x132
C  [libobjc.A.dylib+0x7641]  lookUpImpOrForward+0x95
C  [libobjc.A.dylib+0x7114]  _objc_msgSend_uncached+0x44
C  [eclipse_11900.so+0x7288]  dispatchMessages+0x58
C  [eclipse_11900.so+0x853b]  Java_org_eclipse_equinox_launcher_JNIBridge__1update_1splash+0xb
j  org.eclipse.equinox.launcher.JNIBridge._update_splash()V+0
j  org.eclipse.equinox.launcher.JNIBridge.updateSplash()Z+1
j  org.eclipse.equinox.launcher.JNIBridge.updateSplash()Z+19
j  org.eclipse.equinox.launcher.Main$SplashHandler.updateSplash()V+27
v  ~StubRoutines::call_stub
V  [libjvm.dylib+0x4f483a]  JavaCalls::call_helper(JavaValue*, methodHandle const&, JavaCallArguments*, JavaThread*)+0x31a
V  [libjvm.dylib+0x8d2327]  invoke(InstanceKlass*, methodHandle const&, Handle, bool, objArrayHandle, BasicType, objArrayHandle, bool, JavaThread*)+0xa27
V  [libjvm.dylib+0x8d18b2]  Reflection::invoke_method(oopDesc*, Handle, objArrayHandle, JavaThread*)+0x152
V  [libjvm.dylib+0x59fb83]  JVM_InvokeMethod+0x2f3
j  jdk.internal.reflect.NativeMethodAccessorImpl.invoke0(Ljava/lang/reflect/Method;Ljava/lang/Object;[Ljava/lang/Object;)Ljava/lang/Object;+0 java.base@17.0.10
j  jdk.internal.reflect.NativeMethodAccessorImpl.invoke(Ljava/lang/Object;[Ljava/lang/Object;)Ljava/lang/Object;+133 java.base@17.0.10
J 963 c1 jdk.internal.reflect.DelegatingMethodAccessorImpl.invoke(Ljava/lang/Object;[Ljava/lang/Object;)Ljava/lang/Object; java.base@17.0.10 (10 bytes) @ 0x000000010c94fc4c [0x000000010c94fb40+0x000000000000010c]
J 962 c1 java.lang.reflect.Method.invoke(Ljava/lang/Object;[Ljava/lang/Object;)Ljava/lang/Object; java.base@17.0.10 (65 bytes) @ 0x000000010c94f6bc [0x000000010c94f380+0x000000000000033c]
j  org.eclipse.core.runtime.internal.adaptor.DefaultStartupMonitor.update()V+16
j  org.eclipse.core.runtime.adaptor.EclipseStarter.updateSplash(Ljava/util/concurrent/Semaphore;Lorg/eclipse/core/runtime/adaptor/EclipseStarter$StartupEventListener;)V+40
j  org.eclipse.core.runtime.adaptor.EclipseStarter.refreshPackages([Lorg/osgi/framework/Bundle;)Z+74
j  org.eclipse.core.runtime.adaptor.EclipseStarter.loadBasicBundles()[Lorg/osgi/framework/Bundle;+168
j  org.eclipse.core.runtime.adaptor.EclipseStarter.startup([Ljava/lang/String;Ljava/lang/Runnable;)Lorg/osgi/framework/BundleContext;+153
j  org.eclipse.core.runtime.adaptor.EclipseStarter.run([Ljava/lang/String;Ljava/lang/Runnable;)Ljava/lang/Object;+21
v  ~StubRoutines::call_stub
V  [libjvm.dylib+0x4f483a]  JavaCalls::call_helper(JavaValue*, methodHandle const&, JavaCallArguments*, JavaThread*)+0x31a
V  [libjvm.dylib+0x8d2327]  invoke(InstanceKlass*, methodHandle const&, Handle, bool, objArrayHandle, BasicType, objArrayHandle, bool, JavaThread*)+0xa27
V  [libjvm.dylib+0x8d18b2]  Reflection::invoke_method(oopDesc*, Handle, objArrayHandle, JavaThread*)+0x152
V  [libjvm.dylib+0x59fb83]  JVM_InvokeMethod+0x2f3
j  jdk.internal.reflect.NativeMethodAccessorImpl.invoke0(Ljava/lang/reflect/Method;Ljava/lang/Object;[Ljava/lang/Object;)Ljava/lang/Object;+0 java.base@17.0.10
j  jdk.internal.reflect.NativeMethodAccessorImpl.invoke(Ljava/lang/Object;[Ljava/lang/Object;)Ljava/lang/Object;+133 java.base@17.0.10
j  jdk.internal.reflect.DelegatingMethodAccessorImpl.invoke(Ljava/lang/Object;[Ljava/lang/Object;)Ljava/lang/Object;+6 java.base@17.0.10
j  java.lang.reflect.Method.invoke(Ljava/lang/Object;[Ljava/lang/Object;)Ljava/lang/Object;+59 java.base@17.0.10
j  org.eclipse.equinox.launcher.Main.invokeFramework([Ljava/lang/String;[Ljava/net/URL;)V+202
j  org.eclipse.equinox.launcher.Main.basicRun([Ljava/lang/String;)V+159
j  org.eclipse.equinox.launcher.Main.run([Ljava/lang/String;)I+4
j  org.eclipse.equinox.launcher.Main.main([Ljava/lang/String;)V+10
v  ~StubRoutines::call_stub
V  [libjvm.dylib+0x4f483a]  JavaCalls::call_helper(JavaValue*, methodHandle const&, JavaCallArguments*, JavaThread*)+0x31a
V  [libjvm.dylib+0x5583fb]  jni_invoke_static(JNIEnv_*, JavaValue*, _jobject*, JNICallType, _jmethodID*, JNI_ArgumentPusher*, JavaThread*)+0x16b
V  [libjvm.dylib+0x55b716]  jni_CallStaticVoidMethod+0x186
C  [libjli.dylib+0xc89d]  JavaMain+0x5cd
C  [libjli.dylib+0xf649]  ThreadJavaMain+0x9
C  [libsystem_pthread.dylib+0x32eb]  _pthread_body+0x7e
C  [libsystem_pthread.dylib+0x6249]  _pthread_start+0x42
C  [libsystem_pthread.dylib+0x240d]  thread_start+0xd

Java frames: (J=compiled Java code, j=interpreted, Vv=VM code)
j  org.eclipse.equinox.launcher.JNIBridge._update_splash()V+0
j  org.eclipse.equinox.launcher.JNIBridge.updateSplash()Z+1
j  org.eclipse.equinox.launcher.JNIBridge.updateSplash()Z+19
j  org.eclipse.equinox.launcher.Main$SplashHandler.updateSplash()V+27
v  ~StubRoutines::call_stub
j  jdk.internal.reflect.NativeMethodAccessorImpl.invoke0(Ljava/lang/reflect/Method;Ljava/lang/Object;[Ljava/lang/Object;)Ljava/lang/Object;+0 java.base@17.0.10
j  jdk.internal.reflect.NativeMethodAccessorImpl.invoke(Ljava/lang/Object;[Ljava/lang/Object;)Ljava/lang/Object;+133 java.base@17.0.10
J 963 c1 jdk.internal.reflect.DelegatingMethodAccessorImpl.invoke(Ljava/lang/Object;[Ljava/lang/Object;)Ljava/lang/Object; java.base@17.0.10 (10 bytes) @ 0x000000010c94fc4c [0x000000010c94fb40+0x000000000000010c]
J 962 c1 java.lang.reflect.Method.invoke(Ljava/lang/Object;[Ljava/lang/Object;)Ljava/lang/Object; java.base@17.0.10 (65 bytes) @ 0x000000010c94f6bc [0x000000010c94f380+0x000000000000033c]
j  org.eclipse.core.runtime.internal.adaptor.DefaultStartupMonitor.update()V+16
j  org.eclipse.core.runtime.adaptor.EclipseStarter.updateSplash(Ljava/util/concurrent/Semaphore;Lorg/eclipse/core/runtime/adaptor/EclipseStarter$StartupEventListener;)V+40
j  org.eclipse.core.runtime.adaptor.EclipseStarter.refreshPackages([Lorg/osgi/framework/Bundle;)Z+74
j  org.eclipse.core.runtime.adaptor.EclipseStarter.loadBasicBundles()[Lorg/osgi/framework/Bundle;+168
j  org.eclipse.core.runtime.adaptor.EclipseStarter.startup([Ljava/lang/String;Ljava/lang/Runnable;)Lorg/osgi/framework/BundleContext;+153
j  org.eclipse.core.runtime.adaptor.EclipseStarter.run([Ljava/lang/String;Ljava/lang/Runnable;)Ljava/lang/Object;+21
v  ~StubRoutines::call_stub
j  jdk.internal.reflect.NativeMethodAccessorImpl.invoke0(Ljava/lang/reflect/Method;Ljava/lang/Object;[Ljava/lang/Object;)Ljava/lang/Object;+0 java.base@17.0.10
j  jdk.internal.reflect.NativeMethodAccessorImpl.invoke(Ljava/lang/Object;[Ljava/lang/Object;)Ljava/lang/Object;+133 java.base@17.0.10
j  jdk.internal.reflect.DelegatingMethodAccessorImpl.invoke(Ljava/lang/Object;[Ljava/lang/Object;)Ljava/lang/Object;+6 java.base@17.0.10
j  java.lang.reflect.Method.invoke(Ljava/lang/Object;[Ljava/lang/Object;)Ljava/lang/Object;+59 java.base@17.0.10
j  org.eclipse.equinox.launcher.Main.invokeFramework([Ljava/lang/String;[Ljava/net/URL;)V+202
j  org.eclipse.equinox.launcher.Main.basicRun([Ljava/lang/String;)V+159
j  org.eclipse.equinox.launcher.Main.run([Ljava/lang/String;)I+4
j  org.eclipse.equinox.launcher.Main.main([Ljava/lang/String;)V+10
v  ~StubRoutines::call_stub

siginfo: si_signo: 11 (SIGSEGV), si_code: 1 (SEGV_MAPERR), si_addr: 0x0000119e00005920

Registers:
RAX=0x0000119e00005920, RBX=0x00007fff7b82a7d0, RCX=0x0000119e00005920, RDX=0x0000119e00005920
RSP=0x0000700008ba8470, RBP=0x0000700008ba8470, RSI=0x0000119e00005920, RDI=0x0000119e00005920
R8 =0x0000000000000001, R9 =0x00000000ffffc7ff, R10=0x00007fa768400000, R11=0x0000000000000001
R12=0x0000119e00005920, R13=0x000000008000000c, R14=0x0000119e00005920, R15=0x00007fff7b82a7d0
RIP=0x00007fff7d1c76f2, EFLAGS=0x0000000000010202, ERR=0x0000000000000004
  TRAPNO=0x000000000000000e


Register to memory mapping:

RAX=0x0000119e00005920 is an unknown value
RBX=0x00007fff7b82a7d0: _objc_opt_data+0x3af8 in /usr/lib/libobjc.A.dylib at 0x00007fff7b7fb000
RCX=0x0000119e00005920 is an unknown value
RDX=0x0000119e00005920 is an unknown value
RSP=0x0000700008ba8470 is pointing into the stack for thread: 0x00007fa769003200
RBP=0x0000700008ba8470 is pointing into the stack for thread: 0x00007fa769003200
RSI=0x0000119e00005920 is an unknown value
RDI=0x0000119e00005920 is an unknown value
R8 =0x0000000000000001 is an unknown value
R9 =0x00000000ffffc7ff is an unknown value
R10=0x00007fa768400000 points into unknown readable memory: 0x4d746c7561666544 | 44 65 66 61 75 6c 74 4d
R11=0x0000000000000001 is an unknown value
R12=0x0000119e00005920 is an unknown value
R13=0x000000008000000c is an unknown value
R14=0x0000119e00005920 is an unknown value
R15=0x00007fff7b82a7d0: _objc_opt_data+0x3af8 in /usr/lib/libobjc.A.dylib at 0x00007fff7b7fb000


Top of Stack: (sp=0x0000700008ba8470)
0x0000700008ba8470:   0000700008ba84a0 00007fff7b7fd389
0x0000700008ba8480:   00007fff7b82a7d0 0000119e00005920
0x0000700008ba8490:   0000000000000000 0000000000000001
0x0000700008ba84a0:   0000700008ba84c0 00007fff7b81a576
0x0000700008ba84b0:   0000000000000001 0000000000000001
0x0000700008ba84c0:   0000700008ba8510 00007fff7b81a5c6
0x0000700008ba84d0:   00007fffabb305b0 00007fffb373a000
0x0000700008ba84e0:   c7386cf6045c001c 00007ffffffffff8
0x0000700008ba84f0:   0000000000000001 0000000080000024
0x0000700008ba8500:   00000001092cac68 0000000000000000
0x0000700008ba8510:   0000700008ba8570 00007fff7b80ae2a
0x0000700008ba8520:   0000000000000305 00007fffb33ea0f0
0x0000700008ba8530:   00007fffabc515a8 00007fffabb305b0
0x0000700008ba8540:   0000700000000001 00000001092cac68
0x0000700008ba8550:   0000000000000000 00007fa7684bf200
0x0000700008ba8560:   0000700008ba8500 0000000000000008
0x0000700008ba8570:   0000700008ba85c0 00007fff7b7ffec5
0x0000700008ba8580:   0000700008ba85d0 00000001abc515a8
0x0000700008ba8590:   00000001092d0680 00007fa7684bf2b0
0x0000700008ba85a0:   0000000020000001 00007ffffffffff8
0x0000700008ba85b0:   0000700008ba85d0 00000001092d02e8
0x0000700008ba85c0:   0000700008ba8640 00007fff7b813fdf
0x0000700008ba85d0:   00000001092cac68 0000000000000000
0x0000700008ba85e0:   0000000000000000 00000001092d0680
0x0000700008ba85f0:   0000000000000000 00007fa7684bf2b0
0x0000700008ba8600:   00000001092d0680 00000001092d02e8
0x0000700008ba8610:   00007fffabc515a8 00000001092d0680
0x0000700008ba8620:   0000000000000000 0000000000000001
0x0000700008ba8630:   0000000000000001 00007fff4f1a0f57
0x0000700008ba8640:   0000700008ba8670 00007fff7b818f49
0x0000700008ba8650:   00000001092d02e8 00000001092d0680
0x0000700008ba8660:   00000001092d0658 00007fff4f1a0f57 

Instructions: (pc=0x00007fff7d1c76f2)
0x00007fff7d1c75f2:   0d 81 7d 57 36 80 3a 00 48 8d 52 01 75 a7 eb 0b
0x00007fff7d1c7602:   48 c7 05 6b 7d 57 36 00 00 00 00 48 89 c3 48 83
0x00007fff7d1c7612:   c3 fc 48 89 c7 e8 c4 00 00 00 48 8d 70 04 48 89
0x00007fff7d1c7622:   df e8 a2 5f 00 00 48 83 3d 48 7d 57 36 00 75 11
0x00007fff7d1c7632:   48 b8 00 10 e0 ff ff 7f 00 00 48 89 05 35 7d 57
0x00007fff7d1c7642:   36 48 83 c4 08 5b 5d c3 55 48 89 e5 41 57 41 56
0x00007fff7d1c7652:   41 54 53 49 89 f7 48 89 fb 48 89 f7 e8 7d 00 00
0x00007fff7d1c7662:   00 48 85 db 74 43 48 8b 3b 48 85 ff 74 3b 49 89
0x00007fff7d1c7672:   c4 45 31 f6 e8 65 00 00 00 4c 39 e0 72 1c 48 8b
0x00007fff7d1c7682:   3b 4c 89 fe 4c 89 e2 e8 b2 00 00 00 85 c0 75 0a
0x00007fff7d1c7692:   48 8b 03 42 80 3c 20 3d 74 1e 48 8b 7b 08 48 83
0x00007fff7d1c76a2:   c3 08 48 85 ff 75 cd eb 03 45 31 f6 4c 89 f0 5b
0x00007fff7d1c76b2:   41 5c 41 5e 41 5f 5d c3 4e 8d 74 20 01 eb ed 90
0x00007fff7d1c76c2:   90 90 90 90 90 90 90 90 90 90 90 90 90 90 90 90
0x00007fff7d1c76d2:   90 90 90 90 90 90 90 90 90 90 90 90 90 90 55 48
0x00007fff7d1c76e2:   89 e5 48 89 f9 48 89 fa 48 83 e7 f0 66 0f ef c0
0x00007fff7d1c76f2:   66 0f 74 07 66 0f d7 f0 48 83 e1 0f 48 83 c8 ff
0x00007fff7d1c7702:   48 d3 e0 21 c6 74 17 0f bc c6 48 29 d7 48 01 f8
0x00007fff7d1c7712:   5d c3 66 2e 0f 1f 84 00 00 00 00 00 66 90 48 83
0x00007fff7d1c7722:   c7 10 66 0f ef c0 66 0f 74 07 66 0f d7 f0 85 f6
0x00007fff7d1c7732:   74 ec eb d3 90 90 90 90 90 90 90 90 90 90 55 48
0x00007fff7d1c7742:   89 e5 48 31 c0 48 31 c9 48 83 fa 20 0f 82 1f 01
0x00007fff7d1c7752:   00 00 48 f7 c7 0f 00 00 00 74 1d 48 0f b6 07 4c
0x00007fff7d1c7762:   0f b6 06 4c 29 c0 0f 85 0a 01 00 00 48 ff c7 48
0x00007fff7d1c7772:   ff c6 48 83 ea 01 eb da 48 f7 c6 0f 00 00 00 0f
0x00007fff7d1c7782:   84 89 00 00 00 49 89 f1 49 f7 d9 49 81 e1 f0 0f
0x00007fff7d1c7792:   00 00 74 40 66 2e 0f 1f 84 00 00 00 00 00 49 89
0x00007fff7d1c77a2:   d2 4d 29 ca 76 68 66 0f 6f 04 0f f3 0f 6f 0c 0e
0x00007fff7d1c77b2:   66 0f 74 c1 66 0f d7 c0 3d ff ff 00 00 75 7a 48
0x00007fff7d1c77c2:   83 c1 10 4c 39 c9 75 de 4c 89 d2 4c 01 cf 4c 01
0x00007fff7d1c77d2:   ce 48 31 c9 48 0f b6 07 4c 0f b6 06 4c 29 c0 0f
0x00007fff7d1c77e2:   85 91 00 00 00 48 ff c7 48 ff c6 48 83 ea 01 0f 


Stack slot to memory mapping:
stack at sp + 0 slots: 0x0000700008ba84a0 is pointing into the stack for thread: 0x00007fa769003200
stack at sp + 1 slots: 0x00007fff7b7fd389: _ZNK8objc_opt17objc_stringhash_t8getIndexEPKc+0x19 in /usr/lib/libobjc.A.dylib at 0x00007fff7b7fb000
stack at sp + 2 slots: 0x00007fff7b82a7d0: _objc_opt_data+0x3af8 in /usr/lib/libobjc.A.dylib at 0x00007fff7b7fb000
stack at sp + 3 slots: 0x0000119e00005920 is an unknown value
stack at sp + 4 slots: 0x0 is NULL
stack at sp + 5 slots: 0x0000000000000001 is an unknown value
stack at sp + 6 slots: 0x0000700008ba84c0 is pointing into the stack for thread: 0x00007fa769003200
stack at sp + 7 slots: 0x00007fff7b81a576: _ZL15search_builtinsPKc+0x20 in /usr/lib/libobjc.A.dylib at 0x00007fff7b7fb000


Compiled method (c1)    3956  963       3       jdk.internal.reflect.DelegatingMethodAccessorImpl::invoke (10 bytes)
 total in heap  [0x000000010c94f990,0x000000010c94fdb0] = 1056
 relocation     [0x000000010c94faf0,0x000000010c94fb30] = 64
 main code      [0x000000010c94fb40,0x000000010c94fce0] = 416
 stub code      [0x000000010c94fce0,0x000000010c94fd20] = 64
 metadata       [0x000000010c94fd20,0x000000010c94fd28] = 8
 scopes data    [0x000000010c94fd28,0x000000010c94fd48] = 32
 scopes pcs     [0x000000010c94fd48,0x000000010c94fd98] = 80
 dependencies   [0x000000010c94fd98,0x000000010c94fda0] = 8
 nul chk table  [0x000000010c94fda0,0x000000010c94fdb0] = 16

[Constant Pool (empty)]

[MachCode]
[Entry Point]
  # {method} {0x000000011c2b4270} 'invoke' '(Ljava/lang/Object;[Ljava/lang/Object;)Ljava/lang/Object;' in 'jdk/internal/reflect/DelegatingMethodAccessorImpl'
  # this:     rsi:rsi   = 'jdk/internal/reflect/DelegatingMethodAccessorImpl'
  # parm0:    rdx:rdx   = 'java/lang/Object'
  # parm1:    rcx:rcx   = '[Ljava/lang/Object;'
  #           [sp+0x40]  (sp of caller)
  0x000000010c94fb40: 448b 5608 | 49bb 0000 | 0000 0800 | 0000 4d03 | d34c 3bd0 

  0x000000010c94fb54: ;   {runtime_call ic_miss_stub}
  0x000000010c94fb54: 0f85 26bf | 3e07 660f | 1f44 0000 
[Verified Entry Point]
  0x000000010c94fb60: 8984 2400 | c0fe ff55 | 4883 ec30 

  0x000000010c94fb6c: ;   {metadata(method data for {method} {0x000000011c2b4270} 'invoke' '(Ljava/lang/Object;[Ljava/lang/Object;)Ljava/lang/Object;' in 'jdk/internal/reflect/DelegatingMethodAccessorImpl')}
  0x000000010c94fb6c: 48bf 4034 | b21c 0100 | 0000 8b9f | ac00 0000 | 83c3 0289 | 9fac 0000 | 0081 e3fe | 0700 0083 
  0x000000010c94fb8c: fb00 0f84 | cb00 0000 | 8b76 0c48 | c1e6 0348 | 3b06 488b 

  0x000000010c94fba0: ;   {metadata(method data for {method} {0x000000011c2b4270} 'invoke' '(Ljava/lang/Object;[Ljava/lang/Object;)Ljava/lang/Object;' in 'jdk/internal/reflect/DelegatingMethodAccessorImpl')}
  0x000000010c94fba0: fe48 bb40 | 34b2 1c01 | 0000 008b | 7f08 49ba | 0000 0000 | 0800 0000 | 4903 fa48 | 3bbb 0001 
  0x000000010c94fbc0: 0000 750d | 4883 8308 | 0100 0001 | e966 0000 | 0048 3bbb | 1001 0000 | 750d 4883 | 8318 0100 
  0x000000010c94fbe0: 0001 e950 | 0000 0048 | 81bb 0001 | 0000 0000 | 0000 7517 | 4889 bb00 | 0100 0048 | c783 0801 
  0x000000010c94fc00: 0000 0100 | 0000 e92c | 0000 0048 | 81bb 1001 | 0000 0000 | 0000 7517 | 4889 bb10 | 0100 0048 
  0x000000010c94fc20: c783 1801 | 0000 0100 | 0000 e908 | 0000 0048 | 8383 f000 | 0000 0166 | 0f1f 4400 | 0048 b820 
  0x000000010c94fc40: e479 68a7 

  0x000000010c94fc44: ;   {virtual_call}
  0x000000010c94fc44: 7f00 00e8 

  0x000000010c94fc48: ; ImmutableOopMap {}
                      ;*invokevirtual invoke {reexecute=0 rethrow=0 return_oop=0}
                      ; - jdk.internal.reflect.DelegatingMethodAccessorImpl::invoke@6
  0x000000010c94fc48: 608a 3e07 | 4883 c430 

  0x000000010c94fc50: ;   {poll_return}
  0x000000010c94fc50: 5d49 3ba7 | 4803 0000 | 0f87 2700 

  0x000000010c94fc5c: ;   {metadata({method} {0x000000011c2b4270} 'invoke' '(Ljava/lang/Object;[Ljava/lang/Object;)Ljava/lang/Object;' in 'jdk/internal/reflect/DelegatingMethodAccessorImpl')}
  0x000000010c94fc5c: 0000 c349 | ba70 422b | 1c01 0000 | 004c 8954 | 2408 48c7 | 0424 ffff 

  0x000000010c94fc74: ;   {runtime_call counter_overflow Runtime1 stub}
  0x000000010c94fc74: ffff e885 

  0x000000010c94fc78: ; ImmutableOopMap {rsi=Oop rdx=Oop rcx=Oop }
                      ;*synchronization entry
                      ; - jdk.internal.reflect.DelegatingMethodAccessorImpl::invoke@-1
  0x000000010c94fc78: 3749 07e9 | 14ff ffff 

  0x000000010c94fc80: ;   {runtime_call throw_null_pointer_exception Runtime1 stub}
  0x000000010c94fc80: e89b fa3f 

  0x000000010c94fc84: ; ImmutableOopMap {rdx=Oop rcx=Oop rsi=Oop }
                      ;*invokevirtual invoke {reexecute=0 rethrow=0 return_oop=0}
                      ; - jdk.internal.reflect.DelegatingMethodAccessorImpl::invoke@6
                      ;   {internal_word}
  0x000000010c94fc84: 0749 ba51 | fc94 0c01 | 0000 004d | 8997 6003 

  0x000000010c94fc94: ;   {runtime_call SafepointBlob}
  0x000000010c94fc94: 0000 e965 | 273f 0790 | 9049 8b87 | d803 0000 | 49c7 87d8 | 0300 0000 | 0000 0049 | c787 e003 
  0x000000010c94fcb4: 0000 0000 | 0000 4883 

  0x000000010c94fcbc: ;   {runtime_call unwind_exception Runtime1 stub}
  0x000000010c94fcbc: c430 5de9 | bc26 4007 | f4f4 f4f4 | f4f4 f4f4 | f4f4 f4f4 | f4f4 f4f4 | f4f4 f4f4 | f4f4 f4f4 
  0x000000010c94fcdc: f4f4 f4f4 
[Stub Code]
  0x000000010c94fce0: ;   {no_reloc}
  0x000000010c94fce0: 0f1f 4400 

  0x000000010c94fce4: ;   {static_stub}
  0x000000010c94fce4: 0048 bb00 | 0000 0000 

  0x000000010c94fcec: ;   {runtime_call}
  0x000000010c94fcec: 0000 00e9 | fbff ffff 
[Exception Handler]
  0x000000010c94fcf4: ;   {runtime_call handle_exception_from_callee Runtime1 stub}
  0x000000010c94fcf4: e807 1c49 

  0x000000010c94fcf8: ;   {external_word}
  0x000000010c94fcf8: 0748 bfd3 | b6f9 0101 | 0000 0048 

  0x000000010c94fd04: ;   {runtime_call MacroAssembler::debug64(char*, long long, long long*)}
  0x000000010c94fd04: 83e4 f0e8 | b474 26f5 

  0x000000010c94fd0c: ;   {section_word}
  0x000000010c94fd0c: f449 ba0d | fd94 0c01 | 0000 0041 

  0x000000010c94fd18: ;   {runtime_call DeoptimizationBlob}
  0x000000010c94fd18: 52e9 8219 | 3f07 f4f4 
[/MachCode]


Compiled method (c1)    3973  962       3       java.lang.reflect.Method::invoke (65 bytes)
 total in heap  [0x000000010c94f190,0x000000010c94f920] = 1936
 relocation     [0x000000010c94f2f0,0x000000010c94f370] = 128
 main code      [0x000000010c94f380,0x000000010c94f760] = 992
 stub code      [0x000000010c94f760,0x000000010c94f7d0] = 112
 metadata       [0x000000010c94f7d0,0x000000010c94f7e8] = 24
 scopes data    [0x000000010c94f7e8,0x000000010c94f860] = 120
 scopes pcs     [0x000000010c94f860,0x000000010c94f900] = 160
 dependencies   [0x000000010c94f900,0x000000010c94f908] = 8
 nul chk table  [0x000000010c94f908,0x000000010c94f920] = 24

[Constant Pool (empty)]

[MachCode]
[Entry Point]
  # {method} {0x000000011c059808} 'invoke' '(Ljava/lang/Object;[Ljava/lang/Object;)Ljava/lang/Object;' in 'java/lang/reflect/Method'
  # this:     rsi:rsi   = 'java/lang/reflect/Method'
  # parm0:    rdx:rdx   = 'java/lang/Object'
  # parm1:    rcx:rcx   = '[Ljava/lang/Object;'
  #           [sp+0x80]  (sp of caller)
  0x000000010c94f380: 448b 5608 | 49bb 0000 | 0000 0800 | 0000 4d03 | d34c 3bd0 

  0x000000010c94f394: ;   {runtime_call ic_miss_stub}
  0x000000010c94f394: 0f85 e6c6 | 3e07 660f | 1f44 0000 
[Verified Entry Point]
  0x000000010c94f3a0: 8984 2400 | c0fe ff55 | 4883 ec70 | 4889 7424 | 4848 8954 

  0x000000010c94f3b4: ;   {metadata(method data for {method} {0x000000011c059808} 'invoke' '(Ljava/lang/Object;[Ljava/lang/Object;)Ljava/lang/Object;' in 'java/lang/reflect/Method')}
  0x000000010c94f3b4: 2450 48bf | 8831 b21c | 0100 0000 | 8b9f ac00 | 0000 83c3 | 0289 9fac | 0000 0081 | e3fe 0700 
  0x000000010c94f3d4: 0083 fb00 | 0f84 f102 | 0000 0fbe | 7e0c 83ff 

  0x000000010c94f3e4: ;   {metadata(method data for {method} {0x000000011c059808} 'invoke' '(Ljava/lang/Object;[Ljava/lang/Object;)Ljava/lang/Object;' in 'java/lang/reflect/Method')}
  0x000000010c94f3e4: 0048 bf88 | 31b2 1c01 | 0000 0048 | bbf0 0000 | 0000 0000 | 000f 850a | 0000 0048 | bb00 0100 
  0x000000010c94f404: 0000 0000 | 0048 8b04 | 1f48 8d40 | 0148 8904 | 1f48 894c | 2458 0f85 | 8101 0000 

  0x000000010c94f420: ;   {metadata(method data for {method} {0x000000011c059808} 'invoke' '(Ljava/lang/Object;[Ljava/lang/Object;)Ljava/lang/Object;' in 'java/lang/reflect/Method')}
  0x000000010c94f420: 48bf 8831 | b21c 0100 | 0000 4883 | 8710 0100 | 0001 0f1f 

  0x000000010c94f434: ;   {static_call}
  0x000000010c94f434: 4400 00e8 

  0x000000010c94f438: ; ImmutableOopMap {[88]=Oop [80]=Oop [72]=Oop }
                      ;*invokestatic getCallerClass {reexecute=0 rethrow=0 return_oop=0}
                      ; - java.lang.reflect.Method::invoke@7
  0x000000010c94f438: 0489 9607 | 488b 7424 | 488b 4e24 | 48c1 e103 | 448b 4e20 

  0x000000010c94f44c: ;   {metadata(method data for {method} {0x000000011c059808} 'invoke' '(Ljava/lang/Object;[Ljava/lang/Object;)Ljava/lang/Object;' in 'java/lang/reflect/Method')}
  0x000000010c94f44c: 48ba 8831 | b21c 0100 | 0000 4883 | 8220 0100 

  0x000000010c94f45c: ;   {metadata(method data for {method} {0x000000011c209c38} 'isStatic' '(I)Z' in 'java/lang/reflect/Modifier')}
  0x000000010c94f45c: 0001 48ba | 58be 941c | 0100 0000 | 448b 82ac | 0000 0041 | 83c0 0244 | 8982 ac00 | 0000 4181 
  0x000000010c94f47c: e0fe ff1f | 0041 83f8 | 000f 8465 | 0200 0049 | 8bd1 83e2 | 0883 fa00 

  0x000000010c94f494: ;   {metadata(method data for {method} {0x000000011c209c38} 'isStatic' '(I)Z' in 'java/lang/reflect/Modifier')}
  0x000000010c94f494: 48ba 58be | 941c 0100 | 0000 49b8 | f000 0000 | 0000 0000 | 0f84 0a00 | 0000 49b8 | 0001 0000 
  0x000000010c94f4b4: 0000 0000 | 4a8b 3c02 | 488d 7f01 | 4a89 3c02 | 0f84 1a00 

  0x000000010c94f4c8: ;   {metadata(method data for {method} {0x000000011c209c38} 'isStatic' '(I)Z' in 'java/lang/reflect/Modifier')}
  0x000000010c94f4c8: 0000 48ba | 58be 941c | 0100 0000 | ff82 1001 | 0000 ba01 | 0000 00e9 | 0500 0000 | ba00 0000 
  0x000000010c94f4e8: 0083 e201 

  0x000000010c94f4ec: ;   {metadata(method data for {method} {0x000000011c059808} 'invoke' '(Ljava/lang/Object;[Ljava/lang/Object;)Ljava/lang/Object;' in 'java/lang/reflect/Method')}
  0x000000010c94f4ec: 83fa 0048 | ba88 31b2 | 1c01 0000 | 0049 b830 | 0100 0000 | 0000 000f | 840a 0000 | 0049 b840 
  0x000000010c94f50c: 0100 0000 | 0000 004a | 8b3c 0248 | 8d7f 014a | 893c 020f | 841f 0000 

  0x000000010c94f524: ;   {metadata(method data for {method} {0x000000011c059808} 'invoke' '(Ljava/lang/Object;[Ljava/lang/Object;)Ljava/lang/Object;' in 'java/lang/reflect/Method')}
  0x000000010c94f524: 0048 ba88 | 31b2 1c01 | 0000 00ff | 8250 0100 

  0x000000010c94f534: ;   {oop(NULL)}
  0x000000010c94f534: 0049 b800 | 0000 0000 | 0000 00e9 | 3500 0000 | 488b 5424 | 5048 3b02 

  0x000000010c94f54c: ;   {metadata(method data for {method} {0x000000011c059808} 'invoke' '(Ljava/lang/Object;[Ljava/lang/Object;)Ljava/lang/Object;' in 'java/lang/reflect/Method')}
  0x000000010c94f54c: 4c8b c248 | bf88 31b2 | 1c01 0000 | 0048 8387 | 6801 0000 | 0144 8b42 | 0849 ba00 | 0000 0008 
  0x000000010c94f56c: 0000 004d | 03c2 4d8b | 4070 4d8b | 0048 8bfe 

  0x000000010c94f57c: ;   {metadata(method data for {method} {0x000000011c059808} 'invoke' '(Ljava/lang/Object;[Ljava/lang/Object;)Ljava/lang/Object;' in 'java/lang/reflect/Method')}
  0x000000010c94f57c: 48bb 8831 | b21c 0100 | 0000 4883 | 83a0 0100 | 0001 488b | d048 8bde 

  0x000000010c94f594: ;   {optimized virtual_call}
  0x000000010c94f594: 488b f3e8 

  0x000000010c94f598: ; ImmutableOopMap {[88]=Oop [80]=Oop [72]=Oop }
                      ;*invokevirtual checkAccess {reexecute=0 rethrow=0 return_oop=0}
                      ; - java.lang.reflect.Method::invoke@39
  0x000000010c94f598: e4cb feff | 488b 7424 | 488b 7e4c | 48c1 e703 | 4883 ff00 

  0x000000010c94f5ac: ;   {metadata(method data for {method} {0x000000011c059808} 'invoke' '(Ljava/lang/Object;[Ljava/lang/Object;)Ljava/lang/Object;' in 'java/lang/reflect/Method')}
  0x000000010c94f5ac: 48bb 8831 | b21c 0100 | 0000 48b8 | d801 0000 | 0000 0000 | 0f85 0a00 | 0000 48b8 | e801 0000 
  0x000000010c94f5cc: 0000 0000 | 488b 1403 | 488d 5201 | 4889 1403 | 0f85 1d00 | 0000 488b 

  0x000000010c94f5e4: ;   {metadata(method data for {method} {0x000000011c059808} 'invoke' '(Ljava/lang/Object;[Ljava/lang/Object;)Ljava/lang/Object;' in 'java/lang/reflect/Method')}
  0x000000010c94f5e4: fe48 bb88 | 31b2 1c01 | 0000 0048 | 8383 f801 

  0x000000010c94f5f4: ;   {optimized virtual_call}
  0x000000010c94f5f4: 0000 01e8 

  0x000000010c94f5f8: ; ImmutableOopMap {[88]=Oop [80]=Oop }
                      ;*invokevirtual acquireMethodAccessor {reexecute=0 rethrow=0 return_oop=0}
                      ; - java.lang.reflect.Method::invoke@52
  0x000000010c94f5f8: 8901 0000 | 488b f848 | 8b4c 2458 | 488b 5424 | 5048 3b07 

  0x000000010c94f60c: ;   {metadata(method data for {method} {0x000000011c059808} 'invoke' '(Ljava/lang/Object;[Ljava/lang/Object;)Ljava/lang/Object;' in 'java/lang/reflect/Method')}
  0x000000010c94f60c: 488b f748 | bb88 31b2 | 1c01 0000 | 008b 7608 | 49ba 0000 | 0000 0800 | 0000 4903 | f248 3bb3 
  0x000000010c94f62c: 4002 0000 | 750d 4883 | 8348 0200 | 0001 e966 | 0000 0048 | 3bb3 5002 | 0000 750d | 4883 8358 
  0x000000010c94f64c: 0200 0001 | e950 0000 | 0048 81bb | 4002 0000 | 0000 0000 | 7517 4889 | b340 0200 | 0048 c783 
  0x000000010c94f66c: 4802 0000 | 0100 0000 | e92c 0000 | 0048 81bb | 5002 0000 | 0000 0000 | 7517 4889 | b350 0200 
  0x000000010c94f68c: 0048 c783 | 5802 0000 | 0100 0000 | e908 0000 | 0048 8383 | 3002 0000 | 0148 8bf7 | 0f1f 4400 
  0x000000010c94f6ac: 0048 b8a0 | 6402 0008 

  0x000000010c94f6b4: ;   {virtual_call}
  0x000000010c94f6b4: 0000 00e8 

  0x000000010c94f6b8: ; ImmutableOopMap {}
                      ;*invokeinterface invoke {reexecute=0 rethrow=0 return_oop=0}
                      ; - java.lang.reflect.Method::invoke@59
  0x000000010c94f6b8: 8404 0000 | 4883 c470 

  0x000000010c94f6c0: ;   {poll_return}
  0x000000010c94f6c0: 5d49 3ba7 | 4803 0000 | 0f87 4d00 

  0x000000010c94f6cc: ;   {metadata({method} {0x000000011c059808} 'invoke' '(Ljava/lang/Object;[Ljava/lang/Object;)Ljava/lang/Object;' in 'java/lang/reflect/Method')}
  0x000000010c94f6cc: 0000 c349 | ba08 9805 | 1c01 0000 | 004c 8954 | 2408 48c7 | 0424 ffff 

  0x000000010c94f6e4: ;   {runtime_call counter_overflow Runtime1 stub}
  0x000000010c94f6e4: ffff e815 

  0x000000010c94f6e8: ; ImmutableOopMap {rsi=Oop [72]=Oop rdx=Oop [80]=Oop rcx=Oop }
                      ;*synchronization entry
                      ; - java.lang.reflect.Method::invoke@-1
  0x000000010c94f6e8: 3d49 07e9 | eefc ffff 

  0x000000010c94f6f0: ;   {metadata({method} {0x000000011c209c38} 'isStatic' '(I)Z' in 'java/lang/reflect/Modifier')}
  0x000000010c94f6f0: 49ba 389c | 201c 0100 | 0000 4c89 | 5424 0848 | c704 24ff 

  0x000000010c94f704: ;   {runtime_call counter_overflow Runtime1 stub}
  0x000000010c94f704: ffff ffe8 

  0x000000010c94f708: ; ImmutableOopMap {[88]=Oop [80]=Oop rax=Oop rsi=Oop [72]=Oop rcx=Oop }
                      ;*synchronization entry
                      ; - java.lang.reflect.Modifier::isStatic@-1
                      ; - java.lang.reflect.Method::invoke@21
  0x000000010c94f708: f43c 4907 | e97a fdff 

  0x000000010c94f710: ;   {runtime_call throw_null_pointer_exception Runtime1 stub}
  0x000000010c94f710: ffe8 0a00 

  0x000000010c94f714: ; ImmutableOopMap {[88]=Oop rax=Oop rsi=Oop [72]=Oop rcx=Oop rdx=Oop [80]=Oop }
                      ;*invokevirtual getClass {reexecute=0 rethrow=0 return_oop=0}
                      ; - java.lang.reflect.Method::invoke@32
                      ;   {runtime_call throw_null_pointer_exception Runtime1 stub}
  0x000000010c94f714: 4007 e805 

  0x000000010c94f718: ; ImmutableOopMap {rdi=Oop rcx=Oop rdx=Oop [80]=Oop }
                      ;*invokeinterface invoke {reexecute=0 rethrow=0 return_oop=0}
                      ; - java.lang.reflect.Method::invoke@59
                      ;   {internal_word}
  0x000000010c94f718: 0040 0749 | bac1 f694 | 0c01 0000 | 004d 8997 | 6003 0000 

  0x000000010c94f72c: ;   {runtime_call SafepointBlob}
  0x000000010c94f72c: e9cf 2c3f | 0790 9049 | 8b87 d803 | 0000 49c7 | 87d8 0300 | 0000 0000 | 0049 c787 | e003 0000 
  0x000000010c94f74c: 0000 0000 | 4883 c470 

  0x000000010c94f754: ;   {runtime_call unwind_exception Runtime1 stub}
  0x000000010c94f754: 5de9 262c | 4007 f4f4 | f4f4 f4f4 
[Stub Code]
  0x000000010c94f760: ;   {no_reloc}
  0x000000010c94f760: 0f1f 4400 

  0x000000010c94f764: ;   {static_stub}
  0x000000010c94f764: 0048 bb00 | 0000 0000 

  0x000000010c94f76c: ;   {runtime_call}
  0x000000010c94f76c: 0000 00e9 | fbff ffff 

  0x000000010c94f774: ;   {static_stub}
  0x000000010c94f774: 9048 bb00 | 0000 0000 

  0x000000010c94f77c: ;   {runtime_call}
  0x000000010c94f77c: 0000 00e9 | fbff ffff 

  0x000000010c94f784: ;   {static_stub}
  0x000000010c94f784: 9048 bb38 | 9b05 1c01 

  0x000000010c94f78c: ;   {runtime_call I2C/C2I adapters}
  0x000000010c94f78c: 0000 00e9 | c50f 3f07 

  0x000000010c94f794: ;   {static_stub}
  0x000000010c94f794: 9048 bb00 | 0000 0000 

  0x000000010c94f79c: ;   {runtime_call}
  0x000000010c94f79c: 0000 00e9 | fbff ffff 
[Exception Handler]
  0x000000010c94f7a4: ;   {runtime_call handle_exception_from_callee Runtime1 stub}
  0x000000010c94f7a4: e857 2149 

  0x000000010c94f7a8: ;   {external_word}
  0x000000010c94f7a8: 0748 bfd3 | b6f9 0101 | 0000 0048 

  0x000000010c94f7b4: ;   {runtime_call MacroAssembler::debug64(char*, long long, long long*)}
  0x000000010c94f7b4: 83e4 f0e8 | 047a 26f5 

  0x000000010c94f7bc: ;   {section_word}
  0x000000010c94f7bc: f449 babd | f794 0c01 | 0000 0041 

  0x000000010c94f7c8: ;   {runtime_call DeoptimizationBlob}
  0x000000010c94f7c8: 52e9 d21e | 3f07 f4f4 
[/MachCode]


---------------  P R O C E S S  ---------------

Threads class SMR info:
_java_thread_list=0x00007fa7684be620, length=20, elements={
0x00007fa769003200, 0x00007fa769801000, 0x00007fa769801a00, 0x00007fa769004c00,
0x00007fa769005200, 0x00007fa769005800, 0x00007fa769011000, 0x00007fa76a006000,
0x00007fa76980e200, 0x00007fa76a007600, 0x00007fa76880a200, 0x00007fa7688b1800,
0x00007fa768828e00, 0x00007fa7688b4000, 0x00007fa76a00f200, 0x00007fa769805000,
0x00007fa769014000, 0x00007fa769805a00, 0x00007fa7690c3000, 0x00007fa769872c00
}

Java Threads: ( => current thread )
=>0x00007fa769003200 JavaThread "main" [_thread_in_native, id=7171, stack(0x0000700008aaa000,0x0000700008baa000)]
  0x00007fa769801000 JavaThread "Reference Handler" daemon [_thread_blocked, id=13827, stack(0x0000700008db3000,0x0000700008eb3000)]
  0x00007fa769801a00 JavaThread "Finalizer" daemon [_thread_blocked, id=14339, stack(0x0000700008eb6000,0x0000700008fb6000)]
  0x00007fa769004c00 JavaThread "Signal Dispatcher" daemon [_thread_blocked, id=16131, stack(0x0000700008fb9000,0x00007000090b9000)]
  0x00007fa769005200 JavaThread "Service Thread" daemon [_thread_blocked, id=15619, stack(0x00007000090bc000,0x00007000091bc000)]
  0x00007fa769005800 JavaThread "Monitor Deflation Thread" daemon [_thread_blocked, id=43267, stack(0x00007000091bf000,0x00007000092bf000)]
  0x00007fa769011000 JavaThread "C2 CompilerThread0" daemon [_thread_in_native, id=43011, stack(0x00007000092c2000,0x00007000093c2000)]
  0x00007fa76a006000 JavaThread "C1 CompilerThread0" daemon [_thread_in_vm, id=22275, stack(0x00007000093c5000,0x00007000094c5000)]
  0x00007fa76980e200 JavaThread "Sweeper thread" daemon [_thread_blocked, id=22787, stack(0x00007000094c8000,0x00007000095c8000)]
  0x00007fa76a007600 JavaThread "Common-Cleaner" daemon [_thread_blocked, id=42243, stack(0x00007000095cb000,0x00007000096cb000)]
  0x00007fa76880a200 JavaThread "Notification Thread" daemon [_thread_blocked, id=23043, stack(0x00007000096ce000,0x00007000097ce000)]
  0x00007fa7688b1800 JavaThread "process reaper" daemon [_thread_blocked, id=23555, stack(0x00007000098d4000,0x00007000098f8000)]
  0x00007fa768828e00 JavaThread "Equinox resolver thread - Equinox Container: e2658090-522e-4d80-a18d-71a93de29d8d" daemon [_thread_blocked, id=40707, stack(0x0000700009c04000,0x0000700009d04000)]
  0x00007fa7688b4000 JavaThread "Equinox resolver thread - Equinox Container: e2658090-522e-4d80-a18d-71a93de29d8d" daemon [_thread_blocked, id=25347, stack(0x0000700009d07000,0x0000700009e07000)]
  0x00007fa76a00f200 JavaThread "Equinox resolver thread - Equinox Container: e2658090-522e-4d80-a18d-71a93de29d8d" daemon [_thread_blocked, id=40195, stack(0x0000700009e0a000,0x0000700009f0a000)]
  0x00007fa769805000 JavaThread "Equinox resolver thread - Equinox Container: e2658090-522e-4d80-a18d-71a93de29d8d" daemon [_thread_blocked, id=39939, stack(0x0000700009f0d000,0x000070000a00d000)]
  0x00007fa769014000 JavaThread "Active Thread: Equinox Container: e2658090-522e-4d80-a18d-71a93de29d8d" [_thread_blocked, id=39427, stack(0x000070000a010000,0x000070000a110000)]
  0x00007fa769805a00 JavaThread "Framework Event Dispatcher: Equinox Container: e2658090-522e-4d80-a18d-71a93de29d8d" daemon [_thread_blocked, id=39171, stack(0x000070000a113000,0x000070000a213000)]
  0x00007fa7690c3000 JavaThread "Start Level: Equinox Container: e2658090-522e-4d80-a18d-71a93de29d8d" daemon [_thread_blocked, id=38915, stack(0x000070000a216000,0x000070000a316000)]
  0x00007fa769872c00 JavaThread "Refresh Thread: Equinox Container: e2658090-522e-4d80-a18d-71a93de29d8d" daemon [_thread_in_vm, id=38659, stack(0x000070000a319000,0x000070000a419000)] _threads_hazard_ptr=0x00007fa7684be620

Other Threads:
  0x00007fa768416fb0 VMThread "VM Thread" [stack: 0x0000700008cb0000,0x0000700008db0000] [id=17411]
  0x00007fa768456120 WatcherThread [stack: 0x00007000097d1000,0x00007000098d1000] [id=23299]
  0x00007fa76851ed30 GCTaskThread "GC Thread#0" [stack: 0x0000700008bad000,0x0000700008cad000] [id=19203]
  0x00007fa768481e40 GCTaskThread "GC Thread#1" [stack: 0x00007000098fb000,0x00007000099fb000] [id=41219]
  0x00007fa768676ca0 GCTaskThread "GC Thread#2" [stack: 0x00007000099fe000,0x0000700009afe000] [id=24323]
  0x00007fa768582290 GCTaskThread "GC Thread#3" [stack: 0x0000700009b01000,0x0000700009c01000] [id=24579]

Threads with active compile tasks:
C2 CompilerThread0     4007 1712       4       org.eclipse.osgi.internal.framework.FilterImpl$Parser::skipWhiteSpace (43 bytes)
C1 CompilerThread0     4007 1747       2       org.apache.felix.resolver.util.CandidateSelector::getRemainingCandidates (26 bytes)

VM state: not at safepoint (normal execution)

VM Mutex/Monitor currently owned by a thread: None

Heap address: 0x00000007c0000000, size: 1024 MB, Compressed Oops mode: Zero based, Oop shift amount: 3

CDS archive(s) not mapped
Compressed class space mapped at: 0x0000000800000000-0x0000000840000000, reserved size: 1073741824
Narrow klass base: 0x0000000800000000, Narrow klass shift: 0, Narrow klass range: 0x40000000

GC Precious Log:
 CPUs: 4 total, 4 available
 Memory: 8192M
 Large Page Support: Disabled
 NUMA Support: Disabled
 Compressed Oops: Enabled (Zero based)
 Alignments: Space 512K, Generation 512K, Heap 2M
 Heap Min Capacity: 100M
 Heap Initial Capacity: 100M
 Heap Max Capacity: 1G
 Pre-touch: Disabled
 Parallel Workers: 4

Heap:
 PSYoungGen      total 29696K, used 24466K [0x00000007eab00000, 0x00000007ecc00000, 0x0000000800000000)
  eden space 25600K, 79% used [0x00000007eab00000,0x00000007ebee6640,0x00000007ec400000)
  from space 4096K, 99% used [0x00000007ec800000,0x00000007ecbfe430,0x00000007ecc00000)
  to   space 4096K, 0% used [0x00000007ec400000,0x00000007ec400000,0x00000007ec800000)
 ParOldGen       total 68608K, used 714K [0x00000007c0000000, 0x00000007c4300000, 0x00000007eab00000)
  object space 68608K, 1% used [0x00000007c0000000,0x00000007c00b2b60,0x00000007c4300000)
 Metaspace       used 14569K, committed 14784K, reserved 1114112K
  class space    used 1477K, committed 1600K, reserved 1048576K

Card table byte_map: [0x0000000105c26000,0x0000000105e27000] _byte_map_base: 0x0000000101e26000

Marking Bits: (ParMarkBitMap*) 0x0000000102171270
 Begin Bits: [0x0000000105f7d000, 0x0000000106f7d000)
 End Bits:   [0x0000000106f7d000, 0x0000000107f7d000)

Polling page: 0x00000001025ca000

Metaspace:

Usage:
  Non-class:     12.79 MB used.
      Class:      1.44 MB used.
       Both:     14.23 MB used.

Virtual space:
  Non-class space:       64.00 MB reserved,      12.88 MB ( 20%) committed,  1 nodes.
      Class space:        1.00 GB reserved,       1.56 MB ( <1%) committed,  1 nodes.
             Both:        1.06 GB reserved,      14.44 MB (  1%) committed. 

Chunk freelists:
   Non-Class:  2.84 MB
       Class:  14.42 MB
        Both:  17.26 MB

MaxMetaspaceSize: unlimited
CompressedClassSpaceSize: 1.00 GB
Initial GC threshold: 21.00 MB
Current GC threshold: 21.00 MB
CDS: off
MetaspaceReclaimPolicy: balanced
 - commit_granule_bytes: 65536.
 - commit_granule_words: 8192.
 - virtual_space_node_default_size: 8388608.
 - enlarge_chunks_in_place: 1.
 - new_chunks_are_fully_committed: 0.
 - uncommit_free_chunks: 1.
 - use_allocation_guard: 0.
 - handle_deallocations: 1.


Internal statistics:

num_allocs_failed_limit: 0.
num_arena_births: 70.
num_arena_deaths: 0.
num_vsnodes_births: 2.
num_vsnodes_deaths: 0.
num_space_committed: 231.
num_space_uncommitted: 0.
num_chunks_returned_to_freelist: 0.
num_chunks_taken_from_freelist: 251.
num_chunk_merges: 0.
num_chunk_splits: 176.
num_chunks_enlarged: 143.
num_inconsistent_stats: 0.

CodeHeap 'non-profiled nmethods': size=120032Kb used=590Kb max_used=590Kb free=119441Kb
 bounds [0x000000011427c000, 0x00000001144ec000, 0x000000011b7b4000]
CodeHeap 'profiled nmethods': size=120028Kb used=3402Kb max_used=3402Kb free=116625Kb
 bounds [0x000000010c7b4000, 0x000000010cb14000, 0x0000000113ceb000]
CodeHeap 'non-nmethods': size=5700Kb used=1148Kb max_used=1166Kb free=4551Kb
 bounds [0x0000000113ceb000, 0x0000000113f5b000, 0x000000011427c000]
 total_blobs=2186 nmethods=1742 adapters=359
 compilation: enabled
              stopped_count=0, restarted_count=0
 full_count=0

Compilation events (20 events):
Event: 3.877 Thread 0x00007fa76a006000 nmethod 1634 0x000000011430b210 code [0x000000011430b3a0, 0x000000011430b470]
Event: 3.877 Thread 0x00007fa76a006000 1636       3       java.util.AbstractCollection::isEmpty (13 bytes)
Event: 3.877 Thread 0x00007fa76a006000 nmethod 1636 0x000000010cacc790 code [0x000000010cacc940, 0x000000010caccb60]
Event: 3.879 Thread 0x00007fa76a006000 1642       3       sun.invoke.util.Wrapper::forPrimitiveType (49 bytes)
Event: 3.893 Thread 0x00007fa76a006000 nmethod 1642 0x000000010caccc10 code [0x000000010caccf80, 0x000000010cace300]
Event: 3.893 Thread 0x00007fa76a006000 1652       3       java.util.HashSet::iterator (13 bytes)
Event: 3.893 Thread 0x00007fa76a006000 nmethod 1652 0x000000010cacea90 code [0x000000010cacec40, 0x000000010caceed0]
Event: 3.893 Thread 0x00007fa76a006000 1649       3       org.eclipse.osgi.internal.container.InternalUtils::asList (2 bytes)
Event: 3.893 Thread 0x00007fa76a006000 nmethod 1649 0x000000010cacf010 code [0x000000010cacf1a0, 0x000000010cacf290]
Event: 3.893 Thread 0x00007fa76a006000 1650       1       org.eclipse.osgi.container.ModuleRequirement::getDirectives (5 bytes)
Event: 3.893 Thread 0x00007fa76a006000 nmethod 1650 0x000000011430be10 code [0x000000011430bfa0, 0x000000011430c070]
Event: 3.893 Thread 0x00007fa76a006000 1647       3       java.lang.invoke.MemberName::getReferenceKind (12 bytes)
Event: 3.893 Thread 0x00007fa76a006000 nmethod 1647 0x000000010cacf310 code [0x000000010cacf4a0, 0x000000010cacf5b0]
Event: 3.893 Thread 0x00007fa76a006000 1651       1       org.apache.felix.resolver.ResolverImpl$ResolveSession::getContext (5 bytes)
Event: 3.893 Thread 0x00007fa76a006000 nmethod 1651 0x000000011430c110 code [0x000000011430c2a0, 0x000000011430c370]
Event: 3.893 Thread 0x00007fa76a006000 1654       3       java.util.Collections::unmodifiableMap (20 bytes)
Event: 3.894 Thread 0x00007fa76a006000 nmethod 1654 0x000000010cacf610 code [0x000000010cacf7e0, 0x000000010cacfba0]
Event: 3.894 Thread 0x00007fa76a006000 1655       3       java.util.Collections$UnmodifiableMap::<init> (22 bytes)
Event: 3.894 Thread 0x00007fa76a006000 nmethod 1655 0x000000010cacfd10 code [0x000000010cacfec0, 0x000000010cad0140]
Event: 3.894 Thread 0x00007fa76a006000 1646       3       java.lang.invoke.TypeConvertingMethodAdapter::descriptorToName (36 bytes)

GC Heap History (4 events):
Event: 1.890 GC heap before
{Heap before GC invocations=1 (full 0):
 PSYoungGen      total 29696K, used 25600K [0x00000007eab00000, 0x00000007ecc00000, 0x0000000800000000)
  eden space 25600K, 100% used [0x00000007eab00000,0x00000007ec400000,0x00000007ec400000)
  from space 4096K, 0% used [0x00000007ec800000,0x00000007ec800000,0x00000007ecc00000)
  to   space 4096K, 0% used [0x00000007ec400000,0x00000007ec400000,0x00000007ec800000)
 ParOldGen       total 68608K, used 0K [0x00000007c0000000, 0x00000007c4300000, 0x00000007eab00000)
  object space 68608K, 0% used [0x00000007c0000000,0x00000007c0000000,0x00000007c4300000)
 Metaspace       used 11047K, committed 11136K, reserved 1114112K
  class space    used 1117K, committed 1152K, reserved 1048576K
}
Event: 1.898 GC heap after
{Heap after GC invocations=1 (full 0):
 PSYoungGen      total 29696K, used 3108K [0x00000007eab00000, 0x00000007ecc00000, 0x0000000800000000)
  eden space 25600K, 0% used [0x00000007eab00000,0x00000007eab00000,0x00000007ec400000)
  from space 4096K, 75% used [0x00000007ec400000,0x00000007ec709140,0x00000007ec800000)
  to   space 4096K, 0% used [0x00000007ec800000,0x00000007ec800000,0x00000007ecc00000)
 ParOldGen       total 68608K, used 16K [0x00000007c0000000, 0x00000007c4300000, 0x00000007eab00000)
  object space 68608K, 0% used [0x00000007c0000000,0x00000007c0004000,0x00000007c4300000)
 Metaspace       used 11047K, committed 11136K, reserved 1114112K
  class space    used 1117K, committed 1152K, reserved 1048576K
}
Event: 3.314 GC heap before
{Heap before GC invocations=2 (full 0):
 PSYoungGen      total 29696K, used 28708K [0x00000007eab00000, 0x00000007ecc00000, 0x0000000800000000)
  eden space 25600K, 100% used [0x00000007eab00000,0x00000007ec400000,0x00000007ec400000)
  from space 4096K, 75% used [0x00000007ec400000,0x00000007ec709140,0x00000007ec800000)
  to   space 4096K, 0% used [0x00000007ec800000,0x00000007ec800000,0x00000007ecc00000)
 ParOldGen       total 68608K, used 16K [0x00000007c0000000, 0x00000007c4300000, 0x00000007eab00000)
  object space 68608K, 0% used [0x00000007c0000000,0x00000007c0004000,0x00000007c4300000)
 Metaspace       used 14203K, committed 14400K, reserved 1114112K
  class space    used 1444K, committed 1536K, reserved 1048576K
}
Event: 3.320 GC heap after
{Heap after GC invocations=2 (full 0):
 PSYoungGen      total 29696K, used 4089K [0x00000007eab00000, 0x00000007ecc00000, 0x0000000800000000)
  eden space 25600K, 0% used [0x00000007eab00000,0x00000007eab00000,0x00000007ec400000)
  from space 4096K, 99% used [0x00000007ec800000,0x00000007ecbfe430,0x00000007ecc00000)
  to   space 4096K, 0% used [0x00000007ec400000,0x00000007ec400000,0x00000007ec800000)
 ParOldGen       total 68608K, used 714K [0x00000007c0000000, 0x00000007c4300000, 0x00000007eab00000)
  object space 68608K, 1% used [0x00000007c0000000,0x00000007c00b2b60,0x00000007c4300000)
 Metaspace       used 14203K, committed 14400K, reserved 1114112K
  class space    used 1444K, committed 1536K, reserved 1048576K
}

Dll operation events (9 events):
Event: 0.011 Loaded shared library /Users/lynxbagel/.vscode/extensions/redhat.java-1.27.0-darwin-x64/jre/17.0.10-macosx-x86_64/lib/libjava.dylib
Event: 0.528 Loaded shared library /Users/lynxbagel/.vscode/extensions/redhat.java-1.27.0-darwin-x64/jre/17.0.10-macosx-x86_64/lib/libzip.dylib
Event: 0.536 Loaded shared library /Users/lynxbagel/.vscode/extensions/redhat.java-1.27.0-darwin-x64/jre/17.0.10-macosx-x86_64/lib/libinstrument.dylib
Event: 0.555 Loaded shared library /Users/lynxbagel/.vscode/extensions/redhat.java-1.27.0-darwin-x64/jre/17.0.10-macosx-x86_64/lib/libnio.dylib
Event: 0.577 Loaded shared library /Users/lynxbagel/.vscode/extensions/redhat.java-1.27.0-darwin-x64/jre/17.0.10-macosx-x86_64/lib/libzip.dylib
Event: 0.622 Loaded shared library /Users/lynxbagel/.vscode/extensions/redhat.java-1.27.0-darwin-x64/jre/17.0.10-macosx-x86_64/lib/libjimage.dylib
Event: 0.769 Loaded shared library /Users/lynxbagel/.vscode/extensions/redhat.java-1.27.0-darwin-x64/jre/17.0.10-macosx-x86_64/lib/libverify.dylib
Event: 2.009 Loaded shared library /Users/lynxbagel/.vscode/extensions/redhat.java-1.27.0-darwin-x64/jre/17.0.10-macosx-x86_64/lib/libnet.dylib
Event: 3.893 Loaded shared library /Users/lynxbagel/Library/Application Support/Code/User/globalStorage/redhat.java/1.27.0/config_mac/org.eclipse.equinox.launcher/org.eclipse.equinox.launcher.cocoa.macosx.x86_64_1.2.900.v20240129-1338/eclipse_11900.so

Deoptimization events (20 events):
Event: 3.652 Thread 0x00007fa769003200 DEOPT PACKING pc=0x000000010caa1ad5 sp=0x0000700008ba86b0
Event: 3.652 Thread 0x00007fa769003200 DEOPT UNPACKING pc=0x0000000113d41b2f sp=0x0000700008ba7b58 mode 0
Event: 3.652 Thread 0x00007fa769003200 DEOPT PACKING pc=0x000000010caa1ad5 sp=0x0000700008ba86b0
Event: 3.652 Thread 0x00007fa769003200 DEOPT UNPACKING pc=0x0000000113d41b2f sp=0x0000700008ba7b58 mode 0
Event: 3.652 Thread 0x00007fa769003200 DEOPT PACKING pc=0x000000010ca35a37 sp=0x0000700008ba8af0
Event: 3.652 Thread 0x00007fa769003200 DEOPT UNPACKING pc=0x0000000113d41b2f sp=0x0000700008ba7ff0 mode 0
Event: 3.652 Thread 0x00007fa769003200 DEOPT PACKING pc=0x000000010caa1ad5 sp=0x0000700008ba8880
Event: 3.652 Thread 0x00007fa769003200 DEOPT UNPACKING pc=0x0000000113d41b2f sp=0x0000700008ba7d28 mode 0
Event: 3.664 Thread 0x00007fa769003200 DEOPT PACKING pc=0x000000010caa1ad5 sp=0x0000700008ba86b0
Event: 3.664 Thread 0x00007fa769003200 DEOPT UNPACKING pc=0x0000000113d41b2f sp=0x0000700008ba7b58 mode 0
Event: 3.673 Thread 0x00007fa769003200 DEOPT PACKING pc=0x000000010ca35a37 sp=0x0000700008ba8af0
Event: 3.673 Thread 0x00007fa769003200 DEOPT UNPACKING pc=0x0000000113d41b2f sp=0x0000700008ba7ff0 mode 0
Event: 3.673 Thread 0x00007fa769003200 DEOPT PACKING pc=0x000000010caa1ad5 sp=0x0000700008ba8880
Event: 3.673 Thread 0x00007fa769003200 DEOPT UNPACKING pc=0x0000000113d41b2f sp=0x0000700008ba7d28 mode 0
Event: 3.700 Thread 0x00007fa769003200 DEOPT PACKING pc=0x000000010caa1ad5 sp=0x0000700008ba89c0
Event: 3.700 Thread 0x00007fa769003200 DEOPT UNPACKING pc=0x0000000113d41b2f sp=0x0000700008ba7e68 mode 0
Event: 3.876 Thread 0x00007fa769872c00 Uncommon trap: trap_request=0xffffff45 fr.pc=0x00000001142a861c relative=0x00000000000002fc
Event: 3.876 Thread 0x00007fa769872c00 Uncommon trap: reason=unstable_if action=reinterpret pc=0x00000001142a861c method=java.util.HashMap$HashIterator.<init>(Ljava/util/HashMap;)V @ 45 c2
Event: 3.876 Thread 0x00007fa769872c00 DEOPT PACKING pc=0x00000001142a861c sp=0x000070000a418460
Event: 3.876 Thread 0x00007fa769872c00 DEOPT UNPACKING pc=0x0000000113d41399 sp=0x000070000a418350 mode 2

Classes unloaded (0 events):
No events

Classes redefined (0 events):
No events

Internal exceptions (20 events):
Event: 1.336 Thread 0x00007fa769003200 Exception <a 'java/io/FileNotFoundException'{0x00000007eb850c80}> (0x00000007eb850c80) 
thrown [src/hotspot/share/prims/jni.cpp, line 516]
Event: 1.336 Thread 0x00007fa769003200 Exception <a 'java/io/FileNotFoundException'{0x00000007eb851720}> (0x00000007eb851720) 
thrown [src/hotspot/share/prims/jni.cpp, line 516]
Event: 1.361 Thread 0x00007fa769003200 Exception <a 'java/io/FileNotFoundException'{0x00000007eb88d1f0}> (0x00000007eb88d1f0) 
thrown [src/hotspot/share/prims/jni.cpp, line 516]
Event: 1.406 Thread 0x00007fa769003200 Exception <a 'java/lang/NoSuchMethodError'{0x00000007eb8ddf40}: 'java.lang.Object java.lang.invoke.DirectMethodHandle$Holder.invokeStaticInit(java.lang.Object)'> (0x00000007eb8ddf40) 
thrown [src/hotspot/share/interpreter/linkResolver.cpp, line 759]
Event: 1.409 Thread 0x00007fa769003200 Exception <a 'java/lang/NoSuchMethodError'{0x00000007eb8f4038}: 'java.lang.Object java.lang.invoke.DirectMethodHandle$Holder.invokeStaticInit(java.lang.Object, java.lang.Object, long, java.lang.Object)'> (0x00000007eb8f4038) 
thrown [src/hotspot/share/interpreter/linkResolver.cpp, line 759]
Event: 1.410 Thread 0x00007fa769003200 Exception <a 'java/lang/NoSuchMethodError'{0x00000007eb8fa698}: 'java.lang.Object java.lang.invoke.DirectMethodHandle$Holder.newInvokeSpecial(java.lang.Object, java.lang.Object, long)'> (0x00000007eb8fa698) 
thrown [src/hotspot/share/interpreter/linkResolver.cpp, line 759]
Event: 1.410 Thread 0x00007fa769003200 Exception <a 'java/lang/NoSuchMethodError'{0x00000007eb8fe988}: 'java.lang.Object java.lang.invoke.Invokers$Holder.linkToTargetMethod(java.lang.Object, long, java.lang.Object)'> (0x00000007eb8fe988) 
thrown [src/hotspot/share/interpreter/linkResolver.cpp, line 759]
Event: 1.419 Thread 0x00007fa769003200 Exception <a 'java/lang/NoSuchMethodError'{0x00000007eb92b7c0}: 'java.lang.Object java.lang.invoke.DirectMethodHandle$Holder.newInvokeSpecial(java.lang.Object, java.lang.Object, java.lang.Object, int)'> (0x00000007eb92b7c0) 
thrown [src/hotspot/share/interpreter/linkResolver.cpp, line 759]
Event: 1.422 Thread 0x00007fa769003200 Exception <a 'java/lang/NoSuchMethodError'{0x00000007eb9333f0}: 'java.lang.Object java.lang.invoke.Invokers$Holder.linkToTargetMethod(java.lang.Object, java.lang.Object, int, java.lang.Object)'> (0x00000007eb9333f0) 
thrown [src/hotspot/share/interpreter/linkResolver.cpp, line 759]
Event: 1.740 Thread 0x00007fa769003200 Exception <a 'java/io/FileNotFoundException'{0x00000007ec20e180}> (0x00000007ec20e180) 
thrown [src/hotspot/share/prims/jni.cpp, line 516]
Event: 1.961 Thread 0x00007fa769003200 Exception <a 'java/lang/NoSuchMethodError'{0x00000007eac22728}: 'int java.lang.invoke.DirectMethodHandle$Holder.invokeStaticInit(java.lang.Object, java.lang.Object, java.lang.Object, java.lang.Object)'> (0x00000007eac22728) 
thrown [src/hotspot/share/interpreter/linkResolver.cpp, line 759]
Event: 1.968 Thread 0x00007fa769003200 Exception <a 'java/lang/NoSuchMethodError'{0x00000007eac2cb50}: 'java.lang.Object java.lang.invoke.DirectMethodHandle$Holder.invokeInterface(java.lang.Object, java.lang.Object)'> (0x00000007eac2cb50) 
thrown [src/hotspot/share/interpreter/linkResolver.cpp, line 759]
Event: 1.969 Thread 0x00007fa769003200 Exception <a 'java/lang/IncompatibleClassChangeError'{0x00000007eac30348}: Found class java.lang.Object, but interface was expected> (0x00000007eac30348) 
thrown [src/hotspot/share/interpreter/linkResolver.cpp, line 826]
Event: 1.971 Thread 0x00007fa769003200 Exception <a 'java/lang/NoSuchMethodError'{0x00000007eac34838}: 'void java.lang.invoke.DirectMethodHandle$Holder.invokeStatic(java.lang.Object, java.lang.Object)'> (0x00000007eac34838) 
thrown [src/hotspot/share/interpreter/linkResolver.cpp, line 759]
Event: 1.971 Thread 0x00007fa769003200 Exception <a 'java/lang/NoSuchMethodError'{0x00000007eac38038}: 'void java.lang.invoke.DirectMethodHandle$Holder.invokeStaticInit(java.lang.Object, java.lang.Object)'> (0x00000007eac38038) 
thrown [src/hotspot/share/interpreter/linkResolver.cpp, line 759]
Event: 1.974 Thread 0x00007fa769003200 Exception <a 'java/lang/NoSuchMethodError'{0x00000007eac3f7d8}: 'int java.lang.invoke.DirectMethodHandle$Holder.invokeStaticInit(java.lang.Object, java.lang.Object)'> (0x00000007eac3f7d8) 
thrown [src/hotspot/share/interpreter/linkResolver.cpp, line 759]
Event: 2.504 Thread 0x00007fa769003200 Exception <a 'java/lang/NoSuchMethodError'{0x00000007eb7584c0}: 'int java.lang.invoke.DirectMethodHandle$Holder.invokeSpecial(java.lang.Object, java.lang.Object, java.lang.Object)'> (0x00000007eb7584c0) 
thrown [src/hotspot/share/interpreter/linkResolver.cpp, line 759]
Event: 2.874 Thread 0x00007fa769003200 Exception <a 'java/lang/NoSuchMethodError'{0x00000007ebc2d900}: 'java.lang.Object java.lang.invoke.DirectMethodHandle$Holder.newInvokeSpecial(java.lang.Object, int, java.lang.Object)'> (0x00000007ebc2d900) 
thrown [src/hotspot/share/interpreter/linkResolver.cpp, line 759]
Event: 3.877 Thread 0x00007fa769003200 Exception <a 'java/lang/UnsatisfiedLinkError'{0x00000007ebab3f60}: 'void org.eclipse.equinox.launcher.JNIBridge._update_splash()'> (0x00000007ebab3f60) 
thrown [src/hotspot/share/prims/nativeLookup.cpp, line 543]
Event: 3.879 Thread 0x00007fa769872c00 Exception <a 'java/lang/NoSuchMethodError'{0x00000007ebb6a3c8}: 'java.lang.Object java.lang.invoke.Invokers$Holder.invokeExact_MT(java.lang.Object, java.lang.Object, java.lang.Object, java.lang.Object, java.lang.Object, java.lang.Object)'> (0x00000007ebb6a3c8) 
thrown [src/hotspot/share/interpreter/linkResolver.cpp, line 759]

VM Operations (18 events):
Event: 0.386 Executing VM operation: HandshakeAllThreads
Event: 0.386 Executing VM operation: HandshakeAllThreads done
Event: 0.681 Executing VM operation: HandshakeAllThreads
Event: 0.681 Executing VM operation: HandshakeAllThreads done
Event: 1.290 Executing VM operation: HandshakeAllThreads
Event: 1.290 Executing VM operation: HandshakeAllThreads done
Event: 1.290 Executing VM operation: Cleanup
Event: 1.290 Executing VM operation: Cleanup done
Event: 1.328 Executing VM operation: HandshakeAllThreads
Event: 1.328 Executing VM operation: HandshakeAllThreads done
Event: 1.890 Executing VM operation: ParallelGCFailedAllocation
Event: 1.908 Executing VM operation: ParallelGCFailedAllocation done
Event: 2.817 Executing VM operation: HandshakeAllThreads
Event: 2.817 Executing VM operation: HandshakeAllThreads done
Event: 3.314 Executing VM operation: ParallelGCFailedAllocation
Event: 3.320 Executing VM operation: ParallelGCFailedAllocation done
Event: 3.870 Executing VM operation: HandshakeAllThreads
Event: 3.873 Executing VM operation: HandshakeAllThreads done

Events (20 events):
Event: 3.192 Thread 0x00007fa769805a00 Thread added: 0x00007fa769805a00
Event: 3.193 Protecting memory [0x000070000a113000,0x000070000a117000] with protection modes 0
Event: 3.196 loading class java/util/MissingResourceException
Event: 3.196 loading class java/util/MissingResourceException done
Event: 3.197 Thread 0x00007fa7690c3000 Thread added: 0x00007fa7690c3000
Event: 3.197 Protecting memory [0x000070000a216000,0x000070000a21a000] with protection modes 0
Event: 3.863 Thread 0x00007fa769872c00 Thread added: 0x00007fa769872c00
Event: 3.863 Protecting memory [0x000070000a319000,0x000070000a31d000] with protection modes 0
Event: 3.869 loading class java/util/ArrayList$ListItr
Event: 3.869 loading class java/util/ArrayList$ListItr done
Event: 3.878 loading class java/lang/invoke/MethodHandleImpl$AsVarargsCollector
Event: 3.878 loading class java/lang/invoke/MethodHandleImpl$AsVarargsCollector done
Event: 3.881 loading class java/util/Collections$ReverseComparator
Event: 3.881 loading class java/util/Collections$ReverseComparator done
Event: 3.881 loading class java/util/Comparators$NaturalOrderComparator
Event: 3.881 loading class java/util/Comparators$NaturalOrderComparator done
Event: 3.881 loading class java/util/Collections$ReverseComparator2
Event: 3.881 loading class java/util/Collections$ReverseComparator2 done
Event: 3.889 loading class java/util/function/BiPredicate
Event: 3.890 loading class java/util/function/BiPredicate done


Dynamic libraries:
0x00000001013e6000 	/Users/lynxbagel/.vscode/extensions/redhat.java-1.27.0-darwin-x64/jre/17.0.10-macosx-x86_64/lib/libjli.dylib
0x00007fff50776000 	/System/Library/Frameworks/Cocoa.framework/Versions/A/Cocoa
0x00007fff5c546000 	/System/Library/Frameworks/Security.framework/Versions/A/Security
0x00007fff4f408000 	/System/Library/Frameworks/ApplicationServices.framework/Versions/A/ApplicationServices
0x00007fff79fc1000 	/usr/lib/libSystem.B.dylib
0x00007fff50feb000 	/System/Library/Frameworks/CoreFoundation.framework/Versions/A/CoreFoundation
0x00007fff53273000 	/System/Library/Frameworks/Foundation.framework/Versions/C/Foundation
0x00007fff7b7fb000 	/usr/lib/libobjc.A.dylib
0x00007fff4e601000 	/System/Library/Frameworks/AppKit.framework/Versions/C/AppKit
0x00007fff50b74000 	/System/Library/Frameworks/CoreData.framework/Versions/A/CoreData
0x00007fff73a86000 	/System/Library/PrivateFrameworks/RemoteViewServices.framework/Versions/A/RemoteViewServices
0x00007fff77cfd000 	/System/Library/PrivateFrameworks/UIFoundation.framework/Versions/A/UIFoundation
0x00007fff793e2000 	/System/Library/PrivateFrameworks/XCTTargetBootstrap.framework/Versions/A/XCTTargetBootstrap
0x00007fff50efa000 	/System/Library/Frameworks/CoreDisplay.framework/Versions/A/CoreDisplay
0x00007fff6e797000 	/System/Library/PrivateFrameworks/IconServices.framework/Versions/A/IconServices
0x00007fff55baa000 	/System/Library/Frameworks/Metal.framework/Versions/A/Metal
0x00007fff65cd5000 	/System/Library/PrivateFrameworks/DesktopServicesPriv.framework/Versions/A/DesktopServicesPriv
0x00007fff7ab5e000 	/usr/lib/libenergytrace.dylib
0x00007fff761e5000 	/System/Library/PrivateFrameworks/SkyLight.framework/Versions/A/SkyLight
0x00007fff51433000 	/System/Library/Frameworks/CoreGraphics.framework/Versions/A/CoreGraphics
0x00007fff4d3cd000 	/System/Library/Frameworks/Accelerate.framework/Versions/A/Accelerate
0x00007fff539bd000 	/System/Library/Frameworks/IOSurface.framework/Versions/A/IOSurface
0x00007fff65b41000 	/System/Library/PrivateFrameworks/DFRFoundation.framework/Versions/A/DFRFoundation
0x00007fff4f8eb000 	/System/Library/Frameworks/AudioToolbox.framework/Versions/A/AudioToolbox
0x00007fff4fb64000 	/System/Library/Frameworks/AudioUnit.framework/Versions/A/AudioUnit
0x00007fff65bd6000 	/System/Library/PrivateFrameworks/DataDetectorsCore.framework/Versions/A/DataDetectorsCore
0x00007fff50279000 	/System/Library/Frameworks/Carbon.framework/Versions/A/Frameworks/HIToolbox.framework/Versions/A/HIToolbox
0x00007fff7acb7000 	/usr/lib/libicucore.A.dylib
0x00007fff7c66b000 	/usr/lib/libz.1.dylib
0x00007fff5bab7000 	/System/Library/Frameworks/QuartzCore.framework/Versions/A/QuartzCore
0x00007fff5064e000 	/System/Library/Frameworks/Carbon.framework/Versions/A/Frameworks/SpeechRecognition.framework/Versions/A/SpeechRecognition
0x00007fff7a115000 	/usr/lib/libauto.dylib
0x00007fff7c55e000 	/usr/lib/libxml2.2.dylib
0x00007fff6571c000 	/System/Library/PrivateFrameworks/CoreUI.framework/Versions/A/CoreUI
0x00007fff50a5f000 	/System/Library/Frameworks/CoreAudio.framework/Versions/A/CoreAudio
0x00007fff530a7000 	/System/Library/Frameworks/DiskArbitration.framework/Versions/A/DiskArbitration
0x00007fff7af65000 	/usr/lib/liblangid.dylib
0x00007fff6fbc8000 	/System/Library/PrivateFrameworks/MultitouchSupport.framework/Versions/A/MultitouchSupport
0x00007fff5392c000 	/System/Library/Frameworks/IOKit.framework/Versions/A/IOKit
0x00007fff79b81000 	/usr/lib/libDiagnosticMessagesClient.dylib
0x00007fff52243000 	/System/Library/Frameworks/CoreServices.framework/Versions/A/CoreServices
0x00007fff71885000 	/System/Library/PrivateFrameworks/PerformanceAnalysis.framework/Versions/A/PerformanceAnalysis
0x00007fff5ac9e000 	/System/Library/Frameworks/OpenGL.framework/Versions/A/OpenGL
0x00007fff50784000 	/System/Library/Frameworks/ColorSync.framework/Versions/A/ColorSync
0x00007fff51ac5000 	/System/Library/Frameworks/CoreImage.framework/Versions/A/CoreImage
0x00007fff52c1b000 	/System/Library/Frameworks/CoreText.framework/Versions/A/CoreText
0x00007fff53a20000 	/System/Library/Frameworks/ImageIO.framework/Versions/A/ImageIO
0x00007fff61d6c000 	/System/Library/PrivateFrameworks/Backup.framework/Versions/A/Backup
0x00007fff7a068000 	/usr/lib/libarchive.2.dylib
0x00007fff4febd000 	/System/Library/Frameworks/CFNetwork.framework/Versions/A/CFNetwork
0x00007fff5cca3000 	/System/Library/Frameworks/SystemConfiguration.framework/Versions/A/SystemConfiguration
0x00007fff79ab2000 	/usr/lib/libCRFSuite.dylib
0x00007fff7a206000 	/usr/lib/libc++.1.dylib
0x00007fff7a25a000 	/usr/lib/libc++abi.dylib
0x00007fff7ce61000 	/usr/lib/system/libcache.dylib
0x00007fff7ce66000 	/usr/lib/system/libcommonCrypto.dylib
0x00007fff7ce71000 	/usr/lib/system/libcompiler_rt.dylib
0x00007fff7ce79000 	/usr/lib/system/libcopyfile.dylib
0x00007fff7ce83000 	/usr/lib/system/libcorecrypto.dylib
0x00007fff7cf8f000 	/usr/lib/system/libdispatch.dylib
0x00007fff7cfc9000 	/usr/lib/system/libdyld.dylib
0x00007fff7cff6000 	/usr/lib/system/libkeymgr.dylib
0x00007fff7d004000 	/usr/lib/system/liblaunch.dylib
0x00007fff7d005000 	/usr/lib/system/libmacho.dylib
0x00007fff7d00b000 	/usr/lib/system/libquarantine.dylib
0x00007fff7d00e000 	/usr/lib/system/libremovefile.dylib
0x00007fff7d010000 	/usr/lib/system/libsystem_asl.dylib
0x00007fff7d028000 	/usr/lib/system/libsystem_blocks.dylib
0x00007fff7d029000 	/usr/lib/system/libsystem_c.dylib
0x00007fff7d0b1000 	/usr/lib/system/libsystem_configuration.dylib
0x00007fff7d0b5000 	/usr/lib/system/libsystem_coreservices.dylib
0x00007fff7d0b9000 	/usr/lib/system/libsystem_darwin.dylib
0x00007fff7d0c0000 	/usr/lib/system/libsystem_dnssd.dylib
0x00007fff7d0c7000 	/usr/lib/system/libsystem_info.dylib
0x00007fff7d13c000 	/usr/lib/system/libsystem_m.dylib
0x00007fff7d188000 	/usr/lib/system/libsystem_malloc.dylib
0x00007fff7d1b3000 	/usr/lib/system/libsystem_networkextension.dylib
0x00007fff7d1be000 	/usr/lib/system/libsystem_notify.dylib
0x00007fff7d1db000 	/usr/lib/system/libsystem_sandbox.dylib
0x00007fff7d1df000 	/usr/lib/system/libsystem_secinit.dylib
0x00007fff7d113000 	/usr/lib/system/libsystem_kernel.dylib
0x00007fff7d1c6000 	/usr/lib/system/libsystem_platform.dylib
0x00007fff7d1d0000 	/usr/lib/system/libsystem_pthread.dylib
0x00007fff7d1e2000 	/usr/lib/system/libsystem_symptoms.dylib
0x00007fff7d1ea000 	/usr/lib/system/libsystem_trace.dylib
0x00007fff7d201000 	/usr/lib/system/libunwind.dylib
0x00007fff7d207000 	/usr/lib/system/libxpc.dylib
0x00007fff7a1e7000 	/usr/lib/libbsm.0.dylib
0x00007fff7cff7000 	/usr/lib/system/libkxld.dylib
0x00007fff6115c000 	/System/Library/PrivateFrameworks/AppleFSCompression.framework/Versions/A/AppleFSCompression
0x00007fff79e81000 	/usr/lib/libOpenScriptingUtil.dylib
0x00007fff7a50f000 	/usr/lib/libcoretls.dylib
0x00007fff7a526000 	/usr/lib/libcoretls_cfhelpers.dylib
0x00007fff7bf92000 	/usr/lib/libpam.2.dylib
0x00007fff7c152000 	/usr/lib/libsqlite3.dylib
0x00007fff7c54c000 	/usr/lib/libxar.1.dylib
0x00007fff7a1f8000 	/usr/lib/libbz2.1.0.dylib
0x00007fff7af67000 	/usr/lib/liblzma.5.dylib
0x00007fff7b418000 	/usr/lib/libnetwork.dylib
0x00007fff7a051000 	/usr/lib/libapple_nghttp2.dylib
0x00007fff7bf99000 	/usr/lib/libpcap.A.dylib
0x00007fff525e2000 	/System/Library/Frameworks/CoreServices.framework/Versions/A/Frameworks/FSEvents.framework/Versions/A/FSEvents
0x00007fff522c1000 	/System/Library/Frameworks/CoreServices.framework/Versions/A/Frameworks/CarbonCore.framework/Versions/A/CarbonCore
0x00007fff5279d000 	/System/Library/Frameworks/CoreServices.framework/Versions/A/Frameworks/Metadata.framework/Versions/A/Metadata
0x00007fff5283c000 	/System/Library/Frameworks/CoreServices.framework/Versions/A/Frameworks/OSServices.framework/Versions/A/OSServices
0x00007fff52887000 	/System/Library/Frameworks/CoreServices.framework/Versions/A/Frameworks/SearchKit.framework/Versions/A/SearchKit
0x00007fff52244000 	/System/Library/Frameworks/CoreServices.framework/Versions/A/Frameworks/AE.framework/Versions/A/AE
0x00007fff525eb000 	/System/Library/Frameworks/CoreServices.framework/Versions/A/Frameworks/LaunchServices.framework/Versions/A/LaunchServices
0x00007fff52599000 	/System/Library/Frameworks/CoreServices.framework/Versions/A/Frameworks/DictionaryServices.framework/Versions/A/DictionaryServices
0x00007fff528ef000 	/System/Library/Frameworks/CoreServices.framework/Versions/A/Frameworks/SharedFileList.framework/Versions/A/SharedFileList
0x00007fff56c79000 	/System/Library/Frameworks/NetFS.framework/Versions/A/NetFS
0x00007fff6fe2e000 	/System/Library/PrivateFrameworks/NetAuth.framework/Versions/A/NetAuth
0x00007fff797e6000 	/System/Library/PrivateFrameworks/login.framework/Versions/A/Frameworks/loginsupport.framework/Versions/A/loginsupport
0x00007fff77906000 	/System/Library/PrivateFrameworks/TCC.framework/Versions/A/TCC
0x00007fff64d79000 	/System/Library/PrivateFrameworks/CoreNLP.framework/Versions/A/CoreNLP
0x00007fff6f89e000 	/System/Library/PrivateFrameworks/MetadataUtilities.framework/Versions/A/MetadataUtilities
0x00007fff7b03c000 	/usr/lib/libmecabra.dylib
0x00007fff4f409000 	/System/Library/Frameworks/ApplicationServices.framework/Versions/A/Frameworks/ATS.framework/Versions/A/ATS
0x00007fff4f758000 	/System/Library/Frameworks/ApplicationServices.framework/Versions/A/Frameworks/ColorSyncLegacy.framework/Versions/A/ColorSyncLegacy
0x00007fff4f7f7000 	/System/Library/Frameworks/ApplicationServices.framework/Versions/A/Frameworks/HIServices.framework/Versions/A/HIServices
0x00007fff4f84a000 	/System/Library/Frameworks/ApplicationServices.framework/Versions/A/Frameworks/LangAnalysis.framework/Versions/A/LangAnalysis
0x00007fff4f85a000 	/System/Library/Frameworks/ApplicationServices.framework/Versions/A/Frameworks/PrintCore.framework/Versions/A/PrintCore
0x00007fff4f8a4000 	/System/Library/Frameworks/ApplicationServices.framework/Versions/A/Frameworks/QD.framework/Versions/A/QD
0x00007fff4f8de000 	/System/Library/Frameworks/ApplicationServices.framework/Versions/A/Frameworks/SpeechSynthesis.framework/Versions/A/SpeechSynthesis
0x00007fff7a282000 	/usr/lib/libcompression.dylib
0x00007fff55e7a000 	/System/Library/Frameworks/MetalPerformanceShaders.framework/Versions/A/MetalPerformanceShaders
0x00007fff4d3e5000 	/System/Library/Frameworks/Accelerate.framework/Versions/A/Frameworks/vImage.framework/Versions/A/vImage
0x00007fff4e45f000 	/System/Library/Frameworks/Accelerate.framework/Versions/A/Frameworks/vecLib.framework/Versions/A/vecLib
0x00007fff4e3ab000 	/System/Library/Frameworks/Accelerate.framework/Versions/A/Frameworks/vecLib.framework/Versions/A/libvMisc.dylib
0x00007fff4e1c3000 	/System/Library/Frameworks/Accelerate.framework/Versions/A/Frameworks/vecLib.framework/Versions/A/libvDSP.dylib
0x00007fff4da7f000 	/System/Library/Frameworks/Accelerate.framework/Versions/A/Frameworks/vecLib.framework/Versions/A/libBLAS.dylib
0x00007fff4dd6c000 	/System/Library/Frameworks/Accelerate.framework/Versions/A/Frameworks/vecLib.framework/Versions/A/libLAPACK.dylib
0x00007fff4e116000 	/System/Library/Frameworks/Accelerate.framework/Versions/A/Frameworks/vecLib.framework/Versions/A/libLinearAlgebra.dylib
0x00007fff4e1af000 	/System/Library/Frameworks/Accelerate.framework/Versions/A/Frameworks/vecLib.framework/Versions/A/libSparseBLAS.dylib
0x00007fff4e12c000 	/System/Library/Frameworks/Accelerate.framework/Versions/A/Frameworks/vecLib.framework/Versions/A/libQuadrature.dylib
0x00007fff4dcf9000 	/System/Library/Frameworks/Accelerate.framework/Versions/A/Frameworks/vecLib.framework/Versions/A/libBNNS.dylib
0x00007fff4e132000 	/System/Library/Frameworks/Accelerate.framework/Versions/A/Frameworks/vecLib.framework/Versions/A/libSparse.dylib
0x00007fff6c0c7000 	/System/Library/PrivateFrameworks/GPUWrangler.framework/Versions/A/GPUWrangler
0x00007fff6e3cc000 	/System/Library/PrivateFrameworks/IOAccelerator.framework/Versions/A/IOAccelerator
0x00007fff6e3d7000 	/System/Library/PrivateFrameworks/IOPresentment.framework/Versions/A/IOPresentment
0x00007fff65b51000 	/System/Library/PrivateFrameworks/DSExternalDisplay.framework/Versions/A/DSExternalDisplay
0x00007fff5a0f5000 	/System/Library/Frameworks/OpenGL.framework/Versions/A/Libraries/libCoreFSCache.dylib
0x00007fff55c6e000 	/System/Library/Frameworks/MetalPerformanceShaders.framework/Frameworks/MPSCore.framework/Versions/A/MPSCore
0x00007fff55c8e000 	/System/Library/Frameworks/MetalPerformanceShaders.framework/Frameworks/MPSImage.framework/Versions/A/MPSImage
0x00007fff55d33000 	/System/Library/Frameworks/MetalPerformanceShaders.framework/Frameworks/MPSNeuralNetwork.framework/Versions/A/MPSNeuralNetwork
0x00007fff55d0b000 	/System/Library/Frameworks/MetalPerformanceShaders.framework/Frameworks/MPSMatrix.framework/Versions/A/MPSMatrix
0x00007fff55e5f000 	/System/Library/Frameworks/MetalPerformanceShaders.framework/Frameworks/MPSRayIntersector.framework/Versions/A/MPSRayIntersector
0x00007fff6f8c7000 	/System/Library/PrivateFrameworks/MetalTools.framework/Versions/A/MetalTools
0x00007fff60a06000 	/System/Library/PrivateFrameworks/AggregateDictionary.framework/Versions/A/AggregateDictionary
0x00007fff79e61000 	/usr/lib/libMobileGestalt.dylib
0x00007fff52d80000 	/System/Library/Frameworks/CoreVideo.framework/Versions/A/CoreVideo
0x00007fff6ced8000 	/System/Library/PrivateFrameworks/GraphVisualizer.framework/Versions/A/GraphVisualizer
0x00007fff66d57000 	/System/Library/PrivateFrameworks/FaceCore.framework/Versions/A/FaceCore
0x00007fff59723000 	/System/Library/Frameworks/OpenCL.framework/Versions/A/OpenCL
0x00007fff79bb9000 	/usr/lib/libFosl_dynamic.dylib
0x00007fff7069a000 	/System/Library/PrivateFrameworks/OTSVG.framework/Versions/A/OTSVG
0x00007fff4f50d000 	/System/Library/Frameworks/ApplicationServices.framework/Versions/A/Frameworks/ATS.framework/Versions/A/Resources/libFontParser.dylib
0x00007fff4f625000 	/System/Library/Frameworks/ApplicationServices.framework/Versions/A/Frameworks/ATS.framework/Versions/A/Resources/libFontRegistry.dylib
0x00007fff53c90000 	/System/Library/Frameworks/ImageIO.framework/Versions/A/Resources/libJPEG.dylib
0x00007fff53fb5000 	/System/Library/Frameworks/ImageIO.framework/Versions/A/Resources/libTIFF.dylib
0x00007fff53f8b000 	/System/Library/Frameworks/ImageIO.framework/Versions/A/Resources/libPng.dylib
0x00007fff53bae000 	/System/Library/Frameworks/ImageIO.framework/Versions/A/Resources/libGIF.dylib
0x00007fff53bb3000 	/System/Library/Frameworks/ImageIO.framework/Versions/A/Resources/libJP2.dylib
0x00007fff53fb2000 	/System/Library/Frameworks/ImageIO.framework/Versions/A/Resources/libRadiance.dylib
0x00007fff612b3000 	/System/Library/PrivateFrameworks/AppleJPEG.framework/Versions/A/AppleJPEG
0x00007fff5a100000 	/System/Library/Frameworks/OpenGL.framework/Versions/A/Libraries/libGFXShared.dylib
0x00007fff5a2c3000 	/System/Library/Frameworks/OpenGL.framework/Versions/A/Libraries/libGLU.dylib
0x00007fff5a109000 	/System/Library/Frameworks/OpenGL.framework/Versions/A/Libraries/libGL.dylib
0x00007fff5a115000 	/System/Library/Frameworks/OpenGL.framework/Versions/A/Libraries/libGLImage.dylib
0x00007fff5a0f2000 	/System/Library/Frameworks/OpenGL.framework/Versions/A/Libraries/libCVMSPluginSupport.dylib
0x00007fff5a0fb000 	/System/Library/Frameworks/OpenGL.framework/Versions/A/Libraries/libCoreVMClient.dylib
0x00007fff7a9d3000 	/usr/lib/libcups.2.dylib
0x00007fff55175000 	/System/Library/Frameworks/Kerberos.framework/Versions/A/Kerberos
0x00007fff53690000 	/System/Library/Frameworks/GSS.framework/Versions/A/GSS
0x00007fff7c0e7000 	/usr/lib/libresolv.9.dylib
0x00007fff7abc6000 	/usr/lib/libiconv.2.dylib
0x00007fff6d04d000 	/System/Library/PrivateFrameworks/Heimdal.framework/Versions/A/Heimdal
0x00007fff7ab96000 	/usr/lib/libheimdal-asn1.dylib
0x00007fff59797000 	/System/Library/Frameworks/OpenDirectory.framework/Versions/A/OpenDirectory
0x00007fff63adc000 	/System/Library/PrivateFrameworks/CommonAuth.framework/Versions/A/CommonAuth
0x00007fff5977b000 	/System/Library/Frameworks/OpenDirectory.framework/Versions/A/Frameworks/CFOpenDirectory.framework/Versions/A/CFOpenDirectory
0x00007fff5c848000 	/System/Library/Frameworks/SecurityFoundation.framework/Versions/A/SecurityFoundation
0x00007fff5ff4c000 	/System/Library/PrivateFrameworks/APFS.framework/Versions/A/APFS
0x00007fff7c548000 	/usr/lib/libutil.dylib
0x00007fff7a270000 	/usr/lib/libcharset.1.dylib
0x00007fff61550000 	/System/Library/PrivateFrameworks/AppleSauce.framework/Versions/A/AppleSauce
0x00007fff616d1000 	/System/Library/PrivateFrameworks/AssertionServices.framework/Versions/A/AssertionServices
0x00007fff61e02000 	/System/Library/PrivateFrameworks/BaseBoard.framework/Versions/A/BaseBoard
0x00007fff7af97000 	/usr/lib/libmecab.1.0.0.dylib
0x00007fff7ab90000 	/usr/lib/libgermantok.dylib
0x00007fff7a03e000 	/usr/lib/libThaiTokenizer.dylib
0x00007fff79ae9000 	/usr/lib/libChineseTokenizer.dylib
0x00007fff6ea84000 	/System/Library/PrivateFrameworks/LanguageModeling.framework/Versions/A/LanguageModeling
0x00007fff647be000 	/System/Library/PrivateFrameworks/CoreEmoji.framework/Versions/A/CoreEmoji
0x00007fff6eb60000 	/System/Library/PrivateFrameworks/Lexicon.framework/Versions/A/Lexicon
0x00007fff6eba3000 	/System/Library/PrivateFrameworks/LinguisticData.framework/Versions/A/LinguisticData
0x00007fff7a271000 	/usr/lib/libcmph.dylib
0x00007fff5c906000 	/System/Library/Frameworks/ServiceManagement.framework/Versions/A/ServiceManagement
0x00007fff61d63000 	/System/Library/PrivateFrameworks/BackgroundTaskManagement.framework/Versions/A/BackgroundTaskManagement
0x00007fff7c642000 	/usr/lib/libxslt.1.dylib
0x00007fff5057b000 	/System/Library/Frameworks/Carbon.framework/Versions/A/Frameworks/Ink.framework/Versions/A/Ink
0x00007fff77b78000 	/System/Library/PrivateFrameworks/TextureIO.framework/Versions/A/TextureIO
0x00007fff7a092000 	/usr/lib/libate.dylib
0x00007fff65aa0000 	/System/Library/PrivateFrameworks/CrashReporterSupport.framework/Versions/A/CrashReporterSupport
0x00007fff752b2000 	/System/Library/PrivateFrameworks/Sharing.framework/Versions/A/Sharing
0x00007fff61ab5000 	/System/Library/PrivateFrameworks/AuthKit.framework/Versions/A/AuthKit
0x00007fff61008000 	/System/Library/PrivateFrameworks/Apple80211.framework/Versions/A/Apple80211
0x00007fff65848000 	/System/Library/PrivateFrameworks/CoreUtils.framework/Versions/A/CoreUtils
0x00007fff52dc1000 	/System/Library/Frameworks/CoreWLAN.framework/Versions/A/CoreWLAN
0x00007fff537bf000 	/System/Library/Frameworks/IOBluetooth.framework/Versions/A/IOBluetooth
0x00007fff73726000 	/System/Library/PrivateFrameworks/ProtocolBuffer.framework/Versions/A/ProtocolBuffer
0x00007fff6fb24000 	/System/Library/PrivateFrameworks/MobileKeyBag.framework/Versions/A/MobileKeyBag
0x00007fff6508c000 	/System/Library/PrivateFrameworks/CorePhoneNumbers.framework/Versions/A/CorePhoneNumbers
0x00007fff61267000 	/System/Library/PrivateFrameworks/AppleIDAuthSupport.framework/Versions/A/AppleIDAuthSupport
0x00007fff6ea57000 	/System/Library/PrivateFrameworks/KeychainCircle.framework/Versions/A/KeychainCircle
0x00007fff738dc000 	/System/Library/PrivateFrameworks/ROCKit.framework/Versions/A/ROCKit
0x00007fff65a3c000 	/System/Library/PrivateFrameworks/CoreWiFi.framework/Versions/A/CoreWiFi
0x00007fff50b49000 	/System/Library/Frameworks/CoreBluetooth.framework/Versions/A/CoreBluetooth
0x00007fff65c97000 	/System/Library/PrivateFrameworks/DebugSymbols.framework/Versions/A/DebugSymbols
0x00007fff65608000 	/System/Library/PrivateFrameworks/CoreSymbolication.framework/Versions/A/CoreSymbolication
0x00007fff77395000 	/System/Library/PrivateFrameworks/Symbolication.framework/Versions/A/Symbolication
0x00007fff76c38000 	/System/Library/PrivateFrameworks/SpeechRecognitionCore.framework/Versions/A/SpeechRecognitionCore
0x0000000101457000 	/Users/lynxbagel/.vscode/extensions/redhat.java-1.27.0-darwin-x64/jre/17.0.10-macosx-x86_64/lib/server/libjvm.dylib
0x00000001025ba000 	/Users/lynxbagel/.vscode/extensions/redhat.java-1.27.0-darwin-x64/jre/17.0.10-macosx-x86_64/lib/libjimage.dylib
0x00000001025cc000 	/Users/lynxbagel/.vscode/extensions/redhat.java-1.27.0-darwin-x64/jre/17.0.10-macosx-x86_64/lib/libinstrument.dylib
0x00000001059e0000 	/Users/lynxbagel/.vscode/extensions/redhat.java-1.27.0-darwin-x64/jre/17.0.10-macosx-x86_64/lib/./libjava.dylib
0x00000001082ac000 	/Users/lynxbagel/.vscode/extensions/redhat.java-1.27.0-darwin-x64/jre/17.0.10-macosx-x86_64/lib/./libzip.dylib
0x00000001092f9000 	/Users/lynxbagel/.vscode/extensions/redhat.java-1.27.0-darwin-x64/jre/17.0.10-macosx-x86_64/lib/libnio.dylib
0x0000000109315000 	/Users/lynxbagel/.vscode/extensions/redhat.java-1.27.0-darwin-x64/jre/17.0.10-macosx-x86_64/lib/./libnet.dylib
0x00000001093bd000 	/Users/lynxbagel/.vscode/extensions/redhat.java-1.27.0-darwin-x64/jre/17.0.10-macosx-x86_64/lib/libverify.dylib
0x00000001092c0000 	/Users/lynxbagel/Library/Application Support/Code/User/globalStorage/redhat.java/1.27.0/config_mac/org.eclipse.equinox.launcher/org.eclipse.equinox.launcher.cocoa.macosx.x86_64_1.2.900.v20240129-1338/eclipse_11900.so


VM Arguments:
jvm_args: --add-modules=ALL-SYSTEM --add-opens=java.base/java.util=ALL-UNNAMED --add-opens=java.base/java.lang=ALL-UNNAMED --add-opens=java.base/sun.nio.fs=ALL-UNNAMED -Declipse.application=org.eclipse.jdt.ls.core.id1 -Dosgi.bundles.defaultStartLevel=4 -Declipse.product=org.eclipse.jdt.ls.core.product -Djava.import.generatesMetadataFilesAtProjectRoot=false -DDetectVMInstallationsJob.disabled=true -Dfile.encoding=utf8 -XX:+UseParallelGC -XX:GCTimeRatio=4 -XX:AdaptiveSizePolicyWeight=90 -Dsun.zip.disableMemoryMapping=true -Xmx1G -Xms100m -Xlog:disable -javaagent:/Users/lynxbagel/.vscode/extensions/redhat.java-1.27.0-darwin-x64/lombok/lombok-1.18.31.jar -XX:+HeapDumpOnOutOfMemoryError -XX:HeapDumpPath=/Users/lynxbagel/Library/Application Support/Code/User/workspaceStorage/cba970f3cd11d1122543192a7190957f/redhat.java -Daether.dependencyCollector.impl=bf 
java_command: /Users/lynxbagel/.vscode/extensions/redhat.java-1.27.0-darwin-x64/server/plugins/org.eclipse.equinox.launcher_1.6.700.v20231214-2017.jar -configuration /Users/lynxbagel/Library/Application Support/Code/User/globalStorage/redhat.java/1.27.0/config_mac -data /Users/lynxbagel/Library/Application Support/Code/User/workspaceStorage/cba970f3cd11d1122543192a7190957f/redhat.java/jdt_ws --stdio
java_class_path (initial): /Users/lynxbagel/.vscode/extensions/redhat.java-1.27.0-darwin-x64/server/plugins/org.eclipse.equinox.launcher_1.6.700.v20231214-2017.jar
Launcher Type: SUN_STANDARD

[Global flags]
    uintx AdaptiveSizePolicyWeight                 = 90                                        {product} {command line}
     intx CICompilerCount                          = 3                                         {product} {ergonomic}
    uintx GCTimeRatio                              = 4                                         {product} {command line}
     bool HeapDumpOnOutOfMemoryError               = true                                   {manageable} {command line}
    ccstr HeapDumpPath                             = /Users/lynxbagel/Library/Application Support/Code/User/workspaceStorage/cba970f3cd11d1122543192a7190957f/redhat.java         {manageable} {command line}
   size_t InitialHeapSize                          = 104857600                                 {product} {command line}
   size_t MaxHeapSize                              = 1073741824                                {product} {command line}
   size_t MaxNewSize                               = 357564416                                 {product} {ergonomic}
   size_t MinHeapDeltaBytes                        = 524288                                    {product} {ergonomic}
   size_t MinHeapSize                              = 104857600                                 {product} {command line}
   size_t NewSize                                  = 34603008                                  {product} {ergonomic}
    uintx NonNMethodCodeHeapSize                   = 5832780                                {pd product} {ergonomic}
    uintx NonProfiledCodeHeapSize                  = 122912730                              {pd product} {ergonomic}
   size_t OldSize                                  = 70254592                                  {product} {ergonomic}
    uintx ProfiledCodeHeapSize                     = 122912730                              {pd product} {ergonomic}
    uintx ReservedCodeCacheSize                    = 251658240                              {pd product} {ergonomic}
     bool SegmentedCodeCache                       = true                                      {product} {ergonomic}
   size_t SoftMaxHeapSize                          = 1073741824                             {manageable} {ergonomic}
     bool UseCompressedClassPointers               = true                           {product lp64_product} {ergonomic}
     bool UseCompressedOops                        = true                           {product lp64_product} {ergonomic}
     bool UseNUMA                                  = false                                     {product} {ergonomic}
     bool UseNUMAInterleaving                      = false                                     {product} {ergonomic}
     bool UseParallelGC                            = true                                      {product} {command line}

Logging:
Log output configuration:
 #0: stdout all=off uptime,level,tags
 #1: stderr all=off uptime,level,tags

Environment Variables:
PATH=/Library/Frameworks/Python.framework/Versions/3.11/bin:/usr/local/bin:/usr/bin:/bin:/usr/sbin:/sbin
SHELL=/bin/bash
TMPDIR=/var/folders/nk/7kyf6njj005dl_xkvwf22fvr0000gn/T/

Active Locale:
LC_ALL=C
LC_COLLATE=C
LC_CTYPE=C
LC_MESSAGES=C
LC_MONETARY=C
LC_NUMERIC=C
LC_TIME=C

Signal Handlers:
   SIGSEGV: crash_handler in libjvm.dylib, mask=11100110000111110111111111111111, flags=SA_RESTART|SA_SIGINFO, unblocked
    SIGBUS: crash_handler in libjvm.dylib, mask=11100110000111110111111111111111, flags=SA_RESTART|SA_SIGINFO, unblocked
    SIGFPE: crash_handler in libjvm.dylib, mask=11100110000111110111111111111111, flags=SA_RESTART|SA_SIGINFO, unblocked
   SIGPIPE: javaSignalHandler in libjvm.dylib, mask=11100110000111110111111111111111, flags=SA_RESTART|SA_SIGINFO, blocked
   SIGXFSZ: javaSignalHandler in libjvm.dylib, mask=11100110000111110111111111111111, flags=SA_RESTART|SA_SIGINFO, blocked
    SIGILL: crash_handler in libjvm.dylib, mask=11100110000111110111111111111111, flags=SA_RESTART|SA_SIGINFO, unblocked
   SIGUSR2: SR_handler in libjvm.dylib, mask=00000000000000000000000000000000, flags=SA_RESTART|SA_SIGINFO, blocked
    SIGHUP: UserHandler in libjvm.dylib, mask=11100110000111110111111111111111, flags=SA_RESTART|SA_SIGINFO, blocked
    SIGINT: UserHandler in libjvm.dylib, mask=11100110000111110111111111111111, flags=SA_RESTART|SA_SIGINFO, blocked
   SIGTERM: UserHandler in libjvm.dylib, mask=11100110000111110111111111111111, flags=SA_RESTART|SA_SIGINFO, blocked
   SIGQUIT: UserHandler in libjvm.dylib, mask=11100110000111110111111111111111, flags=SA_RESTART|SA_SIGINFO, blocked
   SIGTRAP: crash_handler in libjvm.dylib, mask=11100110000111110111111111111111, flags=SA_RESTART|SA_SIGINFO, unblocked


Periodic native trim disabled


---------------  S Y S T E M  ---------------

OS:
uname: Darwin 18.7.0 Darwin Kernel Version 18.7.0: Tue Jun 22 19:37:08 PDT 2021; root:xnu-4903.278.70~1/RELEASE_X86_64 x86_64
OS uptime: 422 days 4:14 hours
rlimit (soft/hard): STACK 8192k/65532k , CORE 0k/infinity , NPROC 709/1064 , NOFILE 10240/infinity , AS infinity/infinity , CPU infinity/infinity , DATA infinity/infinity , FSIZE infinity/infinity , MEMLOCK infinity/infinity , RSS infinity/infinity
load average: 21.79 17.48 11.21

CPU: total 4 (initial active 4) (2 cores per cpu, 2 threads per core) family 6 model 61 stepping 4 microcode 0x2f, cx8, cmov, fxsr, ht, mmx, 3dnowpref, sse, sse2, sse3, ssse3, sse4.1, sse4.2, popcnt, lzcnt, tsc, tscinvbit, avx, avx2, aes, erms, clmul, bmi1, bmi2, rtm, adx, fma, vzeroupper, clflush
machdep.cpu.brand_string:Intel(R) Core(TM) i5-5350U CPU @ 1.80GHz
hw.cpufrequency:1800000000
hw.cpufrequency_min:1800000000
hw.cpufrequency_max:1800000000
hw.cachelinesize:64
hw.l1icachesize:32768
hw.l1dcachesize:32768
hw.l2cachesize:262144
hw.l3cachesize:3145728

Memory: 4k page, physical 8388608k(25656k free), swap 3145728k(1605632k free)

vm_info: OpenJDK 64-Bit Server VM (17.0.10+7) for bsd-amd64 JRE (17.0.10+7), built on Jan 16 2024 00:00:00 by "admin" with clang Apple LLVM 15.0.0 (clang-1500.0.40.1)

END.
